forward output [0.5015304036268025, 0.4984695963731976]
{
  "version": "1.0",
  "entries": [
    {
      "event": "init",
      "seed": 1337,
      "previous_hash": "",
      "stamp": {
        "ts_ns": 2105610762172,
        "seq": 1
      },
      "crypto_hash": "dd8e0b902bf792cc028012018d64a52456de922089bb4f9c164e205a2236f6a1"
    },
    {
      "event": "forward",
      "input": [
        0.5,
        -0.2,
        0.1,
        0.0
      ],
      "hidden": [
        -0.03777510651561082,
        0.0017858442430013777,
        0.05265585881127077
      ],
      "hidden_relu": [
        0.0,
        0.0017858442430013777,
        0.05265585881127077
      ],
      "output": [
        0.5015304036268025,
        0.4984695963731976
      ],
      "parameters": [
        [
          [
            -0.09117532932976628,
            -0.08322834003509738,
            -0.08833109857747158,
            0.09912180893337819
          ],
          [
            0.09424983732594855,
            0.16095002404943456,
            -0.1314906961008598,
            0.11784019660917443
          ],
          [
            0.07558561953019342,
            -0.04049206922513626,
            0.06764635201146806,
            -0.0032978711206779216
          ]
        ],
        [
          0.0,
          0.0,
          0.0
        ],
        [
          [
            -0.12254397174863195,
            -0.1834689648526512,
            0.14332064947940262
          ],
          [
            0.11748976437606458,
            -0.02956973583039286,
            0.021843689066302893
          ]
        ],
        [
          0.0,
          0.0
        ]
      ],
      "previous_hash": "dd8e0b902bf792cc028012018d64a52456de922089bb4f9c164e205a2236f6a1",
      "stamp": {
        "ts_ns": 2105611016437,
        "seq": 2
      },
      "crypto_hash": "cb074a6ff9a08c3991310ab72bcb4cfc503a3f3886ccbdcd08a9e87d3a0b4d67"
    }
  ],
  "signature": "63e5f1edd95b5046cd5b513dda954c5f43b3526ab9f4da95d4f5060119a119f0"
}
