Executing Thiele Machine program: the_universe_as_a_thiele_machine.thm...
Loading axioms and verifying consistency...
Thiele Machine VM starting execution...
Program has 7 instructions
Output directory: /workspace/The-Thiele-Machine/demos/universe_demo/output

Step   1: PNEW {1,2,3,4,5}
Step   3: LASSERT /workspace/The-Thiele-Machine/demos/universe_demo/e_mc2.smt2
LASSERT: Checking satisfiability for module 2...
LASSERT: Formula has 63 tokens
LASSERT: Running Z3 satisfiability check...
LASSERT: Check started at 1760687387.03
LASSERT: Checking....LASSERT: Check complete in 0.02s                    
LASSERT: Formula is satisfiable
Step   5: LASSERT /workspace/The-Thiele-Machine/demos/universe_demo/gravity.smt2
LASSERT: Checking satisfiability for module 2...
LASSERT: Formula has 138 tokens
LASSERT: Running Z3 satisfiability check...
LASSERT: Check started at 1760687387.05
LASSERT: Checking....LASSERT: Check complete in 0.00s                    
LASSERT: Formula is satisfiable
Step   7: LASSERT /workspace/The-Thiele-Machine/demos/universe_demo/quantum_mechanics.smt2
LASSERT: Checking satisfiability for module 2...
LASSERT: Formula has 208 tokens
LASSERT: Running Z3 satisfiability check...
LASSERT: Check started at 1760687387.06
LASSERT: Checking....LASSERT: Check complete in 0.00s                    
LASSERT: Formula is satisfiable
Step   9: LASSERT /workspace/The-Thiele-Machine/demos/universe_demo/thermodynamics.smt2
LASSERT: Checking satisfiability for module 2...
LASSERT: Formula has 255 tokens
LASSERT: Running Z3 satisfiability check...
LASSERT: Check started at 1760687387.06
LASSERT: Checking....LASSERT: Check complete in 0.00s                    
LASSERT: Formula is satisfiable
Step  11: LASSERT /workspace/The-Thiele-Machine/demos/universe_demo/consciousness_axiom.smt2
LASSERT: Checking satisfiability for module 2...
LASSERT: Formula has 343 tokens
LASSERT: Running Z3 satisfiability check...
LASSERT: Check started at 1760687387.07
LASSERT: Checking....LASSERT: Check complete in 0.00s                    
LASSERT: Formula is satisfiable
Step  13: EMIT The Nature of Reality is Verified.
Certificate: SAT (written to /workspace/The-Thiele-Machine/demos/universe_demo/output/certificate.witness)

*** CONSISTENT THEORY ***
The axiom system is logically possible.
This demonstrates compatibility in the toy model.

Full receipts: /workspace/The-Thiele-Machine/demos/universe_demo/output/
mu_ledger.json: Computational costs
summary.json: Final state
trace.log: Execution steps
certificate.witness: The verdict (SAT or UNSAT)
