========================================================================
Thiele Machine Graph Colouring Demonstration Suite
------------------------------------------------------------------------
Graph: triadic_cascade (9 nodes, 15 edges)
Act I: candidates=3,786 μ-cost=0.0 solution={'0': 'RED', '1': 'GREEN', '2': 'BLUE', '3': 'RED', '4': 'GREEN', '5': 'BLUE', '6': 'RED', '7': 'GREEN', '8': 'BLUE'}
Act II: candidates=18 μ-cost=0.0 solution={'0': 'RED', '1': 'GREEN', '2': 'BLUE', '3': 'RED', '4': 'GREEN', '5': 'BLUE', '6': 'RED', '7': 'GREEN', '8': 'BLUE'}
Act III: candidates=0 μ-cost=1302.3 solution={'0': 'RED', '1': 'GREEN', '2': 'BLUE', '3': 'RED', '4': 'GREEN', '5': 'BLUE', '6': 'RED', '7': 'GREEN', '8': 'BLUE'}
------------------------------------------------------------------------
Graph: cascade_5 (15 nodes, 27 edges)
Act I: candidates=0 μ-cost=0.0 solution={}
Act II: candidates=30 μ-cost=0.0 solution={'0': 'RED', '1': 'GREEN', '2': 'BLUE', '3': 'RED', '4': 'GREEN', '5': 'BLUE', '6': 'RED', '7': 'GREEN', '8': 'BLUE', '9': 'RED', '10': 'GREEN', '11': 'BLUE', '12': 'RED', '13': 'GREEN', '14': 'BLUE'}
Act III: candidates=0 μ-cost=2167.8 solution={'0': 'RED', '1': 'GREEN', '2': 'BLUE', '3': 'RED', '4': 'GREEN', '5': 'BLUE', '6': 'RED', '7': 'GREEN', '8': 'BLUE', '9': 'RED', '10': 'GREEN', '11': 'BLUE', '12': 'RED', '13': 'GREEN', '14': 'BLUE'}
------------------------------------------------------------------------
Graph: cascade_7 (21 nodes, 39 edges)
Act I: candidates=0 μ-cost=0.0 solution={}
Act II: candidates=42 μ-cost=0.0 solution={'0': 'RED', '1': 'GREEN', '2': 'BLUE', '3': 'RED', '4': 'GREEN', '5': 'BLUE', '6': 'RED', '7': 'GREEN', '8': 'BLUE', '9': 'RED', '10': 'GREEN', '11': 'BLUE', '12': 'RED', '13': 'GREEN', '14': 'BLUE', '15': 'RED', '16': 'GREEN', '17': 'BLUE', '18': 'RED', '19': 'GREEN', '20': 'BLUE'}
Act III: candidates=0 μ-cost=3041.3 solution={'0': 'RED', '1': 'GREEN', '2': 'BLUE', '3': 'RED', '4': 'GREEN', '5': 'BLUE', '6': 'RED', '7': 'GREEN', '8': 'BLUE', '9': 'RED', '10': 'GREEN', '11': 'BLUE', '12': 'RED', '13': 'GREEN', '14': 'BLUE', '15': 'RED', '16': 'GREEN', '17': 'BLUE', '18': 'RED', '19': 'GREEN', '20': 'BLUE'}
------------------------------------------------------------------------
Graph: cascade_10 (30 nodes, 57 edges)
Act I: candidates=0 μ-cost=0.0 solution={}
Act II: candidates=60 μ-cost=0.0 solution={'0': 'RED', '1': 'GREEN', '2': 'BLUE', '3': 'RED', '4': 'GREEN', '5': 'BLUE', '6': 'RED', '7': 'GREEN', '8': 'BLUE', '9': 'RED', '10': 'GREEN', '11': 'BLUE', '12': 'RED', '13': 'GREEN', '14': 'BLUE', '15': 'RED', '16': 'GREEN', '17': 'BLUE', '18': 'RED', '19': 'GREEN', '20': 'BLUE', '21': 'RED', '22': 'GREEN', '23': 'BLUE', '24': 'RED', '25': 'GREEN', '26': 'BLUE', '27': 'RED', '28': 'GREEN', '29': 'BLUE'}
Act III: candidates=0 μ-cost=4351.5 solution={'0': 'RED', '1': 'GREEN', '2': 'BLUE', '3': 'RED', '4': 'GREEN', '5': 'BLUE', '6': 'RED', '7': 'GREEN', '8': 'BLUE', '9': 'RED', '10': 'GREEN', '11': 'BLUE', '12': 'RED', '13': 'GREEN', '14': 'BLUE', '15': 'RED', '16': 'GREEN', '17': 'BLUE', '18': 'RED', '19': 'GREEN', '20': 'BLUE', '21': 'RED', '22': 'GREEN', '23': 'BLUE', '24': 'RED', '25': 'GREEN', '26': 'BLUE', '27': 'RED', '28': 'GREEN', '29': 'BLUE'}
========================================================================
Scaling summary:
  triadic_cascade: nodes=9 Act II=18 Act III=0 μ-cost=1302.3
  cascade_5: nodes=15 Act II=30 Act III=0 μ-cost=2167.8
  cascade_7: nodes=21 Act II=42 Act III=0 μ-cost=3041.3
  cascade_10: nodes=30 Act II=60 Act III=0 μ-cost=4351.5
Receipts stored in /workspace/The-Thiele-Machine/graph_demo_output
Scaling data: graph_demo_output/scaling_summary.json
Scaling plot: graph_demo_output/scaling_plot.png
