Starting Thiele Machine Verification
==================================================
[OK] Specification file found: /workspace/The-Thiele-Machine/spec/THIELE-SPEC-v1.0.md
[OK] Golden receipt valid: horn_small.json
[OK] Golden receipt valid: tseitin_small.json
[OK] Golden receipt valid: xor_small_orderA.json
[OK] Golden receipt valid: xor_small_orderB.json
[OK] Golden receipt valid: xor_small.json
[OK] Coq compiler available: The Coq Proof Assistant, version 8.18.0
[CHECK] Compiling thielemachine/coqproofs/ThieleMachineConcrete.v...
[OK] Coq compilation successful for thielemachine/coqproofs/ThieleMachineConcrete.v (1.60s)
[CHECK] Compiling thielemachine/coqproofs/Separation.v...
[OK] Coq compilation successful for thielemachine/coqproofs/Separation.v (3.06s)
[OK] Hardware synthesis report found
[OK] Hardware test report found
[OK] Hardware Verilog file found: thiele_cpu.v
[OK] Hardware Verilog file found: mmu.v
[OK] Hardware Verilog file found: lei.v
[OK] Hardware Verilog file found: mau.v
[OK] Hardware Verilog file found: pee.v
[OK] Software VM implementation found
[OK] Software VM imports successfully
==================================================
[OK] VERIFICATION COMPLETE: All checks passed!
[FILE] Results saved to: /workspace/The-Thiele-Machine/outputs/verification_results.json
