Starting Thiele Machine Verification
==================================================
[OK] Specification file found: /workspace/The-Thiele-Machine/spec/THIELE-SPEC-v1.0.md
[OK] Golden receipt valid: horn_small.json
[OK] Golden receipt valid: tseitin_small.json
[OK] Golden receipt valid: xor_small_orderA.json
[OK] Golden receipt valid: xor_small_orderB.json
[OK] Golden receipt valid: xor_small.json
[FAIL] Error during Coq verification: [Errno 2] No such file or directory: 'C:\\Coq-Platform~8.20~2025.01\\bin\\coqc.exe'
[OK] Hardware synthesis report found
[OK] Hardware test report found
[OK] Hardware Verilog file found: thiele_cpu.v
[OK] Hardware Verilog file found: mmu.v
[OK] Hardware Verilog file found: lei.v
[OK] Hardware Verilog file found: mau.v
[OK] Hardware Verilog file found: pee.v
[OK] Software VM implementation found
[OK] Software VM imports successfully
==================================================
[FAIL] VERIFICATION FAILED: Some checks failed!
[FILE] Results saved to: /workspace/The-Thiele-Machine/outputs/verification_results.json
