\BOOKMARK [1][-]{section.1}{\376\377\000I\000n\000t\000r\000o\000d\000u\000c\000t\000i\000o\000n}{}% 1
\BOOKMARK [1][-]{section.2}{\376\377\000T\000h\000e\000\040\000T\000u\000p\000l\000e\000:\000\040\000F\000o\000r\000m\000a\000l\000\040\000D\000e\000f\000i\000n\000i\000t\000i\000o\000n\000\040\000o\000f\000\040\000t\000h\000e\000\040\000T\000h\000i\000e\000l\000e\000\040\000M\000a\000c\000h\000i\000n\000e}{}% 2
\BOOKMARK [2][-]{subsection.2.1}{\376\377\000O\000r\000a\000c\000l\000e\000\040\000I\000n\000t\000e\000r\000f\000a\000c\000e}{section.2}% 3
\BOOKMARK [1][-]{section.3}{\376\377\000W\000o\000r\000k\000e\000d\000\040\000E\000x\000a\000m\000p\000l\000e\000:\000\040\000T\000h\000e\000\040\000X\000O\000R\000\040\000E\000x\000e\000c\000u\000t\000i\000o\000n\040\024\000R\000e\000c\000e\000i\000p\000t\000s\000\040\000o\000r\000\040\000B\000u\000s\000t}{}% 4
\BOOKMARK [2][-]{subsection.3.1}{\376\377\000A\000d\000d\000i\000t\000i\000o\000n\000a\000l\000\040\000w\000o\000r\000k\000e\000d\000\040\000t\000r\000a\000c\000e\000s\000\040\000a\000n\000d\000\040\000c\000a\000n\000o\000n\000i\000c\000a\000l\000\040\000r\000e\000c\000e\000i\000p\000t\000\040\000J\000S\000O\000N}{section.3}% 5
\BOOKMARK [1][-]{section.4}{\376\377\000P\000a\000r\000t\000i\000t\000i\000o\000n\000\040\000L\000o\000g\000i\000c\000:\000\040\000T\000h\000e\000\040\000G\000e\000o\000m\000e\000t\000r\000y\000\040\000o\000f\000\040\000C\000o\000m\000p\000u\000t\000a\000t\000i\000o\000n}{}% 6
\BOOKMARK [2][-]{subsection.4.1}{\376\377\000F\000o\000r\000m\000a\000l\000\040\000d\000e\000f\000i\000n\000i\000t\000i\000o\000n\000s}{section.4}% 7
\BOOKMARK [2][-]{subsection.4.2}{\376\377\000L\000o\000c\000a\000l\000\040\000r\000e\000a\000s\000o\000n\000i\000n\000g\000\040\000a\000n\000d\000\040\000c\000o\000m\000p\000o\000s\000i\000t\000i\000o\000n}{section.4}% 8
\BOOKMARK [2][-]{subsection.4.3}{\376\377\000S\000p\000e\000e\000d\000u\000p\000s\000\040\000a\000n\000d\000\040\000a\000\040\000f\000o\000r\000m\000a\000l\000\040\000l\000e\000m\000m\000a}{section.4}% 9
\BOOKMARK [2][-]{subsection.4.4}{\376\377\000R\000e\000f\000i\000n\000e\000m\000e\000n\000t\000\040\000s\000t\000r\000a\000t\000e\000g\000y\000\040\000a\000n\000d\000\040\000r\000u\000l\000e\000s}{section.4}% 10
\BOOKMARK [2][-]{subsection.4.5}{\376\377\000P\000r\000a\000c\000t\000i\000c\000a\000l\000\040\000m\000o\000d\000u\000l\000e\000\040\000i\000n\000t\000e\000r\000f\000a\000c\000e\000s}{section.4}% 11
\BOOKMARK [2][-]{subsection.4.6}{\376\377\000W\000h\000y\000\040\000p\000a\000r\000t\000i\000t\000i\000o\000n\000\040\000l\000o\000g\000i\000c\000\040\000w\000i\000n\000s\000\040\040\024\000\040\000b\000l\000u\000n\000t\000\040\000s\000u\000m\000m\000a\000r\000y}{section.4}% 12
\BOOKMARK [1][-]{section.5}{\376\377\000C\000o\000m\000p\000a\000r\000i\000s\000o\000n\000\040\000t\000o\000\040\000C\000l\000a\000s\000s\000i\000c\000a\000l\000\040\000M\000o\000d\000e\000l\000s\000:\000\040\000W\000h\000e\000r\000e\000\040\000t\000h\000e\000\040\000T\000r\000e\000a\000d\000m\000i\000l\000l\000\040\000F\000a\000i\000l\000s}{}% 13
\BOOKMARK [1][-]{section.6}{\376\377\000C\000e\000r\000t\000i\000f\000i\000c\000a\000t\000e\000-\000D\000r\000i\000v\000e\000n\000\040\000C\000o\000m\000p\000u\000t\000a\000t\000i\000o\000n}{}% 14
\BOOKMARK [2][-]{subsection.6.1}{\376\377\000H\000o\000w\000\040\000C\000e\000r\000t\000i\000f\000i\000c\000a\000t\000e\000s\000\040\000W\000o\000r\000k\000\040\040\024\000\040\000e\000x\000a\000c\000t\000,\000\040\000a\000u\000d\000i\000t\000a\000b\000l\000e\000,\000\040\000r\000e\000p\000e\000a\000t\000a\000b\000l\000e}{section.6}% 15
\BOOKMARK [2][-]{subsection.6.2}{\376\377\000P\000r\000a\000c\000t\000i\000c\000a\000l\000\040\000s\000t\000o\000r\000a\000g\000e\000\040\000a\000n\000d\000\040\000r\000e\000p\000r\000o\000d\000u\000c\000i\000b\000i\000l\000i\000t\000y}{section.6}% 16
\BOOKMARK [2][-]{subsection.6.3}{\376\377\000C\000e\000r\000t\000i\000f\000i\000c\000a\000t\000e\000\040\000c\000o\000m\000p\000o\000s\000i\000t\000i\000o\000n\000\040\000a\000n\000d\000\040\000v\000e\000r\000i\000f\000i\000c\000a\000t\000i\000o\000n}{section.6}% 17
\BOOKMARK [2][-]{subsection.6.4}{\376\377\000L\000i\000g\000h\000t\000w\000e\000i\000g\000h\000t\000\040\000e\000x\000a\000m\000p\000l\000e}{section.6}% 18
\BOOKMARK [1][-]{section.7}{\376\377\000T\000h\000e\000\040\000L\000a\000w\000\040\000o\000f\000\040\000N\000o\000\040\000U\000n\000p\000a\000i\000d\000\040\000S\000i\000g\000h\000t\000\040\000D\000e\000b\000t\000\040\000\050\000N\000U\000S\000D\000\051}{}% 19
\BOOKMARK [1][-]{section.8}{\376\377\000-\000b\000i\000t\000s\000\040\000a\000n\000d\000\040\000M\000i\000n\000i\000m\000u\000m\000\040\000D\000e\000s\000c\000r\000i\000p\000t\000i\000o\000n\000\040\000L\000e\000n\000g\000t\000h\000\040\000\050\000M\000D\000L\000\051}{}% 20
\BOOKMARK [1][-]{section.9}{\376\377\000O\000r\000d\000e\000r\000-\000I\000n\000v\000a\000r\000i\000a\000n\000c\000e\000\040\000a\000n\000d\000\040\000C\000o\000m\000p\000o\000s\000i\000t\000e\000\040\000W\000i\000t\000n\000e\000s\000s\000e\000s}{}% 21
\BOOKMARK [1][-]{section.10}{\376\377\000E\000m\000p\000i\000r\000i\000c\000a\000l\000\040\000E\000x\000p\000e\000r\000i\000m\000e\000n\000t\000s\000\040\000a\000n\000d\000\040\000R\000e\000s\000u\000l\000t\000s}{}% 22
\BOOKMARK [2][-]{subsection.10.1}{\376\377\000B\000e\000n\000c\000h\000m\000a\000r\000k\000:\000\040\000T\000s\000e\000i\000t\000i\000n\000\040\000F\000o\000r\000m\000u\000l\000a\000s\000\040\000o\000n\000\040\000E\000x\000p\000a\000n\000d\000e\000r\000\040\000G\000r\000a\000p\000h\000s}{section.10}% 23
\BOOKMARK [2][-]{subsection.10.2}{\376\377\000R\000e\000p\000r\000o\000d\000u\000c\000i\000b\000l\000e\000\040\000E\000x\000p\000e\000r\000i\000m\000e\000n\000t\000\040\000a\000n\000d\000\040\000C\000a\000n\000o\000n\000i\000c\000a\000l\000\040\000R\000e\000c\000e\000i\000p\000t}{section.10}% 24
\BOOKMARK [2][-]{subsection.10.3}{\376\377\000R\000e\000s\000u\000l\000t\000s}{section.10}% 25
\BOOKMARK [1][-]{section.11}{\376\377\000P\000h\000i\000l\000o\000s\000o\000p\000h\000i\000c\000a\000l\000\040\000C\000o\000n\000t\000e\000x\000t\000\040\000a\000n\000d\000\040\000I\000m\000p\000l\000i\000c\000a\000t\000i\000o\000n\000s}{}% 26
\BOOKMARK [1][-]{section.12}{\376\377\000G\000l\000o\000s\000s\000a\000r\000y}{}% 27
\BOOKMARK [1][-]{section.13}{\376\377\000B\000a\000c\000k\000g\000r\000o\000u\000n\000d\000\040\000a\000n\000d\000\040\000R\000e\000l\000a\000t\000e\000d\000\040\000W\000o\000r\000k}{}% 28
\BOOKMARK [1][-]{section.14}{\376\377\000T\000h\000e\000\040\000T\000h\000i\000e\000l\000e\000\040\000M\000a\000c\000h\000i\000n\000e\000\040\000A\000r\000c\000h\000i\000t\000e\000c\000t\000u\000r\000e}{}% 29
\BOOKMARK [2][-]{subsection.14.1}{\376\377\000E\000n\000c\000o\000d\000i\000n\000g\000\040\000P\000r\000o\000g\000r\000a\000m\000s\000\040\000a\000n\000d\000\040\000A\000x\000i\000o\000m\000s}{section.14}% 30
\BOOKMARK [2][-]{subsection.14.2}{\376\377\000M\000e\000a\000s\000u\000r\000i\000n\000g\000\040\000C\000o\000s\000t}{section.14}% 31
\BOOKMARK [1][-]{section.15}{\376\377\000F\000o\000r\000m\000a\000l\000\040\000P\000r\000o\000o\000f\000s}{}% 32
\BOOKMARK [1][-]{section.16}{\376\377\000A\000p\000p\000l\000i\000c\000a\000t\000i\000o\000n\000s\000\040\000a\000n\000d\000\040\000I\000m\000p\000a\000c\000t\000:\000\040\000C\000a\000t\000N\000e\000t\000\040\000i\000n\000\040\000P\000r\000a\000c\000t\000i\000c\000e}{}% 33
\BOOKMARK [2][-]{subsection.16.1}{\376\377\000R\000e\000p\000r\000o\000d\000u\000c\000i\000b\000l\000e\000\040\000m\000i\000n\000i\000-\000e\000x\000p\000e\000r\000i\000m\000e\000n\000t}{section.16}% 34
\BOOKMARK [1][-]{section.17}{\376\377\000C\000o\000n\000c\000l\000u\000s\000i\000o\000n}{}% 35
\BOOKMARK [1][-]{section.18}{\376\377\000F\000u\000t\000u\000r\000e\000\040\000D\000i\000r\000e\000c\000t\000i\000o\000n\000s}{}% 36
\BOOKMARK [2][-]{subsection.18.1}{\376\377\000P\000r\000i\000m\000a\000r\000y\000\040\000e\000n\000g\000i\000n\000e\000e\000r\000i\000n\000g\000\040\000m\000i\000l\000e\000s\000t\000o\000n\000e\000:\000\040\000d\000i\000s\000c\000h\000a\000r\000g\000i\000n\000g\000\040\000t\000h\000e\000\040\000s\000a\000f\000e\000t\000y\000\040\000p\000r\000o\000o\000f}{section.18}% 37
\BOOKMARK [2][-]{subsection.18.2}{\376\377\000S\000e\000c\000o\000n\000d\000a\000r\000y\000\040\000r\000e\000s\000e\000a\000r\000c\000h\000\040\000a\000g\000e\000n\000d\000a}{section.18}% 38
\BOOKMARK [1][-]{appendix.A}{\376\377\000B\000e\000n\000c\000h\000m\000a\000r\000k\000\040\000D\000e\000s\000c\000r\000i\000p\000t\000i\000o\000n\000s}{}% 39
\BOOKMARK [1][-]{appendix.B}{\376\377\000C\000o\000q\000\040\000F\000o\000r\000m\000a\000l\000i\000z\000a\000t\000i\000o\000n\000\040\000H\000i\000g\000h\000l\000i\000g\000h\000t\000s}{}% 40
\BOOKMARK [1][-]{appendix.C}{\376\377\000E\000x\000t\000e\000n\000d\000e\000d\000\040\000C\000a\000t\000N\000e\000t\000\040\000P\000o\000l\000i\000c\000y\000\040\000E\000x\000a\000m\000p\000l\000e}{}% 41
\BOOKMARK [1][-]{appendix.D}{\376\377\000T\000h\000e\000\040\000I\000s\000o\000m\000o\000r\000p\000h\000i\000s\000m\000:\000\040\000A\000\040\000C\000o\000d\000a}{}% 42
