COQDEP VFILES
make kernel/Kernel.vo kernel/KernelTM.vo kernel/KernelThiele.vo kernel/VMState.vo kernel/VMStep.vo kernel/VMEncoding.vo kernel/SimulationProof.vo kernel/MuLedgerConservation.vo kernel/Subsumption.vo modular_proofs/CornerstoneThiele.vo modular_proofs/Encoding.vo modular_proofs/EncodingBounds.vo modular_proofs/Minsky.vo modular_proofs/Simulation.vo modular_proofs/TM_Basics.vo modular_proofs/Thiele_Basics.vo thielemachine/coqproofs/AmortizedAnalysis.vo thielemachine/coqproofs/Axioms.vo thielemachine/coqproofs/BellInequality.vo thielemachine/coqproofs/BellCheck.vo thielemachine/coqproofs/LawCheck.vo thielemachine/coqproofs/PhaseThree.vo thielemachine/coqproofs/Bisimulation.vo thielemachine/coqproofs/Confluence.vo thielemachine/coqproofs/EncodingBridge.vo thielemachine/coqproofs/ListHelpers.vo thielemachine/coqproofs/NUSD.vo thielemachine/coqproofs/PartitionLogic.vo thielemachine/coqproofs/QHelpers.vo thielemachine/coqproofs/Separation.vo thielemachine/coqproofs/SpecSound.vo thielemachine/coqproofs/StructuredInstances.vo thielemachine/coqproofs/HardwareBridge.vo thielemachine/coqproofs/ThieleProc.vo thielemachine/coqproofs/ThieleMachine.vo thielemachine/coqproofs/ThieleMachineConcrete.vo thielemachine/coqproofs/ThieleMachineConcretePack.vo thielemachine/coqproofs/ThieleMachineModular.vo thielemachine/coqproofs/ThieleMachineUniv.vo thielemachine/coqproofs/UTMStaticCheck.vo
make[1]: Entering directory '/workspace/The-Thiele-Machine/coq'
COQC kernel/Kernel.v
COQC kernel/KernelTM.v
COQC kernel/KernelThiele.v
COQC kernel/VMState.v
COQC kernel/VMStep.v
COQC kernel/VMEncoding.v
COQC kernel/SimulationProof.v
COQC kernel/MuLedgerConservation.v
COQC kernel/Subsumption.v
COQC modular_proofs/CornerstoneThiele.v
COQC modular_proofs/EncodingBounds.v
COQC modular_proofs/Encoding.v
make[1]: 'modular_proofs/EncodingBounds.vo' is up to date.
COQC modular_proofs/Minsky.v
COQC modular_proofs/TM_Basics.v
COQC modular_proofs/Thiele_Basics.v
COQC modular_proofs/Simulation.v
make[1]: 'modular_proofs/TM_Basics.vo' is up to date.
make[1]: 'modular_proofs/Thiele_Basics.vo' is up to date.
COQC thielemachine/coqproofs/AmortizedAnalysis.v
COQC thielemachine/coqproofs/EncodingBridge.v
COQC thielemachine/coqproofs/ThieleMachine.v
COQC ../archive/research/incomplete_subsumption_proof/thieleuniversal/coqproofs/TM.v
COQC ../archive/research/incomplete_subsumption_proof/thieleuniversal/coqproofs/UTM_Rules.v
COQC ../archive/research/incomplete_subsumption_proof/thieleuniversal/coqproofs/CPU.v
COQC ../archive/research/incomplete_subsumption_proof/thieleuniversal/coqproofs/UTM_Encode.v
COQC ../archive/research/incomplete_subsumption_proof/thieleuniversal/coqproofs/UTM_Program.v
COQC thielemachine/coqproofs/UTMStaticCheck.v
COQC thielemachine/coqproofs/Axioms.v
COQC thielemachine/coqproofs/ThieleMachineConcrete.v
COQC thielemachine/coqproofs/QHelpers.v
COQC thielemachine/coqproofs/BellInequality.v
COQC thielemachine/coqproofs/BellCheck.v
COQC thielemachine/coqproofs/LawCheck.v
COQC thielemachine/coqproofs/PhaseThree.v
COQC thielemachine/coqproofs/Bisimulation.v
COQC thielemachine/coqproofs/SpecSound.v
COQC thielemachine/coqproofs/Confluence.v
make[1]: 'thielemachine/coqproofs/EncodingBridge.vo' is up to date.
COQC thielemachine/coqproofs/ListHelpers.v
COQC thielemachine/coqproofs/NUSD.v
COQC thielemachine/coqproofs/PartitionLogic.v
make[1]: 'thielemachine/coqproofs/QHelpers.vo' is up to date.
COQC thielemachine/coqproofs/Separation.v
make[1]: 'thielemachine/coqproofs/SpecSound.vo' is up to date.
COQC thielemachine/coqproofs/StructuredInstances.v
COQC thielemachine/coqproofs/HardwareBridge.v
COQC thielemachine/coqproofs/ThieleProc.v
make[1]: 'thielemachine/coqproofs/ThieleMachine.vo' is up to date.
make[1]: 'thielemachine/coqproofs/ThieleMachineConcrete.vo' is up to date.
COQC thielemachine/coqproofs/ThieleMachineConcretePack.v
COQC thielemachine/coqproofs/ThieleMachineModular.v
COQC thielemachine/coqproofs/ThieleMachineUniv.v
make[1]: 'thielemachine/coqproofs/UTMStaticCheck.vo' is up to date.
make[1]: Leaving directory '/workspace/The-Thiele-Machine/coq'
