\BOOKMARK [0][-]{chapter*.1}{\376\377\000A\000b\000s\000t\000r\000a\000c\000t}{}% 1
\BOOKMARK [0][-]{chapter.1}{\376\377\000I\000n\000t\000r\000o\000d\000u\000c\000t\000i\000o\000n}{}% 2
\BOOKMARK [1][-]{section.1.1}{\376\377\000W\000h\000a\000t\000\040\000I\000s\000\040\000T\000h\000i\000s\000\040\000D\000o\000c\000u\000m\000e\000n\000t\000?}{chapter.1}% 3
\BOOKMARK [2][-]{subsection.1.1.1}{\376\377\000F\000o\000r\000\040\000t\000h\000e\000\040\000N\000e\000w\000c\000o\000m\000e\000r}{section.1.1}% 4
\BOOKMARK [2][-]{subsection.1.1.2}{\376\377\000W\000h\000a\000t\000\040\000M\000a\000k\000e\000s\000\040\000T\000h\000i\000s\000\040\000W\000o\000r\000k\000\040\000D\000i\000f\000f\000e\000r\000e\000n\000t}{section.1.1}% 5
\BOOKMARK [2][-]{subsection.1.1.3}{\376\377\000H\000o\000w\000\040\000t\000o\000\040\000R\000e\000a\000d\000\040\000T\000h\000i\000s\000\040\000D\000o\000c\000u\000m\000e\000n\000t}{section.1.1}% 6
\BOOKMARK [1][-]{section.1.2}{\376\377\000T\000h\000e\000\040\000C\000r\000i\000s\000i\000s\000\040\000o\000f\000\040\000B\000l\000i\000n\000d\000\040\000C\000o\000m\000p\000u\000t\000a\000t\000i\000o\000n}{chapter.1}% 7
\BOOKMARK [2][-]{subsection.1.2.1}{\376\377\000T\000h\000e\000\040\000T\000u\000r\000i\000n\000g\000\040\000M\000a\000c\000h\000i\000n\000e\000:\000\040\000A\000\040\000M\000o\000d\000e\000l\000\040\000o\000f\000\040\000B\000l\000i\000n\000d\000n\000e\000s\000s}{section.1.2}% 8
\BOOKMARK [2][-]{subsection.1.2.2}{\376\377\000T\000h\000e\000\040\000R\000A\000M\000\040\000M\000o\000d\000e\000l\000:\000\040\000R\000a\000n\000d\000o\000m\000\040\000A\000c\000c\000e\000s\000s\000,\000\040\000S\000a\000m\000e\000\040\000B\000l\000i\000n\000d\000n\000e\000s\000s}{section.1.2}% 9
\BOOKMARK [2][-]{subsection.1.2.3}{\376\377\000T\000h\000e\000\040\000T\000i\000m\000e\000\040\000T\000a\000x\000:\000\040\000T\000h\000e\000\040\000E\000x\000p\000o\000n\000e\000n\000t\000i\000a\000l\000\040\000P\000r\000i\000c\000e\000\040\000o\000f\000\040\000B\000l\000i\000n\000d\000n\000e\000s\000s}{section.1.2}% 10
\BOOKMARK [1][-]{section.1.3}{\376\377\000T\000h\000e\000\040\000T\000h\000i\000e\000l\000e\000\040\000M\000a\000c\000h\000i\000n\000e\000:\000\040\000C\000o\000m\000p\000u\000t\000a\000t\000i\000o\000n\000\040\000w\000i\000t\000h\000\040\000E\000x\000p\000l\000i\000c\000i\000t\000\040\000S\000t\000r\000u\000c\000t\000u\000r\000e}{chapter.1}% 11
\BOOKMARK [2][-]{subsection.1.3.1}{\376\377\000T\000h\000e\000\040\000C\000e\000n\000t\000r\000a\000l\000\040\000H\000y\000p\000o\000t\000h\000e\000s\000i\000s}{section.1.3}% 12
\BOOKMARK [2][-]{subsection.1.3.2}{\376\377\000T\000h\000e\000\040\000-\000b\000i\000t\000:\000\040\000A\000\040\000C\000u\000r\000r\000e\000n\000c\000y\000\040\000f\000o\000r\000\040\000S\000t\000r\000u\000c\000t\000u\000r\000e}{section.1.3}% 13
\BOOKMARK [2][-]{subsection.1.3.3}{\376\377\000T\000h\000e\000\040\000N\000o\000\040\000F\000r\000e\000e\000\040\000I\000n\000s\000i\000g\000h\000t\000\040\000T\000h\000e\000o\000r\000e\000m}{section.1.3}% 14
\BOOKMARK [1][-]{section.1.4}{\376\377\000M\000e\000t\000h\000o\000d\000o\000l\000o\000g\000y\000:\000\040\000T\000h\000e\000\040\0003\000-\000L\000a\000y\000e\000r\000\040\000I\000s\000o\000m\000o\000r\000p\000h\000i\000s\000m}{chapter.1}% 15
\BOOKMARK [2][-]{subsection.1.4.1}{\376\377\000L\000a\000y\000e\000r\000\040\0001\000:\000\040\000C\000o\000q\000\040\000\050\000T\000h\000e\000\040\000M\000a\000t\000h\000e\000m\000a\000t\000i\000c\000a\000l\000\040\000G\000r\000o\000u\000n\000d\000\040\000T\000r\000u\000t\000h\000\051}{section.1.4}% 16
\BOOKMARK [2][-]{subsection.1.4.2}{\376\377\000L\000a\000y\000e\000r\000\040\0002\000:\000\040\000P\000y\000t\000h\000o\000n\000\040\000V\000M\000\040\000\050\000T\000h\000e\000\040\000E\000x\000e\000c\000u\000t\000a\000b\000l\000e\000\040\000R\000e\000f\000e\000r\000e\000n\000c\000e\000\051}{section.1.4}% 17
\BOOKMARK [2][-]{subsection.1.4.3}{\376\377\000L\000a\000y\000e\000r\000\040\0003\000:\000\040\000V\000e\000r\000i\000l\000o\000g\000\040\000R\000T\000L\000\040\000\050\000T\000h\000e\000\040\000P\000h\000y\000s\000i\000c\000a\000l\000\040\000R\000e\000a\000l\000i\000z\000a\000t\000i\000o\000n\000\051}{section.1.4}% 18
\BOOKMARK [2][-]{subsection.1.4.4}{\376\377\000T\000h\000e\000\040\000I\000s\000o\000m\000o\000r\000p\000h\000i\000s\000m\000\040\000G\000u\000a\000r\000a\000n\000t\000e\000e}{section.1.4}% 19
\BOOKMARK [1][-]{section.1.5}{\376\377\000T\000h\000e\000s\000i\000s\000\040\000S\000t\000a\000t\000e\000m\000e\000n\000t}{chapter.1}% 20
\BOOKMARK [1][-]{section.1.6}{\376\377\000S\000u\000m\000m\000a\000r\000y\000\040\000o\000f\000\040\000C\000o\000n\000t\000r\000i\000b\000u\000t\000i\000o\000n\000s}{chapter.1}% 21
\BOOKMARK [1][-]{section.1.7}{\376\377\000T\000h\000e\000s\000i\000s\000\040\000O\000u\000t\000l\000i\000n\000e}{chapter.1}% 22
\BOOKMARK [0][-]{chapter.2}{\376\377\000B\000a\000c\000k\000g\000r\000o\000u\000n\000d\000\040\000a\000n\000d\000\040\000R\000e\000l\000a\000t\000e\000d\000\040\000W\000o\000r\000k}{}% 23
\BOOKMARK [1][-]{section.2.1}{\376\377\000W\000h\000y\000\040\000T\000h\000i\000s\000\040\000B\000a\000c\000k\000g\000r\000o\000u\000n\000d\000\040\000M\000a\000t\000t\000e\000r\000s}{chapter.2}% 24
\BOOKMARK [2][-]{subsection.2.1.1}{\376\377\000A\000\040\000F\000o\000u\000n\000d\000a\000t\000i\000o\000n\000\040\000f\000o\000r\000\040\000U\000n\000d\000e\000r\000s\000t\000a\000n\000d\000i\000n\000g}{section.2.1}% 25
\BOOKMARK [2][-]{subsection.2.1.2}{\376\377\000T\000h\000e\000\040\000C\000e\000n\000t\000r\000a\000l\000\040\000Q\000u\000e\000s\000t\000i\000o\000n}{section.2.1}% 26
\BOOKMARK [2][-]{subsection.2.1.3}{\376\377\000H\000o\000w\000\040\000t\000o\000\040\000R\000e\000a\000d\000\040\000T\000h\000i\000s\000\040\000C\000h\000a\000p\000t\000e\000r}{section.2.1}% 27
\BOOKMARK [1][-]{section.2.2}{\376\377\000C\000l\000a\000s\000s\000i\000c\000a\000l\000\040\000C\000o\000m\000p\000u\000t\000a\000t\000i\000o\000n\000a\000l\000\040\000M\000o\000d\000e\000l\000s}{chapter.2}% 28
\BOOKMARK [2][-]{subsection.2.2.1}{\376\377\000T\000h\000e\000\040\000T\000u\000r\000i\000n\000g\000\040\000M\000a\000c\000h\000i\000n\000e\000:\000\040\000F\000o\000r\000m\000a\000l\000\040\000D\000e\000f\000i\000n\000i\000t\000i\000o\000n}{section.2.2}% 29
\BOOKMARK [2][-]{subsection.2.2.2}{\376\377\000T\000h\000e\000\040\000R\000a\000n\000d\000o\000m\000\040\000A\000c\000c\000e\000s\000s\000\040\000M\000a\000c\000h\000i\000n\000e\000\040\000\050\000R\000A\000M\000\051}{section.2.2}% 30
\BOOKMARK [2][-]{subsection.2.2.3}{\376\377\000C\000o\000m\000p\000l\000e\000x\000i\000t\000y\000\040\000C\000l\000a\000s\000s\000e\000s\000\040\000a\000n\000d\000\040\000t\000h\000e\000\040\000P\000\040\000v\000s\000\040\000N\000P\000\040\000P\000r\000o\000b\000l\000e\000m}{section.2.2}% 31
\BOOKMARK [1][-]{section.2.3}{\376\377\000I\000n\000f\000o\000r\000m\000a\000t\000i\000o\000n\000\040\000T\000h\000e\000o\000r\000y\000\040\000a\000n\000d\000\040\000C\000o\000m\000p\000l\000e\000x\000i\000t\000y}{chapter.2}% 32
\BOOKMARK [2][-]{subsection.2.3.1}{\376\377\000S\000h\000a\000n\000n\000o\000n\000\040\000E\000n\000t\000r\000o\000p\000y}{section.2.3}% 33
\BOOKMARK [2][-]{subsection.2.3.2}{\376\377\000K\000o\000l\000m\000o\000g\000o\000r\000o\000v\000\040\000C\000o\000m\000p\000l\000e\000x\000i\000t\000y}{section.2.3}% 34
\BOOKMARK [2][-]{subsection.2.3.3}{\376\377\000M\000i\000n\000i\000m\000u\000m\000\040\000D\000e\000s\000c\000r\000i\000p\000t\000i\000o\000n\000\040\000L\000e\000n\000g\000t\000h\000\040\000\050\000M\000D\000L\000\051}{section.2.3}% 35
\BOOKMARK [1][-]{section.2.4}{\376\377\000T\000h\000e\000\040\000P\000h\000y\000s\000i\000c\000s\000\040\000o\000f\000\040\000C\000o\000m\000p\000u\000t\000a\000t\000i\000o\000n}{chapter.2}% 36
\BOOKMARK [2][-]{subsection.2.4.1}{\376\377\000L\000a\000n\000d\000a\000u\000e\000r\000'\000s\000\040\000P\000r\000i\000n\000c\000i\000p\000l\000e}{section.2.4}% 37
\BOOKMARK [2][-]{subsection.2.4.2}{\376\377\000M\000a\000x\000w\000e\000l\000l\000'\000s\000\040\000D\000e\000m\000o\000n\000\040\000a\000n\000d\000\040\000S\000z\000i\000l\000a\000r\000d\000'\000s\000\040\000E\000n\000g\000i\000n\000e}{section.2.4}% 38
\BOOKMARK [2][-]{subsection.2.4.3}{\376\377\000C\000o\000n\000n\000e\000c\000t\000i\000o\000n\000\040\000t\000o\000\040\000t\000h\000e\000\040\000T\000h\000i\000e\000l\000e\000\040\000M\000a\000c\000h\000i\000n\000e}{section.2.4}% 39
\BOOKMARK [1][-]{section.2.5}{\376\377\000Q\000u\000a\000n\000t\000u\000m\000\040\000C\000o\000m\000p\000u\000t\000i\000n\000g\000\040\000a\000n\000d\000\040\000C\000o\000r\000r\000e\000l\000a\000t\000i\000o\000n\000s}{chapter.2}% 40
\BOOKMARK [2][-]{subsection.2.5.1}{\376\377\000B\000e\000l\000l\000'\000s\000\040\000T\000h\000e\000o\000r\000e\000m\000\040\000a\000n\000d\000\040\000N\000o\000n\000-\000L\000o\000c\000a\000l\000i\000t\000y}{section.2.5}% 41
\BOOKMARK [2][-]{subsection.2.5.2}{\376\377\000T\000h\000e\000\040\000R\000e\000v\000e\000l\000a\000t\000i\000o\000n\000\040\000R\000e\000q\000u\000i\000r\000e\000m\000e\000n\000t}{section.2.5}% 42
\BOOKMARK [1][-]{section.2.6}{\376\377\000F\000o\000r\000m\000a\000l\000\040\000V\000e\000r\000i\000f\000i\000c\000a\000t\000i\000o\000n}{chapter.2}% 43
\BOOKMARK [2][-]{subsection.2.6.1}{\376\377\000T\000h\000e\000\040\000C\000o\000q\000\040\000P\000r\000o\000o\000f\000\040\000A\000s\000s\000i\000s\000t\000a\000n\000t}{section.2.6}% 44
\BOOKMARK [2][-]{subsection.2.6.2}{\376\377\000T\000h\000e\000\040\000I\000n\000q\000u\000i\000s\000i\000t\000o\000r\000\040\000S\000t\000a\000n\000d\000a\000r\000d}{section.2.6}% 45
\BOOKMARK [2][-]{subsection.2.6.3}{\376\377\000P\000r\000o\000o\000f\000-\000C\000a\000r\000r\000y\000i\000n\000g\000\040\000C\000o\000d\000e}{section.2.6}% 46
\BOOKMARK [1][-]{section.2.7}{\376\377\000R\000e\000l\000a\000t\000e\000d\000\040\000W\000o\000r\000k}{chapter.2}% 47
\BOOKMARK [2][-]{subsection.2.7.1}{\376\377\000A\000l\000g\000o\000r\000i\000t\000h\000m\000i\000c\000\040\000I\000n\000f\000o\000r\000m\000a\000t\000i\000o\000n\000\040\000T\000h\000e\000o\000r\000y}{section.2.7}% 48
\BOOKMARK [2][-]{subsection.2.7.2}{\376\377\000I\000n\000t\000e\000r\000a\000c\000t\000i\000v\000e\000\040\000P\000r\000o\000o\000f\000\040\000S\000y\000s\000t\000e\000m\000s}{section.2.7}% 49
\BOOKMARK [2][-]{subsection.2.7.3}{\376\377\000P\000a\000r\000t\000i\000t\000i\000o\000n\000\040\000R\000e\000f\000i\000n\000e\000m\000e\000n\000t\000\040\000A\000l\000g\000o\000r\000i\000t\000h\000m\000s}{section.2.7}% 50
\BOOKMARK [2][-]{subsection.2.7.4}{\376\377\000M\000i\000n\000i\000m\000u\000m\000\040\000D\000e\000s\000c\000r\000i\000p\000t\000i\000o\000n\000\040\000L\000e\000n\000g\000t\000h\000\040\000i\000n\000\040\000M\000a\000c\000h\000i\000n\000e\000\040\000L\000e\000a\000r\000n\000i\000n\000g}{section.2.7}% 51
\BOOKMARK [0][-]{chapter.3}{\376\377\000T\000h\000e\000o\000r\000y\000:\000\040\000T\000h\000e\000\040\000T\000h\000i\000e\000l\000e\000\040\000M\000a\000c\000h\000i\000n\000e\000\040\000M\000o\000d\000e\000l}{}% 52
\BOOKMARK [1][-]{section.3.1}{\376\377\000W\000h\000a\000t\000\040\000T\000h\000i\000s\000\040\000C\000h\000a\000p\000t\000e\000r\000\040\000D\000e\000f\000i\000n\000e\000s}{chapter.3}% 53
\BOOKMARK [2][-]{subsection.3.1.1}{\376\377\000F\000r\000o\000m\000\040\000I\000n\000t\000u\000i\000t\000i\000o\000n\000\040\000t\000o\000\040\000F\000o\000r\000m\000a\000l\000i\000s\000m}{section.3.1}% 54
\BOOKMARK [2][-]{subsection.3.1.2}{\376\377\000T\000h\000e\000\040\000F\000i\000v\000e\000\040\000C\000o\000m\000p\000o\000n\000e\000n\000t\000s}{section.3.1}% 55
\BOOKMARK [2][-]{subsection.3.1.3}{\376\377\000T\000h\000e\000\040\000C\000e\000n\000t\000r\000a\000l\000\040\000I\000n\000n\000o\000v\000a\000t\000i\000o\000n\000:\000\040\000-\000b\000i\000t\000s}{section.3.1}% 56
\BOOKMARK [2][-]{subsection.3.1.4}{\376\377\000H\000o\000w\000\040\000t\000o\000\040\000R\000e\000a\000d\000\040\000T\000h\000i\000s\000\040\000C\000h\000a\000p\000t\000e\000r}{section.3.1}% 57
\BOOKMARK [1][-]{section.3.2}{\376\377\000T\000h\000e\000\040\000F\000o\000r\000m\000a\000l\000\040\000M\000o\000d\000e\000l\000:\000\040\000T\000\040\000=\000\040\000\050\000S\000,\000\040\000,\000\040\000A\000,\000\040\000R\000,\000\040\000L\000\051}{chapter.3}% 58
\BOOKMARK [2][-]{subsection.3.2.1}{\376\377\000S\000t\000a\000t\000e\000\040\000S\000p\000a\000c\000e\000\040\000S}{section.3.2}% 59
\BOOKMARK [2][-]{subsection.3.2.2}{\376\377\000P\000a\000r\000t\000i\000t\000i\000o\000n\000\040\000G\000r\000a\000p\000h\000\040}{section.3.2}% 60
\BOOKMARK [2][-]{subsection.3.2.3}{\376\377\000A\000x\000i\000o\000m\000\040\000S\000e\000t\000\040\000A}{section.3.2}% 61
\BOOKMARK [2][-]{subsection.3.2.4}{\376\377\000T\000r\000a\000n\000s\000i\000t\000i\000o\000n\000\040\000R\000u\000l\000e\000s\000\040\000R}{section.3.2}% 62
\BOOKMARK [2][-]{subsection.3.2.5}{\376\377\000L\000o\000g\000i\000c\000\040\000E\000n\000g\000i\000n\000e\000\040\000L}{section.3.2}% 63
\BOOKMARK [1][-]{section.3.3}{\376\377\000T\000h\000e\000\040\000-\000b\000i\000t\000\040\000C\000u\000r\000r\000e\000n\000c\000y}{chapter.3}% 64
\BOOKMARK [2][-]{subsection.3.3.1}{\376\377\000D\000e\000f\000i\000n\000i\000t\000i\000o\000n}{section.3.3}% 65
\BOOKMARK [2][-]{subsection.3.3.2}{\376\377\000T\000h\000e\000\040\000-\000L\000e\000d\000g\000e\000r}{section.3.3}% 66
\BOOKMARK [2][-]{subsection.3.3.3}{\376\377\000C\000o\000n\000s\000e\000r\000v\000a\000t\000i\000o\000n\000\040\000L\000a\000w\000s}{section.3.3}% 67
\BOOKMARK [1][-]{section.3.4}{\376\377\000P\000a\000r\000t\000i\000t\000i\000o\000n\000\040\000L\000o\000g\000i\000c}{chapter.3}% 68
\BOOKMARK [2][-]{subsection.3.4.1}{\376\377\000M\000o\000d\000u\000l\000e\000\040\000O\000p\000e\000r\000a\000t\000i\000o\000n\000s}{section.3.4}% 69
\BOOKMARK [2][-]{subsection.3.4.2}{\376\377\000O\000b\000s\000e\000r\000v\000a\000b\000l\000e\000s\000\040\000a\000n\000d\000\040\000L\000o\000c\000a\000l\000i\000t\000y}{section.3.4}% 70
\BOOKMARK [1][-]{section.3.5}{\376\377\000T\000h\000e\000\040\000N\000o\000\040\000F\000r\000e\000e\000\040\000I\000n\000s\000i\000g\000h\000t\000\040\000T\000h\000e\000o\000r\000e\000m}{chapter.3}% 71
\BOOKMARK [2][-]{subsection.3.5.1}{\376\377\000R\000e\000c\000e\000i\000p\000t\000\040\000P\000r\000e\000d\000i\000c\000a\000t\000e\000s}{section.3.5}% 72
\BOOKMARK [2][-]{subsection.3.5.2}{\376\377\000S\000t\000r\000e\000n\000g\000t\000h\000\040\000O\000r\000d\000e\000r\000i\000n\000g}{section.3.5}% 73
\BOOKMARK [2][-]{subsection.3.5.3}{\376\377\000T\000h\000e\000\040\000M\000a\000i\000n\000\040\000T\000h\000e\000o\000r\000e\000m}{section.3.5}% 74
\BOOKMARK [2][-]{subsection.3.5.4}{\376\377\000R\000e\000v\000e\000l\000a\000t\000i\000o\000n\000\040\000R\000e\000q\000u\000i\000r\000e\000m\000e\000n\000t}{section.3.5}% 75
\BOOKMARK [1][-]{section.3.6}{\376\377\000G\000a\000u\000g\000e\000\040\000S\000y\000m\000m\000e\000t\000r\000y\000\040\000a\000n\000d\000\040\000C\000o\000n\000s\000e\000r\000v\000a\000t\000i\000o\000n}{chapter.3}% 76
\BOOKMARK [2][-]{subsection.3.6.1}{\376\377\000-\000G\000a\000u\000g\000e\000\040\000T\000r\000a\000n\000s\000f\000o\000r\000m\000a\000t\000i\000o\000n}{section.3.6}% 77
\BOOKMARK [2][-]{subsection.3.6.2}{\376\377\000G\000a\000u\000g\000e\000\040\000I\000n\000v\000a\000r\000i\000a\000n\000c\000e}{section.3.6}% 78
\BOOKMARK [0][-]{chapter.4}{\376\377\000I\000m\000p\000l\000e\000m\000e\000n\000t\000a\000t\000i\000o\000n\000:\000\040\000T\000h\000e\000\040\0003\000-\000L\000a\000y\000e\000r\000\040\000I\000s\000o\000m\000o\000r\000p\000h\000i\000s\000m}{}% 79
\BOOKMARK [1][-]{section.4.1}{\376\377\000W\000h\000y\000\040\000T\000h\000r\000e\000e\000\040\000L\000a\000y\000e\000r\000s\000?}{chapter.4}% 80
\BOOKMARK [2][-]{subsection.4.1.1}{\376\377\000T\000h\000e\000\040\000P\000r\000o\000b\000l\000e\000m\000\040\000o\000f\000\040\000T\000r\000u\000s\000t}{section.4.1}% 81
\BOOKMARK [2][-]{subsection.4.1.2}{\376\377\000T\000h\000e\000\040\000T\000h\000r\000e\000e\000\040\000L\000a\000y\000e\000r\000s}{section.4.1}% 82
\BOOKMARK [2][-]{subsection.4.1.3}{\376\377\000T\000h\000e\000\040\000I\000s\000o\000m\000o\000r\000p\000h\000i\000s\000m\000\040\000I\000n\000v\000a\000r\000i\000a\000n\000t}{section.4.1}% 83
\BOOKMARK [2][-]{subsection.4.1.4}{\376\377\000H\000o\000w\000\040\000t\000o\000\040\000R\000e\000a\000d\000\040\000T\000h\000i\000s\000\040\000C\000h\000a\000p\000t\000e\000r}{section.4.1}% 84
\BOOKMARK [1][-]{section.4.2}{\376\377\000T\000h\000e\000\040\0003\000-\000L\000a\000y\000e\000r\000\040\000I\000s\000o\000m\000o\000r\000p\000h\000i\000s\000m\000\040\000A\000r\000c\000h\000i\000t\000e\000c\000t\000u\000r\000e}{chapter.4}% 85
\BOOKMARK [1][-]{section.4.3}{\376\377\000L\000a\000y\000e\000r\000\040\0001\000:\000\040\000T\000h\000e\000\040\000F\000o\000r\000m\000a\000l\000\040\000K\000e\000r\000n\000e\000l\000\040\000\050\000C\000o\000q\000\051}{chapter.4}% 86
\BOOKMARK [2][-]{subsection.4.3.1}{\376\377\000D\000i\000r\000e\000c\000t\000o\000r\000y\000\040\000S\000t\000r\000u\000c\000t\000u\000r\000e}{section.4.3}% 87
\BOOKMARK [2][-]{subsection.4.3.2}{\376\377\000T\000h\000e\000\040\000V\000M\000S\000t\000a\000t\000e\000\040\000R\000e\000c\000o\000r\000d}{section.4.3}% 88
\BOOKMARK [2][-]{subsection.4.3.3}{\376\377\000T\000h\000e\000\040\000P\000a\000r\000t\000i\000t\000i\000o\000n\000\040\000G\000r\000a\000p\000h}{section.4.3}% 89
\BOOKMARK [2][-]{subsection.4.3.4}{\376\377\000T\000h\000e\000\040\000S\000t\000e\000p\000\040\000R\000e\000l\000a\000t\000i\000o\000n}{section.4.3}% 90
\BOOKMARK [2][-]{subsection.4.3.5}{\376\377\000E\000x\000t\000r\000a\000c\000t\000i\000o\000n}{section.4.3}% 91
\BOOKMARK [1][-]{section.4.4}{\376\377\000L\000a\000y\000e\000r\000\040\0002\000:\000\040\000T\000h\000e\000\040\000R\000e\000f\000e\000r\000e\000n\000c\000e\000\040\000V\000M\000\040\000\050\000P\000y\000t\000h\000o\000n\000\051}{chapter.4}% 92
\BOOKMARK [2][-]{subsection.4.4.1}{\376\377\000A\000r\000c\000h\000i\000t\000e\000c\000t\000u\000r\000e\000\040\000O\000v\000e\000r\000v\000i\000e\000w}{section.4.4}% 93
\BOOKMARK [2][-]{subsection.4.4.2}{\376\377\000S\000t\000a\000t\000e\000\040\000R\000e\000p\000r\000e\000s\000e\000n\000t\000a\000t\000i\000o\000n}{section.4.4}% 94
\BOOKMARK [2][-]{subsection.4.4.3}{\376\377\000T\000h\000e\000\040\000-\000L\000e\000d\000g\000e\000r}{section.4.4}% 95
\BOOKMARK [2][-]{subsection.4.4.4}{\376\377\000P\000a\000r\000t\000i\000t\000i\000o\000n\000\040\000O\000p\000e\000r\000a\000t\000i\000o\000n\000s}{section.4.4}% 96
\BOOKMARK [2][-]{subsection.4.4.5}{\376\377\000S\000a\000n\000d\000b\000o\000x\000e\000d\000\040\000P\000y\000t\000h\000o\000n\000\040\000E\000x\000e\000c\000u\000t\000i\000o\000n}{section.4.4}% 97
\BOOKMARK [2][-]{subsection.4.4.6}{\376\377\000R\000e\000c\000e\000i\000p\000t\000\040\000G\000e\000n\000e\000r\000a\000t\000i\000o\000n}{section.4.4}% 98
\BOOKMARK [1][-]{section.4.5}{\376\377\000L\000a\000y\000e\000r\000\040\0003\000:\000\040\000T\000h\000e\000\040\000P\000h\000y\000s\000i\000c\000a\000l\000\040\000C\000o\000r\000e\000\040\000\050\000V\000e\000r\000i\000l\000o\000g\000\051}{chapter.4}% 99
\BOOKMARK [2][-]{subsection.4.5.1}{\376\377\000M\000o\000d\000u\000l\000e\000\040\000H\000i\000e\000r\000a\000r\000c\000h\000y}{section.4.5}% 100
\BOOKMARK [2][-]{subsection.4.5.2}{\376\377\000T\000h\000e\000\040\000M\000a\000i\000n\000\040\000C\000P\000U}{section.4.5}% 101
\BOOKMARK [2][-]{subsection.4.5.3}{\376\377\000S\000t\000a\000t\000e\000\040\000M\000a\000c\000h\000i\000n\000e}{section.4.5}% 102
\BOOKMARK [2][-]{subsection.4.5.4}{\376\377\000I\000n\000s\000t\000r\000u\000c\000t\000i\000o\000n\000\040\000E\000n\000c\000o\000d\000i\000n\000g}{section.4.5}% 103
\BOOKMARK [2][-]{subsection.4.5.5}{\376\377\000-\000A\000c\000c\000u\000m\000u\000l\000a\000t\000o\000r\000\040\000U\000p\000d\000a\000t\000e\000s}{section.4.5}% 104
\BOOKMARK [2][-]{subsection.4.5.6}{\376\377\000T\000h\000e\000\040\000-\000A\000L\000U}{section.4.5}% 105
\BOOKMARK [2][-]{subsection.4.5.7}{\376\377\000L\000o\000g\000i\000c\000\040\000E\000n\000g\000i\000n\000e\000\040\000I\000n\000t\000e\000r\000f\000a\000c\000e}{section.4.5}% 106
\BOOKMARK [1][-]{section.4.6}{\376\377\000I\000s\000o\000m\000o\000r\000p\000h\000i\000s\000m\000\040\000V\000e\000r\000i\000f\000i\000c\000a\000t\000i\000o\000n}{chapter.4}% 107
\BOOKMARK [2][-]{subsection.4.6.1}{\376\377\000T\000h\000e\000\040\000I\000s\000o\000m\000o\000r\000p\000h\000i\000s\000m\000\040\000G\000a\000t\000e}{section.4.6}% 108
\BOOKMARK [2][-]{subsection.4.6.2}{\376\377\000S\000t\000a\000t\000e\000\040\000P\000r\000o\000j\000e\000c\000t\000i\000o\000n}{section.4.6}% 109
\BOOKMARK [2][-]{subsection.4.6.3}{\376\377\000T\000h\000e\000\040\000I\000n\000q\000u\000i\000s\000i\000t\000o\000r}{section.4.6}% 110
\BOOKMARK [1][-]{section.4.7}{\376\377\000S\000y\000n\000t\000h\000e\000s\000i\000s\000\040\000R\000e\000s\000u\000l\000t\000s}{chapter.4}% 111
\BOOKMARK [2][-]{subsection.4.7.1}{\376\377\000F\000P\000G\000A\000\040\000T\000a\000r\000g\000e\000t\000i\000n\000g}{section.4.7}% 112
\BOOKMARK [2][-]{subsection.4.7.2}{\376\377\000R\000e\000s\000o\000u\000r\000c\000e\000\040\000U\000t\000i\000l\000i\000z\000a\000t\000i\000o\000n}{section.4.7}% 113
\BOOKMARK [1][-]{section.4.8}{\376\377\000T\000o\000o\000l\000c\000h\000a\000i\000n}{chapter.4}% 114
\BOOKMARK [2][-]{subsection.4.8.1}{\376\377\000V\000e\000r\000i\000f\000i\000e\000d\000\040\000V\000e\000r\000s\000i\000o\000n\000s}{section.4.8}% 115
\BOOKMARK [2][-]{subsection.4.8.2}{\376\377\000B\000u\000i\000l\000d\000\040\000C\000o\000m\000m\000a\000n\000d\000s}{section.4.8}% 116
\BOOKMARK [1][-]{section.4.9}{\376\377\000S\000u\000m\000m\000a\000r\000y}{chapter.4}% 117
\BOOKMARK [0][-]{chapter.5}{\376\377\000V\000e\000r\000i\000f\000i\000c\000a\000t\000i\000o\000n\000:\000\040\000T\000h\000e\000\040\000C\000o\000q\000\040\000P\000r\000o\000o\000f\000s}{}% 118
\BOOKMARK [1][-]{section.5.1}{\376\377\000W\000h\000y\000\040\000F\000o\000r\000m\000a\000l\000\040\000V\000e\000r\000i\000f\000i\000c\000a\000t\000i\000o\000n\000?}{chapter.5}% 119
\BOOKMARK [2][-]{subsection.5.1.1}{\376\377\000T\000h\000e\000\040\000L\000i\000m\000i\000t\000s\000\040\000o\000f\000\040\000T\000e\000s\000t\000i\000n\000g}{section.5.1}% 120
\BOOKMARK [2][-]{subsection.5.1.2}{\376\377\000T\000h\000e\000\040\000C\000o\000q\000\040\000P\000r\000o\000o\000f\000\040\000A\000s\000s\000i\000s\000t\000a\000n\000t}{section.5.1}% 121
\BOOKMARK [2][-]{subsection.5.1.3}{\376\377\000T\000h\000e\000\040\000Z\000e\000r\000o\000-\000A\000d\000m\000i\000t\000\040\000S\000t\000a\000n\000d\000a\000r\000d}{section.5.1}% 122
\BOOKMARK [2][-]{subsection.5.1.4}{\376\377\000W\000h\000a\000t\000\040\000W\000e\000\040\000P\000r\000o\000v\000e}{section.5.1}% 123
\BOOKMARK [2][-]{subsection.5.1.5}{\376\377\000H\000o\000w\000\040\000t\000o\000\040\000R\000e\000a\000d\000\040\000T\000h\000i\000s\000\040\000C\000h\000a\000p\000t\000e\000r}{section.5.1}% 124
\BOOKMARK [1][-]{section.5.2}{\376\377\000T\000h\000e\000\040\000F\000o\000r\000m\000a\000l\000\040\000V\000e\000r\000i\000f\000i\000c\000a\000t\000i\000o\000n\000\040\000C\000a\000m\000p\000a\000i\000g\000n}{chapter.5}% 125
\BOOKMARK [1][-]{section.5.3}{\376\377\000P\000r\000o\000o\000f\000\040\000A\000r\000c\000h\000i\000t\000e\000c\000t\000u\000r\000e}{chapter.5}% 126
\BOOKMARK [2][-]{subsection.5.3.1}{\376\377\000M\000o\000d\000u\000l\000e\000\040\000H\000i\000e\000r\000a\000r\000c\000h\000y}{section.5.3}% 127
\BOOKMARK [2][-]{subsection.5.3.2}{\376\377\000D\000e\000p\000e\000n\000d\000e\000n\000c\000y\000\040\000G\000r\000a\000p\000h}{section.5.3}% 128
\BOOKMARK [1][-]{section.5.4}{\376\377\000V\000M\000S\000t\000a\000t\000e\000.\000v\000:\000\040\000F\000o\000u\000n\000d\000a\000t\000i\000o\000n\000\040\000D\000e\000f\000i\000n\000i\000t\000i\000o\000n\000s}{chapter.5}% 129
\BOOKMARK [2][-]{subsection.5.4.1}{\376\377\000T\000h\000e\000\040\000S\000t\000a\000t\000e\000\040\000R\000e\000c\000o\000r\000d}{section.5.4}% 130
\BOOKMARK [2][-]{subsection.5.4.2}{\376\377\000C\000a\000n\000o\000n\000i\000c\000a\000l\000\040\000R\000e\000g\000i\000o\000n\000\040\000N\000o\000r\000m\000a\000l\000i\000z\000a\000t\000i\000o\000n}{section.5.4}% 131
\BOOKMARK [2][-]{subsection.5.4.3}{\376\377\000G\000r\000a\000p\000h\000\040\000W\000e\000l\000l\000-\000F\000o\000r\000m\000e\000d\000n\000e\000s\000s}{section.5.4}% 132
\BOOKMARK [1][-]{section.5.5}{\376\377\000V\000M\000S\000t\000e\000p\000.\000v\000:\000\040\000O\000p\000e\000r\000a\000t\000i\000o\000n\000a\000l\000\040\000S\000e\000m\000a\000n\000t\000i\000c\000s}{chapter.5}% 133
\BOOKMARK [2][-]{subsection.5.5.1}{\376\377\000T\000h\000e\000\040\000I\000n\000s\000t\000r\000u\000c\000t\000i\000o\000n\000\040\000T\000y\000p\000e}{section.5.5}% 134
\BOOKMARK [2][-]{subsection.5.5.2}{\376\377\000T\000h\000e\000\040\000S\000t\000e\000p\000\040\000R\000e\000l\000a\000t\000i\000o\000n}{section.5.5}% 135
\BOOKMARK [1][-]{section.5.6}{\376\377\000K\000e\000r\000n\000e\000l\000P\000h\000y\000s\000i\000c\000s\000.\000v\000:\000\040\000C\000o\000n\000s\000e\000r\000v\000a\000t\000i\000o\000n\000\040\000L\000a\000w\000s}{chapter.5}% 136
\BOOKMARK [2][-]{subsection.5.6.1}{\376\377\000O\000b\000s\000e\000r\000v\000a\000b\000l\000e\000s}{section.5.6}% 137
\BOOKMARK [2][-]{subsection.5.6.2}{\376\377\000I\000n\000s\000t\000r\000u\000c\000t\000i\000o\000n\000\040\000T\000a\000r\000g\000e\000t\000\040\000S\000e\000t\000s}{section.5.6}% 138
\BOOKMARK [2][-]{subsection.5.6.3}{\376\377\000T\000h\000e\000\040\000N\000o\000-\000S\000i\000g\000n\000a\000l\000i\000n\000g\000\040\000T\000h\000e\000o\000r\000e\000m}{section.5.6}% 139
\BOOKMARK [2][-]{subsection.5.6.4}{\376\377\000G\000a\000u\000g\000e\000\040\000S\000y\000m\000m\000e\000t\000r\000y}{section.5.6}% 140
\BOOKMARK [2][-]{subsection.5.6.5}{\376\377\000-\000C\000o\000n\000s\000e\000r\000v\000a\000t\000i\000o\000n}{section.5.6}% 141
\BOOKMARK [1][-]{section.5.7}{\376\377\000M\000u\000L\000e\000d\000g\000e\000r\000C\000o\000n\000s\000e\000r\000v\000a\000t\000i\000o\000n\000.\000v\000:\000\040\000M\000u\000l\000t\000i\000-\000S\000t\000e\000p\000\040\000C\000o\000n\000s\000e\000r\000v\000a\000t\000i\000o\000n}{chapter.5}% 142
\BOOKMARK [2][-]{subsection.5.7.1}{\376\377\000R\000u\000n\000\040\000F\000u\000n\000c\000t\000i\000o\000n}{section.5.7}% 143
\BOOKMARK [2][-]{subsection.5.7.2}{\376\377\000L\000e\000d\000g\000e\000r\000\040\000E\000n\000t\000r\000i\000e\000s}{section.5.7}% 144
\BOOKMARK [2][-]{subsection.5.7.3}{\376\377\000C\000o\000n\000s\000e\000r\000v\000a\000t\000i\000o\000n\000\040\000T\000h\000e\000o\000r\000e\000m}{section.5.7}% 145
\BOOKMARK [2][-]{subsection.5.7.4}{\376\377\000I\000r\000r\000e\000v\000e\000r\000s\000i\000b\000i\000l\000i\000t\000y\000\040\000B\000o\000u\000n\000d}{section.5.7}% 146
\BOOKMARK [1][-]{section.5.8}{\376\377\000N\000o\000F\000r\000e\000e\000I\000n\000s\000i\000g\000h\000t\000.\000v\000:\000\040\000T\000h\000e\000\040\000I\000m\000p\000o\000s\000s\000i\000b\000i\000l\000i\000t\000y\000\040\000T\000h\000e\000o\000r\000e\000m}{chapter.5}% 147
\BOOKMARK [2][-]{subsection.5.8.1}{\376\377\000R\000e\000c\000e\000i\000p\000t\000\040\000P\000r\000e\000d\000i\000c\000a\000t\000e\000s}{section.5.8}% 148
\BOOKMARK [2][-]{subsection.5.8.2}{\376\377\000S\000t\000r\000e\000n\000g\000t\000h\000\040\000O\000r\000d\000e\000r\000i\000n\000g}{section.5.8}% 149
\BOOKMARK [2][-]{subsection.5.8.3}{\376\377\000C\000e\000r\000t\000i\000f\000i\000c\000a\000t\000i\000o\000n}{section.5.8}% 150
\BOOKMARK [2][-]{subsection.5.8.4}{\376\377\000T\000h\000e\000\040\000M\000a\000i\000n\000\040\000T\000h\000e\000o\000r\000e\000m}{section.5.8}% 151
\BOOKMARK [2][-]{subsection.5.8.5}{\376\377\000S\000t\000r\000e\000n\000g\000t\000h\000e\000n\000i\000n\000g\000\040\000T\000h\000e\000o\000r\000e\000m}{section.5.8}% 152
\BOOKMARK [1][-]{section.5.9}{\376\377\000R\000e\000v\000e\000l\000a\000t\000i\000o\000n\000R\000e\000q\000u\000i\000r\000e\000m\000e\000n\000t\000.\000v\000:\000\040\000S\000u\000p\000r\000a\000-\000Q\000u\000a\000n\000t\000u\000m\000\040\000C\000e\000r\000t\000i\000f\000i\000c\000a\000t\000i\000o\000n}{chapter.5}% 153
\BOOKMARK [1][-]{section.5.10}{\376\377\000P\000r\000o\000o\000f\000\040\000S\000t\000a\000t\000i\000s\000t\000i\000c\000s}{chapter.5}% 154
\BOOKMARK [2][-]{subsection.5.10.1}{\376\377\000C\000a\000m\000p\000a\000i\000g\000n\000\040\000Z\000e\000r\000o\000\040\000A\000d\000m\000i\000t\000s}{section.5.10}% 155
\BOOKMARK [2][-]{subsection.5.10.2}{\376\377\000F\000i\000n\000a\000l\000\040\000S\000t\000a\000t\000e\000\040\000\050\000D\000e\000c\000e\000m\000b\000e\000r\000\040\0002\0000\0002\0005\000\051}{section.5.10}% 156
\BOOKMARK [2][-]{subsection.5.10.3}{\376\377\000K\000e\000y\000\040\000T\000h\000e\000o\000r\000e\000m\000s}{section.5.10}% 157
\BOOKMARK [1][-]{section.5.11}{\376\377\000F\000a\000l\000s\000i\000f\000i\000a\000b\000i\000l\000i\000t\000y}{chapter.5}% 158
\BOOKMARK [1][-]{section.5.12}{\376\377\000S\000u\000m\000m\000a\000r\000y}{chapter.5}% 159
\BOOKMARK [0][-]{chapter.6}{\376\377\000E\000v\000a\000l\000u\000a\000t\000i\000o\000n\000:\000\040\000E\000m\000p\000i\000r\000i\000c\000a\000l\000\040\000E\000v\000i\000d\000e\000n\000c\000e}{}% 160
\BOOKMARK [1][-]{section.6.1}{\376\377\000E\000v\000a\000l\000u\000a\000t\000i\000o\000n\000\040\000O\000v\000e\000r\000v\000i\000e\000w}{chapter.6}% 161
\BOOKMARK [2][-]{subsection.6.1.1}{\376\377\000F\000r\000o\000m\000\040\000T\000h\000e\000o\000r\000y\000\040\000t\000o\000\040\000E\000v\000i\000d\000e\000n\000c\000e}{section.6.1}% 162
\BOOKMARK [2][-]{subsection.6.1.2}{\376\377\000M\000e\000t\000h\000o\000d\000o\000l\000o\000g\000y}{section.6.1}% 163
\BOOKMARK [1][-]{section.6.2}{\376\377\0003\000-\000L\000a\000y\000e\000r\000\040\000I\000s\000o\000m\000o\000r\000p\000h\000i\000s\000m\000\040\000V\000e\000r\000i\000f\000i\000c\000a\000t\000i\000o\000n}{chapter.6}% 164
\BOOKMARK [2][-]{subsection.6.2.1}{\376\377\000T\000e\000s\000t\000\040\000A\000r\000c\000h\000i\000t\000e\000c\000t\000u\000r\000e}{section.6.2}% 165
\BOOKMARK [2][-]{subsection.6.2.2}{\376\377\000P\000a\000r\000t\000i\000t\000i\000o\000n\000\040\000O\000p\000e\000r\000a\000t\000i\000o\000n\000\040\000T\000e\000s\000t\000s}{section.6.2}% 166
\BOOKMARK [2][-]{subsection.6.2.3}{\376\377\000R\000e\000s\000u\000l\000t\000s\000\040\000S\000u\000m\000m\000a\000r\000y}{section.6.2}% 167
\BOOKMARK [1][-]{section.6.3}{\376\377\000C\000H\000S\000H\000\040\000C\000o\000r\000r\000e\000l\000a\000t\000i\000o\000n\000\040\000E\000x\000p\000e\000r\000i\000m\000e\000n\000t\000s}{chapter.6}% 168
\BOOKMARK [2][-]{subsection.6.3.1}{\376\377\000B\000e\000l\000l\000\040\000T\000e\000s\000t\000\040\000P\000r\000o\000t\000o\000c\000o\000l}{section.6.3}% 169
\BOOKMARK [2][-]{subsection.6.3.2}{\376\377\000P\000a\000r\000t\000i\000t\000i\000o\000n\000-\000N\000a\000t\000i\000v\000e\000\040\000C\000H\000S\000H}{section.6.3}% 170
\BOOKMARK [2][-]{subsection.6.3.3}{\376\377\000C\000o\000r\000r\000e\000l\000a\000t\000i\000o\000n\000\040\000B\000o\000u\000n\000d\000s}{section.6.3}% 171
\BOOKMARK [2][-]{subsection.6.3.4}{\376\377\000E\000x\000p\000e\000r\000i\000m\000e\000n\000t\000a\000l\000\040\000D\000e\000s\000i\000g\000n}{section.6.3}% 172
\BOOKMARK [2][-]{subsection.6.3.5}{\376\377\000S\000u\000p\000r\000a\000-\000Q\000u\000a\000n\000t\000u\000m\000\040\000C\000e\000r\000t\000i\000f\000i\000c\000a\000t\000i\000o\000n}{section.6.3}% 173
\BOOKMARK [2][-]{subsection.6.3.6}{\376\377\000R\000e\000s\000u\000l\000t\000s}{section.6.3}% 174
\BOOKMARK [1][-]{section.6.4}{\376\377\000-\000L\000e\000d\000g\000e\000r\000\040\000V\000e\000r\000i\000f\000i\000c\000a\000t\000i\000o\000n}{chapter.6}% 175
\BOOKMARK [2][-]{subsection.6.4.1}{\376\377\000M\000o\000n\000o\000t\000o\000n\000i\000c\000i\000t\000y\000\040\000T\000e\000s\000t\000s}{section.6.4}% 176
\BOOKMARK [2][-]{subsection.6.4.2}{\376\377\000C\000o\000n\000s\000e\000r\000v\000a\000t\000i\000o\000n\000\040\000T\000e\000s\000t\000s}{section.6.4}% 177
\BOOKMARK [2][-]{subsection.6.4.3}{\376\377\000R\000e\000s\000u\000l\000t\000s}{section.6.4}% 178
\BOOKMARK [1][-]{section.6.5}{\376\377\000P\000e\000r\000f\000o\000r\000m\000a\000n\000c\000e\000\040\000B\000e\000n\000c\000h\000m\000a\000r\000k\000s}{chapter.6}% 179
\BOOKMARK [2][-]{subsection.6.5.1}{\376\377\000I\000n\000s\000t\000r\000u\000c\000t\000i\000o\000n\000\040\000T\000h\000r\000o\000u\000g\000h\000p\000u\000t}{section.6.5}% 180
\BOOKMARK [2][-]{subsection.6.5.2}{\376\377\000R\000e\000c\000e\000i\000p\000t\000\040\000C\000h\000a\000i\000n\000\040\000O\000v\000e\000r\000h\000e\000a\000d}{section.6.5}% 181
\BOOKMARK [2][-]{subsection.6.5.3}{\376\377\000H\000a\000r\000d\000w\000a\000r\000e\000\040\000S\000y\000n\000t\000h\000e\000s\000i\000s\000\040\000R\000e\000s\000u\000l\000t\000s}{section.6.5}% 182
\BOOKMARK [1][-]{section.6.6}{\376\377\000C\000o\000m\000p\000r\000e\000h\000e\000n\000s\000i\000v\000e\000\040\000T\000e\000s\000t\000\040\000S\000u\000i\000t\000e}{chapter.6}% 183
\BOOKMARK [2][-]{subsection.6.6.1}{\376\377\000T\000e\000s\000t\000\040\000C\000a\000t\000e\000g\000o\000r\000i\000e\000s}{section.6.6}% 184
\BOOKMARK [2][-]{subsection.6.6.2}{\376\377\000C\000I\000\040\000I\000n\000t\000e\000g\000r\000a\000t\000i\000o\000n}{section.6.6}% 185
\BOOKMARK [2][-]{subsection.6.6.3}{\376\377\000E\000x\000e\000c\000u\000t\000i\000o\000n\000\040\000G\000a\000t\000e\000s\000\040\000\050\000f\000r\000o\000m\000\040\000A\000G\000E\000N\000T\000S\000.\000m\000d\000\051}{section.6.6}% 186
\BOOKMARK [1][-]{section.6.7}{\376\377\000R\000e\000p\000r\000o\000d\000u\000c\000i\000b\000i\000l\000i\000t\000y}{chapter.6}% 187
\BOOKMARK [2][-]{subsection.6.7.1}{\376\377\000A\000r\000t\000i\000f\000a\000c\000t\000\040\000D\000i\000r\000e\000c\000t\000o\000r\000y}{section.6.7}% 188
\BOOKMARK [2][-]{subsection.6.7.2}{\376\377\000D\000o\000c\000k\000e\000r\000\040\000R\000e\000p\000r\000o\000d\000u\000c\000i\000b\000i\000l\000i\000t\000y}{section.6.7}% 189
\BOOKMARK [1][-]{section.6.8}{\376\377\000S\000u\000m\000m\000a\000r\000y}{chapter.6}% 190
\BOOKMARK [0][-]{chapter.7}{\376\377\000D\000i\000s\000c\000u\000s\000s\000i\000o\000n\000:\000\040\000I\000m\000p\000l\000i\000c\000a\000t\000i\000o\000n\000s\000\040\000a\000n\000d\000\040\000F\000u\000t\000u\000r\000e\000\040\000W\000o\000r\000k}{}% 191
\BOOKMARK [1][-]{section.7.1}{\376\377\000W\000h\000y\000\040\000T\000h\000i\000s\000\040\000C\000h\000a\000p\000t\000e\000r\000\040\000M\000a\000t\000t\000e\000r\000s}{chapter.7}% 192
\BOOKMARK [2][-]{subsection.7.1.1}{\376\377\000F\000r\000o\000m\000\040\000P\000r\000o\000o\000f\000s\000\040\000t\000o\000\040\000M\000e\000a\000n\000i\000n\000g}{section.7.1}% 193
\BOOKMARK [2][-]{subsection.7.1.2}{\376\377\000H\000o\000w\000\040\000t\000o\000\040\000R\000e\000a\000d\000\040\000T\000h\000i\000s\000\040\000C\000h\000a\000p\000t\000e\000r}{section.7.1}% 194
\BOOKMARK [1][-]{section.7.2}{\376\377\000B\000r\000o\000a\000d\000e\000r\000\040\000I\000m\000p\000l\000i\000c\000a\000t\000i\000o\000n\000s}{chapter.7}% 195
\BOOKMARK [1][-]{section.7.3}{\376\377\000C\000o\000n\000n\000e\000c\000t\000i\000o\000n\000s\000\040\000t\000o\000\040\000P\000h\000y\000s\000i\000c\000s}{chapter.7}% 196
\BOOKMARK [2][-]{subsection.7.3.1}{\376\377\000L\000a\000n\000d\000a\000u\000e\000r\000'\000s\000\040\000P\000r\000i\000n\000c\000i\000p\000l\000e}{section.7.3}% 197
\BOOKMARK [2][-]{subsection.7.3.2}{\376\377\000N\000o\000-\000S\000i\000g\000n\000a\000l\000i\000n\000g\000\040\000a\000n\000d\000\040\000B\000e\000l\000l\000\040\000L\000o\000c\000a\000l\000i\000t\000y}{section.7.3}% 198
\BOOKMARK [2][-]{subsection.7.3.3}{\376\377\000N\000o\000e\000t\000h\000e\000r\000'\000s\000\040\000T\000h\000e\000o\000r\000e\000m}{section.7.3}% 199
\BOOKMARK [2][-]{subsection.7.3.4}{\376\377\000T\000h\000e\000\040\000P\000h\000y\000s\000i\000c\000s\000-\000C\000o\000m\000p\000u\000t\000a\000t\000i\000o\000n\000\040\000I\000s\000o\000m\000o\000r\000p\000h\000i\000s\000m}{section.7.3}% 200
\BOOKMARK [1][-]{section.7.4}{\376\377\000I\000m\000p\000l\000i\000c\000a\000t\000i\000o\000n\000s\000\040\000f\000o\000r\000\040\000C\000o\000m\000p\000u\000t\000a\000t\000i\000o\000n\000a\000l\000\040\000C\000o\000m\000p\000l\000e\000x\000i\000t\000y}{chapter.7}% 201
\BOOKMARK [2][-]{subsection.7.4.1}{\376\377\000T\000h\000e\000\040\000"\000T\000i\000m\000e\000\040\000T\000a\000x\000"\000\040\000R\000e\000f\000o\000r\000m\000u\000l\000a\000t\000e\000d}{section.7.4}% 202
\BOOKMARK [2][-]{subsection.7.4.2}{\376\377\000T\000h\000e\000\040\000C\000o\000n\000s\000e\000r\000v\000a\000t\000i\000o\000n\000\040\000o\000f\000\040\000D\000i\000f\000f\000i\000c\000u\000l\000t\000y}{section.7.4}% 203
\BOOKMARK [2][-]{subsection.7.4.3}{\376\377\000S\000t\000r\000u\000c\000t\000u\000r\000e\000-\000A\000w\000a\000r\000e\000\040\000C\000o\000m\000p\000l\000e\000x\000i\000t\000y\000\040\000C\000l\000a\000s\000s\000e\000s}{section.7.4}% 204
\BOOKMARK [1][-]{section.7.5}{\376\377\000I\000m\000p\000l\000i\000c\000a\000t\000i\000o\000n\000s\000\040\000f\000o\000r\000\040\000A\000r\000t\000i\000f\000i\000c\000i\000a\000l\000\040\000I\000n\000t\000e\000l\000l\000i\000g\000e\000n\000c\000e}{chapter.7}% 205
\BOOKMARK [2][-]{subsection.7.5.1}{\376\377\000T\000h\000e\000\040\000H\000a\000l\000l\000u\000c\000i\000n\000a\000t\000i\000o\000n\000\040\000P\000r\000o\000b\000l\000e\000m}{section.7.5}% 206
\BOOKMARK [2][-]{subsection.7.5.2}{\376\377\000N\000e\000u\000r\000o\000-\000S\000y\000m\000b\000o\000l\000i\000c\000\040\000I\000n\000t\000e\000g\000r\000a\000t\000i\000o\000n}{section.7.5}% 207
\BOOKMARK [1][-]{section.7.6}{\376\377\000I\000m\000p\000l\000i\000c\000a\000t\000i\000o\000n\000s\000\040\000f\000o\000r\000\040\000T\000r\000u\000s\000t\000\040\000a\000n\000d\000\040\000V\000e\000r\000i\000f\000i\000c\000a\000t\000i\000o\000n}{chapter.7}% 208
\BOOKMARK [2][-]{subsection.7.6.1}{\376\377\000T\000h\000e\000\040\000R\000e\000c\000e\000i\000p\000t\000\040\000C\000h\000a\000i\000n}{section.7.6}% 209
\BOOKMARK [2][-]{subsection.7.6.2}{\376\377\000A\000p\000p\000l\000i\000c\000a\000t\000i\000o\000n\000s}{section.7.6}% 210
\BOOKMARK [1][-]{section.7.7}{\376\377\000L\000i\000m\000i\000t\000a\000t\000i\000o\000n\000s}{chapter.7}% 211
\BOOKMARK [2][-]{subsection.7.7.1}{\376\377\000T\000h\000e\000\040\000U\000n\000c\000o\000m\000p\000u\000t\000a\000b\000i\000l\000i\000t\000y\000\040\000o\000f\000\040\000T\000r\000u\000e\000\040}{section.7.7}% 212
\BOOKMARK [2][-]{subsection.7.7.2}{\376\377\000H\000a\000r\000d\000w\000a\000r\000e\000\040\000S\000c\000a\000l\000a\000b\000i\000l\000i\000t\000y}{section.7.7}% 213
\BOOKMARK [2][-]{subsection.7.7.3}{\376\377\000S\000A\000T\000\040\000S\000o\000l\000v\000e\000r\000\040\000I\000n\000t\000e\000g\000r\000a\000t\000i\000o\000n}{section.7.7}% 214
\BOOKMARK [1][-]{section.7.8}{\376\377\000F\000u\000t\000u\000r\000e\000\040\000D\000i\000r\000e\000c\000t\000i\000o\000n\000s}{chapter.7}% 215
\BOOKMARK [2][-]{subsection.7.8.1}{\376\377\000Q\000u\000a\000n\000t\000u\000m\000\040\000I\000n\000t\000e\000g\000r\000a\000t\000i\000o\000n}{section.7.8}% 216
\BOOKMARK [2][-]{subsection.7.8.2}{\376\377\000D\000i\000s\000t\000r\000i\000b\000u\000t\000e\000d\000\040\000E\000x\000e\000c\000u\000t\000i\000o\000n}{section.7.8}% 217
\BOOKMARK [2][-]{subsection.7.8.3}{\376\377\000P\000r\000o\000g\000r\000a\000m\000m\000i\000n\000g\000\040\000L\000a\000n\000g\000u\000a\000g\000e\000\040\000D\000e\000s\000i\000g\000n}{section.7.8}% 218
\BOOKMARK [1][-]{section.7.9}{\376\377\000S\000u\000m\000m\000a\000r\000y}{chapter.7}% 219
\BOOKMARK [0][-]{chapter.8}{\376\377\000C\000o\000n\000c\000l\000u\000s\000i\000o\000n}{}% 220
\BOOKMARK [1][-]{section.8.1}{\376\377\000W\000h\000a\000t\000\040\000W\000e\000\040\000S\000e\000t\000\040\000O\000u\000t\000\040\000t\000o\000\040\000D\000o}{chapter.8}% 221
\BOOKMARK [2][-]{subsection.8.1.1}{\376\377\000T\000h\000e\000\040\000C\000e\000n\000t\000r\000a\000l\000\040\000C\000l\000a\000i\000m}{section.8.1}% 222
\BOOKMARK [2][-]{subsection.8.1.2}{\376\377\000H\000o\000w\000\040\000t\000o\000\040\000R\000e\000a\000d\000\040\000T\000h\000i\000s\000\040\000C\000h\000a\000p\000t\000e\000r}{section.8.1}% 223
\BOOKMARK [1][-]{section.8.2}{\376\377\000S\000u\000m\000m\000a\000r\000y\000\040\000o\000f\000\040\000C\000o\000n\000t\000r\000i\000b\000u\000t\000i\000o\000n\000s}{chapter.8}% 224
\BOOKMARK [2][-]{subsection.8.2.1}{\376\377\000T\000h\000e\000o\000r\000e\000t\000i\000c\000a\000l\000\040\000C\000o\000n\000t\000r\000i\000b\000u\000t\000i\000o\000n\000s}{section.8.2}% 225
\BOOKMARK [2][-]{subsection.8.2.2}{\376\377\000I\000m\000p\000l\000e\000m\000e\000n\000t\000a\000t\000i\000o\000n\000\040\000C\000o\000n\000t\000r\000i\000b\000u\000t\000i\000o\000n\000s}{section.8.2}% 226
\BOOKMARK [2][-]{subsection.8.2.3}{\376\377\000V\000e\000r\000i\000f\000i\000c\000a\000t\000i\000o\000n\000\040\000C\000o\000n\000t\000r\000i\000b\000u\000t\000i\000o\000n\000s}{section.8.2}% 227
\BOOKMARK [1][-]{section.8.3}{\376\377\000T\000h\000e\000\040\000T\000h\000i\000e\000l\000e\000\040\000M\000a\000c\000h\000i\000n\000e\000\040\000H\000y\000p\000o\000t\000h\000e\000s\000i\000s\000:\000\040\000C\000o\000n\000f\000i\000r\000m\000e\000d}{chapter.8}% 228
\BOOKMARK [1][-]{section.8.4}{\376\377\000I\000m\000p\000a\000c\000t\000\040\000a\000n\000d\000\040\000A\000p\000p\000l\000i\000c\000a\000t\000i\000o\000n\000s}{chapter.8}% 229
\BOOKMARK [2][-]{subsection.8.4.1}{\376\377\000V\000e\000r\000i\000f\000i\000a\000b\000l\000e\000\040\000C\000o\000m\000p\000u\000t\000a\000t\000i\000o\000n}{section.8.4}% 230
\BOOKMARK [2][-]{subsection.8.4.2}{\376\377\000C\000o\000m\000p\000l\000e\000x\000i\000t\000y\000\040\000T\000h\000e\000o\000r\000y}{section.8.4}% 231
\BOOKMARK [2][-]{subsection.8.4.3}{\376\377\000P\000h\000y\000s\000i\000c\000s\000-\000C\000o\000m\000p\000u\000t\000a\000t\000i\000o\000n\000\040\000B\000r\000i\000d\000g\000e}{section.8.4}% 232
\BOOKMARK [1][-]{section.8.5}{\376\377\000O\000p\000e\000n\000\040\000P\000r\000o\000b\000l\000e\000m\000s}{chapter.8}% 233
\BOOKMARK [2][-]{subsection.8.5.1}{\376\377\000O\000p\000t\000i\000m\000a\000l\000i\000t\000y}{section.8.5}% 234
\BOOKMARK [2][-]{subsection.8.5.2}{\376\377\000C\000o\000m\000p\000l\000e\000t\000e\000n\000e\000s\000s}{section.8.5}% 235
\BOOKMARK [2][-]{subsection.8.5.3}{\376\377\000Q\000u\000a\000n\000t\000u\000m\000\040\000E\000x\000t\000e\000n\000s\000i\000o\000n}{section.8.5}% 236
\BOOKMARK [2][-]{subsection.8.5.4}{\376\377\000H\000a\000r\000d\000w\000a\000r\000e\000\040\000R\000e\000a\000l\000i\000z\000a\000t\000i\000o\000n}{section.8.5}% 237
\BOOKMARK [1][-]{section.8.6}{\376\377\000T\000h\000e\000\040\000P\000a\000t\000h\000\040\000F\000o\000r\000w\000a\000r\000d}{chapter.8}% 238
\BOOKMARK [1][-]{section.8.7}{\376\377\000F\000i\000n\000a\000l\000\040\000W\000o\000r\000d}{chapter.8}% 239
\BOOKMARK [0][-]{chapter.9}{\376\377\000T\000h\000e\000\040\000V\000e\000r\000i\000f\000i\000e\000r\000\040\000S\000y\000s\000t\000e\000m}{}% 240
\BOOKMARK [1][-]{section.9.1}{\376\377\000T\000h\000e\000\040\000V\000e\000r\000i\000f\000i\000e\000r\000\040\000S\000y\000s\000t\000e\000m\000:\000\040\000R\000e\000c\000e\000i\000p\000t\000-\000D\000e\000f\000i\000n\000e\000d\000\040\000C\000e\000r\000t\000i\000f\000i\000c\000a\000t\000i\000o\000n}{chapter.9}% 241
\BOOKMARK [2][-]{subsection.9.1.1}{\376\377\000W\000h\000y\000\040\000V\000e\000r\000i\000f\000i\000c\000a\000t\000i\000o\000n\000\040\000M\000a\000t\000t\000e\000r\000s}{section.9.1}% 242
\BOOKMARK [1][-]{section.9.2}{\376\377\000A\000r\000c\000h\000i\000t\000e\000c\000t\000u\000r\000e\000\040\000O\000v\000e\000r\000v\000i\000e\000w}{chapter.9}% 243
\BOOKMARK [2][-]{subsection.9.2.1}{\376\377\000T\000h\000e\000\040\000C\000l\000o\000s\000e\000d\000\040\000W\000o\000r\000k\000\040\000S\000y\000s\000t\000e\000m}{section.9.2}% 244
\BOOKMARK [2][-]{subsection.9.2.2}{\376\377\000T\000h\000e\000\040\000T\000R\000S\000-\0001\000.\0000\000\040\000R\000e\000c\000e\000i\000p\000t\000\040\000P\000r\000o\000t\000o\000c\000o\000l}{section.9.2}% 245
\BOOKMARK [2][-]{subsection.9.2.3}{\376\377\000N\000o\000n\000-\000N\000e\000g\000o\000t\000i\000a\000b\000l\000e\000\040\000F\000a\000l\000s\000i\000f\000i\000e\000r\000\040\000P\000a\000t\000t\000e\000r\000n}{section.9.2}% 246
\BOOKMARK [1][-]{section.9.3}{\376\377\000C\000-\000R\000A\000N\000D\000:\000\040\000D\000e\000v\000i\000c\000e\000-\000I\000n\000d\000e\000p\000e\000n\000d\000e\000n\000t\000\040\000C\000e\000r\000t\000i\000f\000i\000e\000d\000\040\000R\000a\000n\000d\000o\000m\000n\000e\000s\000s}{chapter.9}% 247
\BOOKMARK [2][-]{subsection.9.3.1}{\376\377\000C\000l\000a\000i\000m\000\040\000S\000t\000r\000u\000c\000t\000u\000r\000e}{section.9.3}% 248
\BOOKMARK [2][-]{subsection.9.3.2}{\376\377\000V\000e\000r\000i\000f\000i\000c\000a\000t\000i\000o\000n\000\040\000R\000u\000l\000e\000s}{section.9.3}% 249
\BOOKMARK [2][-]{subsection.9.3.3}{\376\377\000T\000h\000e\000\040\000R\000a\000n\000d\000o\000m\000n\000e\000s\000s\000\040\000B\000o\000u\000n\000d}{section.9.3}% 250
\BOOKMARK [2][-]{subsection.9.3.4}{\376\377\000F\000a\000l\000s\000i\000f\000i\000e\000r\000\040\000T\000e\000s\000t\000s}{section.9.3}% 251
\BOOKMARK [1][-]{section.9.4}{\376\377\000C\000-\000T\000O\000M\000O\000:\000\040\000T\000o\000m\000o\000g\000r\000a\000p\000h\000y\000\040\000a\000s\000\040\000P\000r\000i\000c\000e\000d\000\040\000K\000n\000o\000w\000l\000e\000d\000g\000e}{chapter.9}% 252
\BOOKMARK [2][-]{subsection.9.4.1}{\376\377\000C\000l\000a\000i\000m\000\040\000S\000t\000r\000u\000c\000t\000u\000r\000e}{section.9.4}% 253
\BOOKMARK [2][-]{subsection.9.4.2}{\376\377\000V\000e\000r\000i\000f\000i\000c\000a\000t\000i\000o\000n\000\040\000R\000u\000l\000e\000s}{section.9.4}% 254
\BOOKMARK [2][-]{subsection.9.4.3}{\376\377\000T\000h\000e\000\040\000P\000r\000e\000c\000i\000s\000i\000o\000n\000-\000C\000o\000s\000t\000\040\000R\000e\000l\000a\000t\000i\000o\000n\000s\000h\000i\000p}{section.9.4}% 255
\BOOKMARK [1][-]{section.9.5}{\376\377\000C\000-\000E\000N\000T\000R\000O\000P\000Y\000:\000\040\000C\000o\000a\000r\000s\000e\000-\000G\000r\000a\000i\000n\000i\000n\000g\000\040\000M\000a\000d\000e\000\040\000E\000x\000p\000l\000i\000c\000i\000t}{chapter.9}% 256
\BOOKMARK [2][-]{subsection.9.5.1}{\376\377\000T\000h\000e\000\040\000E\000n\000t\000r\000o\000p\000y\000\040\000U\000n\000d\000e\000r\000d\000e\000t\000e\000r\000m\000i\000n\000a\000t\000i\000o\000n\000\040\000P\000r\000o\000b\000l\000e\000m}{section.9.5}% 257
\BOOKMARK [2][-]{subsection.9.5.2}{\376\377\000C\000l\000a\000i\000m\000\040\000S\000t\000r\000u\000c\000t\000u\000r\000e}{section.9.5}% 258
\BOOKMARK [2][-]{subsection.9.5.3}{\376\377\000V\000e\000r\000i\000f\000i\000c\000a\000t\000i\000o\000n\000\040\000R\000u\000l\000e\000s}{section.9.5}% 259
\BOOKMARK [2][-]{subsection.9.5.4}{\376\377\000C\000o\000q\000\040\000F\000o\000r\000m\000a\000l\000i\000z\000a\000t\000i\000o\000n}{section.9.5}% 260
\BOOKMARK [1][-]{section.9.6}{\376\377\000C\000-\000C\000A\000U\000S\000A\000L\000:\000\040\000N\000o\000\040\000F\000r\000e\000e\000\040\000C\000a\000u\000s\000a\000l\000\040\000E\000x\000p\000l\000a\000n\000a\000t\000i\000o\000n}{chapter.9}% 261
\BOOKMARK [2][-]{subsection.9.6.1}{\376\377\000T\000h\000e\000\040\000C\000a\000u\000s\000a\000l\000\040\000I\000n\000f\000e\000r\000e\000n\000c\000e\000\040\000P\000r\000o\000b\000l\000e\000m}{section.9.6}% 262
\BOOKMARK [2][-]{subsection.9.6.2}{\376\377\000C\000l\000a\000i\000m\000\040\000T\000y\000p\000e\000s}{section.9.6}% 263
\BOOKMARK [2][-]{subsection.9.6.3}{\376\377\000V\000e\000r\000i\000f\000i\000c\000a\000t\000i\000o\000n\000\040\000R\000u\000l\000e\000s}{section.9.6}% 264
\BOOKMARK [2][-]{subsection.9.6.4}{\376\377\000F\000a\000l\000s\000i\000f\000i\000e\000r\000\040\000T\000e\000s\000t\000s}{section.9.6}% 265
\BOOKMARK [1][-]{section.9.7}{\376\377\000B\000r\000i\000d\000g\000e\000\040\000M\000o\000d\000u\000l\000e\000s\000:\000\040\000K\000e\000r\000n\000e\000l\000\040\000I\000n\000t\000e\000g\000r\000a\000t\000i\000o\000n}{chapter.9}% 266
\BOOKMARK [1][-]{section.9.8}{\376\377\000T\000h\000e\000\040\000F\000l\000a\000g\000s\000h\000i\000p\000\040\000D\000i\000v\000e\000r\000g\000e\000n\000c\000e\000\040\000P\000r\000e\000d\000i\000c\000t\000i\000o\000n}{chapter.9}% 267
\BOOKMARK [2][-]{subsection.9.8.1}{\376\377\000T\000h\000e\000\040\000"\000S\000c\000i\000e\000n\000c\000e\000\040\000C\000a\000n\000'\000t\000\040\000C\000h\000e\000a\000t\000"\000\040\000T\000h\000e\000o\000r\000e\000m}{section.9.8}% 268
\BOOKMARK [2][-]{subsection.9.8.2}{\376\377\000I\000m\000p\000l\000e\000m\000e\000n\000t\000a\000t\000i\000o\000n}{section.9.8}% 269
\BOOKMARK [2][-]{subsection.9.8.3}{\376\377\000Q\000u\000a\000n\000t\000i\000t\000a\000t\000i\000v\000e\000\040\000B\000o\000u\000n\000d}{section.9.8}% 270
\BOOKMARK [1][-]{section.9.9}{\376\377\000S\000u\000m\000m\000a\000r\000y}{chapter.9}% 271
\BOOKMARK [0][-]{chapter.10}{\376\377\000E\000x\000t\000e\000n\000d\000e\000d\000\040\000P\000r\000o\000o\000f\000\040\000A\000r\000c\000h\000i\000t\000e\000c\000t\000u\000r\000e}{}% 272
\BOOKMARK [1][-]{section.10.1}{\376\377\000E\000x\000t\000e\000n\000d\000e\000d\000\040\000P\000r\000o\000o\000f\000\040\000A\000r\000c\000h\000i\000t\000e\000c\000t\000u\000r\000e}{chapter.10}% 273
\BOOKMARK [2][-]{subsection.10.1.1}{\376\377\000W\000h\000y\000\040\000M\000a\000c\000h\000i\000n\000e\000-\000C\000h\000e\000c\000k\000e\000d\000\040\000P\000r\000o\000o\000f\000s\000?}{section.10.1}% 274
\BOOKMARK [2][-]{subsection.10.1.2}{\376\377\000R\000e\000a\000d\000i\000n\000g\000\040\000C\000o\000q\000\040\000C\000o\000d\000e}{section.10.1}% 275
\BOOKMARK [1][-]{section.10.2}{\376\377\000P\000r\000o\000o\000f\000\040\000I\000n\000v\000e\000n\000t\000o\000r\000y}{chapter.10}% 276
\BOOKMARK [1][-]{section.10.3}{\376\377\000T\000h\000e\000\040\000T\000h\000i\000e\000l\000e\000M\000a\000c\000h\000i\000n\000e\000\040\000P\000r\000o\000o\000f\000\040\000S\000u\000i\000t\000e\000\040\000\050\0001\0000\0006\000\040\000F\000i\000l\000e\000s\000\051}{chapter.10}% 277
\BOOKMARK [2][-]{subsection.10.3.1}{\376\377\000P\000a\000r\000t\000i\000t\000i\000o\000n\000\040\000L\000o\000g\000i\000c}{section.10.3}% 278
\BOOKMARK [2][-]{subsection.10.3.2}{\376\377\000Q\000u\000a\000n\000t\000u\000m\000\040\000A\000d\000m\000i\000s\000s\000i\000b\000i\000l\000i\000t\000y\000\040\000a\000n\000d\000\040\000T\000s\000i\000r\000e\000l\000s\000o\000n\000\040\000B\000o\000u\000n\000d}{section.10.3}% 279
\BOOKMARK [2][-]{subsection.10.3.3}{\376\377\000B\000e\000l\000l\000\040\000I\000n\000e\000q\000u\000a\000l\000i\000t\000y\000\040\000F\000o\000r\000m\000a\000l\000i\000z\000a\000t\000i\000o\000n}{section.10.3}% 280
\BOOKMARK [2][-]{subsection.10.3.4}{\376\377\000T\000u\000r\000i\000n\000g\000\040\000M\000a\000c\000h\000i\000n\000e\000\040\000E\000m\000b\000e\000d\000d\000i\000n\000g}{section.10.3}% 281
\BOOKMARK [2][-]{subsection.10.3.5}{\376\377\000O\000r\000a\000c\000l\000e\000\040\000a\000n\000d\000\040\000I\000m\000p\000o\000s\000s\000i\000b\000i\000l\000i\000t\000y\000\040\000T\000h\000e\000o\000r\000e\000m\000s}{section.10.3}% 282
\BOOKMARK [2][-]{subsection.10.3.6}{\376\377\000A\000d\000d\000i\000t\000i\000o\000n\000a\000l\000\040\000T\000h\000i\000e\000l\000e\000M\000a\000c\000h\000i\000n\000e\000\040\000P\000r\000o\000o\000f\000s}{section.10.3}% 283
\BOOKMARK [1][-]{section.10.4}{\376\377\000T\000h\000e\000o\000r\000y\000\040\000o\000f\000\040\000E\000v\000e\000r\000y\000t\000h\000i\000n\000g\000\040\000\050\000T\000O\000E\000\051\000\040\000P\000r\000o\000o\000f\000s}{chapter.10}% 284
\BOOKMARK [2][-]{subsection.10.4.1}{\376\377\000T\000h\000e\000\040\000F\000i\000n\000a\000l\000\040\000O\000u\000t\000c\000o\000m\000e\000\040\000T\000h\000e\000o\000r\000e\000m}{section.10.4}% 285
\BOOKMARK [2][-]{subsection.10.4.2}{\376\377\000T\000h\000e\000\040\000N\000o\000-\000G\000o\000\040\000T\000h\000e\000o\000r\000e\000m}{section.10.4}% 286
\BOOKMARK [2][-]{subsection.10.4.3}{\376\377\000P\000h\000y\000s\000i\000c\000s\000\040\000R\000e\000q\000u\000i\000r\000e\000s\000\040\000E\000x\000t\000r\000a\000\040\000S\000t\000r\000u\000c\000t\000u\000r\000e}{section.10.4}% 287
\BOOKMARK [2][-]{subsection.10.4.4}{\376\377\000C\000l\000o\000s\000u\000r\000e\000\040\000T\000h\000e\000o\000r\000e\000m\000s}{section.10.4}% 288
\BOOKMARK [1][-]{section.10.5}{\376\377\000S\000p\000a\000c\000e\000t\000i\000m\000e\000\040\000E\000m\000e\000r\000g\000e\000n\000c\000e}{chapter.10}% 289
\BOOKMARK [2][-]{subsection.10.5.1}{\376\377\000C\000a\000u\000s\000a\000l\000\040\000S\000t\000r\000u\000c\000t\000u\000r\000e\000\040\000f\000r\000o\000m\000\040\000S\000t\000e\000p\000s}{section.10.5}% 290
\BOOKMARK [2][-]{subsection.10.5.2}{\376\377\000C\000o\000n\000e\000\040\000A\000l\000g\000e\000b\000r\000a}{section.10.5}% 291
\BOOKMARK [2][-]{subsection.10.5.3}{\376\377\000L\000o\000r\000e\000n\000t\000z\000\040\000S\000t\000r\000u\000c\000t\000u\000r\000e\000\040\000N\000o\000t\000\040\000F\000o\000r\000c\000e\000d}{section.10.5}% 292
\BOOKMARK [1][-]{section.10.6}{\376\377\000I\000m\000p\000o\000s\000s\000i\000b\000i\000l\000i\000t\000y\000\040\000T\000h\000e\000o\000r\000e\000m\000s}{chapter.10}% 293
\BOOKMARK [2][-]{subsection.10.6.1}{\376\377\000E\000n\000t\000r\000o\000p\000y\000\040\000I\000m\000p\000o\000s\000s\000i\000b\000i\000l\000i\000t\000y}{section.10.6}% 294
\BOOKMARK [2][-]{subsection.10.6.2}{\376\377\000P\000r\000o\000b\000a\000b\000i\000l\000i\000t\000y\000\040\000I\000m\000p\000o\000s\000s\000i\000b\000i\000l\000i\000t\000y}{section.10.6}% 295
\BOOKMARK [1][-]{section.10.7}{\376\377\000Q\000u\000a\000n\000t\000u\000m\000\040\000B\000o\000u\000n\000d\000\040\000P\000r\000o\000o\000f\000s}{chapter.10}% 296
\BOOKMARK [2][-]{subsection.10.7.1}{\376\377\000K\000e\000r\000n\000e\000l\000-\000L\000e\000v\000e\000l\000\040\000G\000u\000a\000r\000a\000n\000t\000e\000e}{section.10.7}% 297
\BOOKMARK [2][-]{subsection.10.7.2}{\376\377\000Q\000u\000a\000n\000t\000i\000t\000a\000t\000i\000v\000e\000\040\000\040\000L\000o\000w\000e\000r\000\040\000B\000o\000u\000n\000d}{section.10.7}% 298
\BOOKMARK [1][-]{section.10.8}{\376\377\000N\000o\000\040\000F\000r\000e\000e\000\040\000I\000n\000s\000i\000g\000h\000t\000\040\000I\000n\000t\000e\000r\000f\000a\000c\000e}{chapter.10}% 299
\BOOKMARK [2][-]{subsection.10.8.1}{\376\377\000A\000b\000s\000t\000r\000a\000c\000t\000\040\000I\000n\000t\000e\000r\000f\000a\000c\000e}{section.10.8}% 300
\BOOKMARK [2][-]{subsection.10.8.2}{\376\377\000K\000e\000r\000n\000e\000l\000\040\000I\000n\000s\000t\000a\000n\000c\000e}{section.10.8}% 301
\BOOKMARK [1][-]{section.10.9}{\376\377\000S\000e\000l\000f\000-\000R\000e\000f\000e\000r\000e\000n\000c\000e}{chapter.10}% 302
\BOOKMARK [1][-]{section.10.10}{\376\377\000M\000o\000d\000u\000l\000a\000r\000\040\000S\000i\000m\000u\000l\000a\000t\000i\000o\000n\000\040\000P\000r\000o\000o\000f\000s}{chapter.10}% 303
\BOOKMARK [2][-]{subsection.10.10.1}{\376\377\000S\000u\000b\000s\000u\000m\000p\000t\000i\000o\000n\000\040\000T\000h\000e\000o\000r\000e\000m}{section.10.10}% 304
\BOOKMARK [1][-]{section.10.11}{\376\377\000F\000a\000l\000s\000i\000f\000i\000a\000b\000l\000e\000\040\000P\000r\000e\000d\000i\000c\000t\000i\000o\000n\000s}{chapter.10}% 305
\BOOKMARK [1][-]{section.10.12}{\376\377\000S\000u\000m\000m\000a\000r\000y}{chapter.10}% 306
\BOOKMARK [0][-]{chapter.11}{\376\377\000E\000x\000p\000e\000r\000i\000m\000e\000n\000t\000a\000l\000\040\000V\000a\000l\000i\000d\000a\000t\000i\000o\000n\000\040\000S\000u\000i\000t\000e}{}% 307
\BOOKMARK [1][-]{section.11.1}{\376\377\000E\000x\000p\000e\000r\000i\000m\000e\000n\000t\000a\000l\000\040\000V\000a\000l\000i\000d\000a\000t\000i\000o\000n\000\040\000S\000u\000i\000t\000e}{chapter.11}% 308
\BOOKMARK [2][-]{subsection.11.1.1}{\376\377\000T\000h\000e\000\040\000R\000o\000l\000e\000\040\000o\000f\000\040\000E\000x\000p\000e\000r\000i\000m\000e\000n\000t\000s\000\040\000i\000n\000\040\000T\000h\000e\000o\000r\000e\000t\000i\000c\000a\000l\000\040\000C\000o\000m\000p\000u\000t\000e\000r\000\040\000S\000c\000i\000e\000n\000c\000e}{section.11.1}% 309
\BOOKMARK [2][-]{subsection.11.1.2}{\376\377\000F\000a\000l\000s\000i\000f\000i\000c\000a\000t\000i\000o\000n\000\040\000v\000s\000.\000\040\000C\000o\000n\000f\000i\000r\000m\000a\000t\000i\000o\000n}{section.11.1}% 310
\BOOKMARK [1][-]{section.11.2}{\376\377\000E\000x\000p\000e\000r\000i\000m\000e\000n\000t\000\040\000C\000a\000t\000e\000g\000o\000r\000i\000e\000s}{chapter.11}% 311
\BOOKMARK [1][-]{section.11.3}{\376\377\000P\000h\000y\000s\000i\000c\000s\000\040\000E\000x\000p\000e\000r\000i\000m\000e\000n\000t\000s}{chapter.11}% 312
\BOOKMARK [2][-]{subsection.11.3.1}{\376\377\000L\000a\000n\000d\000a\000u\000e\000r\000\040\000P\000r\000i\000n\000c\000i\000p\000l\000e\000\040\000V\000a\000l\000i\000d\000a\000t\000i\000o\000n}{section.11.3}% 313
\BOOKMARK [2][-]{subsection.11.3.2}{\376\377\000E\000i\000n\000s\000t\000e\000i\000n\000\040\000L\000o\000c\000a\000l\000i\000t\000y\000\040\000T\000e\000s\000t}{section.11.3}% 314
\BOOKMARK [2][-]{subsection.11.3.3}{\376\377\000E\000n\000t\000r\000o\000p\000y\000\040\000C\000o\000a\000r\000s\000e\000-\000G\000r\000a\000i\000n\000i\000n\000g}{section.11.3}% 315
\BOOKMARK [2][-]{subsection.11.3.4}{\376\377\000O\000b\000s\000e\000r\000v\000e\000r\000\040\000E\000f\000f\000e\000c\000t}{section.11.3}% 316
\BOOKMARK [2][-]{subsection.11.3.5}{\376\377\000C\000H\000S\000H\000\040\000G\000a\000m\000e\000\040\000D\000e\000m\000o\000n\000s\000t\000r\000a\000t\000i\000o\000n}{section.11.3}% 317
\BOOKMARK [1][-]{section.11.4}{\376\377\000C\000o\000m\000p\000l\000e\000x\000i\000t\000y\000\040\000G\000a\000p\000\040\000E\000x\000p\000e\000r\000i\000m\000e\000n\000t\000s}{chapter.11}% 318
\BOOKMARK [2][-]{subsection.11.4.1}{\376\377\000P\000a\000r\000t\000i\000t\000i\000o\000n\000\040\000D\000i\000s\000c\000o\000v\000e\000r\000y\000\040\000C\000o\000s\000t}{section.11.4}% 319
\BOOKMARK [2][-]{subsection.11.4.2}{\376\377\000C\000o\000m\000p\000l\000e\000x\000i\000t\000y\000\040\000G\000a\000p\000\040\000D\000e\000m\000o\000n\000s\000t\000r\000a\000t\000i\000o\000n}{section.11.4}% 320
\BOOKMARK [1][-]{section.11.5}{\376\377\000F\000a\000l\000s\000i\000f\000i\000c\000a\000t\000i\000o\000n\000\040\000E\000x\000p\000e\000r\000i\000m\000e\000n\000t\000s}{chapter.11}% 321
\BOOKMARK [2][-]{subsection.11.5.1}{\376\377\000R\000e\000c\000e\000i\000p\000t\000\040\000F\000o\000r\000g\000e\000r\000y\000\040\000A\000t\000t\000e\000m\000p\000t}{section.11.5}% 322
\BOOKMARK [2][-]{subsection.11.5.2}{\376\377\000F\000r\000e\000e\000\040\000I\000n\000s\000i\000g\000h\000t\000\040\000A\000t\000t\000a\000c\000k}{section.11.5}% 323
\BOOKMARK [2][-]{subsection.11.5.3}{\376\377\000S\000u\000p\000r\000a\000-\000Q\000u\000a\000n\000t\000u\000m\000\040\000A\000t\000t\000a\000c\000k}{section.11.5}% 324
\BOOKMARK [1][-]{section.11.6}{\376\377\000B\000e\000n\000c\000h\000m\000a\000r\000k\000\040\000S\000u\000i\000t\000e}{chapter.11}% 325
\BOOKMARK [2][-]{subsection.11.6.1}{\376\377\000M\000i\000c\000r\000o\000-\000B\000e\000n\000c\000h\000m\000a\000r\000k\000s}{section.11.6}% 326
\BOOKMARK [2][-]{subsection.11.6.2}{\376\377\000M\000a\000c\000r\000o\000-\000B\000e\000n\000c\000h\000m\000a\000r\000k\000s}{section.11.6}% 327
\BOOKMARK [2][-]{subsection.11.6.3}{\376\377\000I\000s\000o\000m\000o\000r\000p\000h\000i\000s\000m\000\040\000B\000e\000n\000c\000h\000m\000a\000r\000k\000s}{section.11.6}% 328
\BOOKMARK [1][-]{section.11.7}{\376\377\000D\000e\000m\000o\000n\000s\000t\000r\000a\000t\000i\000o\000n\000s}{chapter.11}% 329
\BOOKMARK [2][-]{subsection.11.7.1}{\376\377\000C\000o\000r\000e\000\040\000D\000e\000m\000o\000n\000s\000t\000r\000a\000t\000i\000o\000n\000s}{section.11.7}% 330
\BOOKMARK [2][-]{subsection.11.7.2}{\376\377\000C\000H\000S\000H\000\040\000G\000a\000m\000e\000\040\000D\000e\000m\000o}{section.11.7}% 331
\BOOKMARK [2][-]{subsection.11.7.3}{\376\377\000R\000e\000s\000e\000a\000r\000c\000h\000\040\000D\000e\000m\000o\000n\000s\000t\000r\000a\000t\000i\000o\000n\000s}{section.11.7}% 332
\BOOKMARK [1][-]{section.11.8}{\376\377\000I\000n\000t\000e\000g\000r\000a\000t\000i\000o\000n\000\040\000T\000e\000s\000t\000s}{chapter.11}% 333
\BOOKMARK [2][-]{subsection.11.8.1}{\376\377\000E\000n\000d\000-\000t\000o\000-\000E\000n\000d\000\040\000T\000e\000s\000t\000\040\000S\000u\000i\000t\000e}{section.11.8}% 334
\BOOKMARK [2][-]{subsection.11.8.2}{\376\377\000I\000s\000o\000m\000o\000r\000p\000h\000i\000s\000m\000\040\000T\000e\000s\000t\000s}{section.11.8}% 335
\BOOKMARK [2][-]{subsection.11.8.3}{\376\377\000F\000u\000z\000z\000\040\000T\000e\000s\000t\000i\000n\000g}{section.11.8}% 336
\BOOKMARK [1][-]{section.11.9}{\376\377\000C\000o\000n\000t\000i\000n\000u\000o\000u\000s\000\040\000I\000n\000t\000e\000g\000r\000a\000t\000i\000o\000n}{chapter.11}% 337
\BOOKMARK [2][-]{subsection.11.9.1}{\376\377\000C\000I\000\040\000P\000i\000p\000e\000l\000i\000n\000e}{section.11.9}% 338
\BOOKMARK [2][-]{subsection.11.9.2}{\376\377\000I\000n\000q\000u\000i\000s\000i\000t\000o\000r\000\040\000E\000n\000f\000o\000r\000c\000e\000m\000e\000n\000t}{section.11.9}% 339
\BOOKMARK [1][-]{section.11.10}{\376\377\000A\000r\000t\000i\000f\000a\000c\000t\000\040\000G\000e\000n\000e\000r\000a\000t\000i\000o\000n}{chapter.11}% 340
\BOOKMARK [2][-]{subsection.11.10.1}{\376\377\000R\000e\000c\000e\000i\000p\000t\000s\000\040\000D\000i\000r\000e\000c\000t\000o\000r\000y}{section.11.10}% 341
\BOOKMARK [2][-]{subsection.11.10.2}{\376\377\000P\000r\000o\000o\000f\000p\000a\000c\000k\000s}{section.11.10}% 342
\BOOKMARK [1][-]{section.11.11}{\376\377\000S\000u\000m\000m\000a\000r\000y}{chapter.11}% 343
\BOOKMARK [0][-]{chapter.12}{\376\377\000P\000h\000y\000s\000i\000c\000s\000\040\000M\000o\000d\000e\000l\000s\000\040\000a\000n\000d\000\040\000A\000l\000g\000o\000r\000i\000t\000h\000m\000i\000c\000\040\000P\000r\000i\000m\000i\000t\000i\000v\000e\000s}{}% 344
\BOOKMARK [1][-]{section.12.1}{\376\377\000P\000h\000y\000s\000i\000c\000s\000\040\000M\000o\000d\000e\000l\000s\000\040\000a\000n\000d\000\040\000A\000l\000g\000o\000r\000i\000t\000h\000m\000i\000c\000\040\000P\000r\000i\000m\000i\000t\000i\000v\000e\000s}{chapter.12}% 345
\BOOKMARK [2][-]{subsection.12.1.1}{\376\377\000C\000o\000m\000p\000u\000t\000a\000t\000i\000o\000n\000\040\000a\000s\000\040\000P\000h\000y\000s\000i\000c\000s}{section.12.1}% 346
\BOOKMARK [2][-]{subsection.12.1.2}{\376\377\000F\000r\000o\000m\000\040\000T\000h\000e\000o\000r\000y\000\040\000t\000o\000\040\000A\000l\000g\000o\000r\000i\000t\000h\000m\000s}{section.12.1}% 347
\BOOKMARK [1][-]{section.12.2}{\376\377\000P\000h\000y\000s\000i\000c\000s\000\040\000M\000o\000d\000e\000l\000s}{chapter.12}% 348
\BOOKMARK [2][-]{subsection.12.2.1}{\376\377\000W\000a\000v\000e\000\040\000P\000r\000o\000p\000a\000g\000a\000t\000i\000o\000n\000\040\000M\000o\000d\000e\000l}{section.12.2}% 349
\BOOKMARK [2][-]{subsection.12.2.2}{\376\377\000D\000i\000s\000s\000i\000p\000a\000t\000i\000v\000e\000\040\000M\000o\000d\000e\000l}{section.12.2}% 350
\BOOKMARK [2][-]{subsection.12.2.3}{\376\377\000D\000i\000s\000c\000r\000e\000t\000e\000\040\000M\000o\000d\000e\000l}{section.12.2}% 351
\BOOKMARK [1][-]{section.12.3}{\376\377\000S\000h\000o\000r\000\040\000P\000r\000i\000m\000i\000t\000i\000v\000e\000s}{chapter.12}% 352
\BOOKMARK [2][-]{subsection.12.3.1}{\376\377\000P\000e\000r\000i\000o\000d\000\040\000F\000i\000n\000d\000i\000n\000g}{section.12.3}% 353
\BOOKMARK [2][-]{subsection.12.3.2}{\376\377\000V\000e\000r\000i\000f\000i\000e\000d\000\040\000E\000x\000a\000m\000p\000l\000e\000s}{section.12.3}% 354
\BOOKMARK [2][-]{subsection.12.3.3}{\376\377\000E\000u\000c\000l\000i\000d\000e\000a\000n\000\040\000A\000l\000g\000o\000r\000i\000t\000h\000m}{section.12.3}% 355
\BOOKMARK [2][-]{subsection.12.3.4}{\376\377\000M\000o\000d\000u\000l\000a\000r\000\040\000A\000r\000i\000t\000h\000m\000e\000t\000i\000c}{section.12.3}% 356
\BOOKMARK [1][-]{section.12.4}{\376\377\000B\000r\000i\000d\000g\000e\000\040\000M\000o\000d\000u\000l\000e\000s}{chapter.12}% 357
\BOOKMARK [2][-]{subsection.12.4.1}{\376\377\000R\000a\000n\000d\000o\000m\000n\000e\000s\000s\000\040\000B\000r\000i\000d\000g\000e}{section.12.4}% 358
\BOOKMARK [2][-]{subsection.12.4.2}{\376\377\000A\000l\000l\000\040\000B\000r\000i\000d\000g\000e\000\040\000M\000o\000d\000u\000l\000e\000s}{section.12.4}% 359
\BOOKMARK [1][-]{section.12.5}{\376\377\000F\000l\000a\000g\000s\000h\000i\000p\000\040\000D\000I\000\040\000R\000a\000n\000d\000o\000m\000n\000e\000s\000s\000\040\000T\000r\000a\000c\000k}{chapter.12}% 360
\BOOKMARK [2][-]{subsection.12.5.1}{\376\377\000P\000r\000o\000t\000o\000c\000o\000l\000\040\000F\000l\000o\000w}{section.12.5}% 361
\BOOKMARK [2][-]{subsection.12.5.2}{\376\377\000T\000h\000e\000\040\000Q\000u\000a\000n\000t\000i\000t\000a\000t\000i\000v\000e\000\040\000B\000o\000u\000n\000d}{section.12.5}% 362
\BOOKMARK [2][-]{subsection.12.5.3}{\376\377\000C\000o\000n\000f\000l\000i\000c\000t\000\040\000C\000h\000a\000r\000t}{section.12.5}% 363
\BOOKMARK [1][-]{section.12.6}{\376\377\000T\000h\000e\000o\000r\000y\000\040\000o\000f\000\040\000E\000v\000e\000r\000y\000t\000h\000i\000n\000g\000\040\000L\000i\000m\000i\000t\000s}{chapter.12}% 364
\BOOKMARK [2][-]{subsection.12.6.1}{\376\377\000W\000h\000a\000t\000\040\000t\000h\000e\000\040\000K\000e\000r\000n\000e\000l\000\040\000F\000o\000r\000c\000e\000s}{section.12.6}% 365
\BOOKMARK [2][-]{subsection.12.6.2}{\376\377\000W\000h\000a\000t\000\040\000t\000h\000e\000\040\000K\000e\000r\000n\000e\000l\000\040\000C\000a\000n\000n\000o\000t\000\040\000F\000o\000r\000c\000e}{section.12.6}% 366
\BOOKMARK [1][-]{section.12.7}{\376\377\000C\000o\000m\000p\000l\000e\000x\000i\000t\000y\000\040\000C\000o\000m\000p\000a\000r\000i\000s\000o\000n}{chapter.12}% 367
\BOOKMARK [1][-]{section.12.8}{\376\377\000S\000u\000m\000m\000a\000r\000y}{chapter.12}% 368
\BOOKMARK [0][-]{chapter.13}{\376\377\000H\000a\000r\000d\000w\000a\000r\000e\000\040\000I\000m\000p\000l\000e\000m\000e\000n\000t\000a\000t\000i\000o\000n\000\040\000a\000n\000d\000\040\000D\000e\000m\000o\000n\000s\000t\000r\000a\000t\000i\000o\000n\000s}{}% 369
\BOOKMARK [1][-]{section.13.1}{\376\377\000H\000a\000r\000d\000w\000a\000r\000e\000\040\000I\000m\000p\000l\000e\000m\000e\000n\000t\000a\000t\000i\000o\000n\000\040\000a\000n\000d\000\040\000D\000e\000m\000o\000n\000s\000t\000r\000a\000t\000i\000o\000n\000s}{chapter.13}% 370
\BOOKMARK [2][-]{subsection.13.1.1}{\376\377\000W\000h\000y\000\040\000H\000a\000r\000d\000w\000a\000r\000e\000\040\000M\000a\000t\000t\000e\000r\000s}{section.13.1}% 371
\BOOKMARK [2][-]{subsection.13.1.2}{\376\377\000F\000r\000o\000m\000\040\000P\000r\000o\000o\000f\000s\000\040\000t\000o\000\040\000S\000i\000l\000i\000c\000o\000n}{section.13.1}% 372
\BOOKMARK [1][-]{section.13.2}{\376\377\000H\000a\000r\000d\000w\000a\000r\000e\000\040\000A\000r\000c\000h\000i\000t\000e\000c\000t\000u\000r\000e}{chapter.13}% 373
\BOOKMARK [2][-]{subsection.13.2.1}{\376\377\000C\000o\000r\000e\000\040\000M\000o\000d\000u\000l\000e\000s}{section.13.2}% 374
\BOOKMARK [2][-]{subsection.13.2.2}{\376\377\000I\000n\000s\000t\000r\000u\000c\000t\000i\000o\000n\000\040\000E\000n\000c\000o\000d\000i\000n\000g}{section.13.2}% 375
\BOOKMARK [2][-]{subsection.13.2.3}{\376\377\000-\000A\000L\000U\000\040\000D\000e\000s\000i\000g\000n}{section.13.2}% 376
\BOOKMARK [2][-]{subsection.13.2.4}{\376\377\000S\000t\000a\000t\000e\000\040\000S\000e\000r\000i\000a\000l\000i\000z\000a\000t\000i\000o\000n}{section.13.2}% 377
\BOOKMARK [2][-]{subsection.13.2.5}{\376\377\000S\000y\000n\000t\000h\000e\000s\000i\000s\000\040\000R\000e\000s\000u\000l\000t\000s}{section.13.2}% 378
\BOOKMARK [1][-]{section.13.3}{\376\377\000T\000e\000s\000t\000b\000e\000n\000c\000h\000\040\000I\000n\000f\000r\000a\000s\000t\000r\000u\000c\000t\000u\000r\000e}{chapter.13}% 379
\BOOKMARK [2][-]{subsection.13.3.1}{\376\377\000M\000a\000i\000n\000\040\000T\000e\000s\000t\000b\000e\000n\000c\000h}{section.13.3}% 380
\BOOKMARK [2][-]{subsection.13.3.2}{\376\377\000F\000u\000z\000z\000i\000n\000g\000\040\000H\000a\000r\000n\000e\000s\000s}{section.13.3}% 381
\BOOKMARK [1][-]{section.13.4}{\376\377\0003\000-\000L\000a\000y\000e\000r\000\040\000I\000s\000o\000m\000o\000r\000p\000h\000i\000s\000m\000\040\000E\000n\000f\000o\000r\000c\000e\000m\000e\000n\000t}{chapter.13}% 382
\BOOKMARK [1][-]{section.13.5}{\376\377\000D\000e\000m\000o\000n\000s\000t\000r\000a\000t\000i\000o\000n\000\040\000S\000u\000i\000t\000e}{chapter.13}% 383
\BOOKMARK [2][-]{subsection.13.5.1}{\376\377\000C\000o\000r\000e\000\040\000D\000e\000m\000o\000n\000s\000t\000r\000a\000t\000i\000o\000n\000s}{section.13.5}% 384
\BOOKMARK [2][-]{subsection.13.5.2}{\376\377\000R\000e\000s\000e\000a\000r\000c\000h\000\040\000D\000e\000m\000o\000n\000s\000t\000r\000a\000t\000i\000o\000n\000s}{section.13.5}% 385
\BOOKMARK [2][-]{subsection.13.5.3}{\376\377\000V\000e\000r\000i\000f\000i\000c\000a\000t\000i\000o\000n\000\040\000D\000e\000m\000o\000n\000s\000t\000r\000a\000t\000i\000o\000n\000s}{section.13.5}% 386
\BOOKMARK [2][-]{subsection.13.5.4}{\376\377\000P\000r\000a\000c\000t\000i\000c\000a\000l\000\040\000E\000x\000a\000m\000p\000l\000e\000s}{section.13.5}% 387
\BOOKMARK [2][-]{subsection.13.5.5}{\376\377\000C\000H\000S\000H\000\040\000F\000l\000a\000g\000s\000h\000i\000p\000\040\000D\000e\000m\000o}{section.13.5}% 388
\BOOKMARK [1][-]{section.13.6}{\376\377\000S\000t\000a\000n\000d\000a\000r\000d\000\040\000P\000r\000o\000g\000r\000a\000m\000s}{chapter.13}% 389
\BOOKMARK [1][-]{section.13.7}{\376\377\000B\000e\000n\000c\000h\000m\000a\000r\000k\000s}{chapter.13}% 390
\BOOKMARK [2][-]{subsection.13.7.1}{\376\377\000H\000a\000r\000d\000w\000a\000r\000e\000\040\000B\000e\000n\000c\000h\000m\000a\000r\000k\000s}{section.13.7}% 391
\BOOKMARK [2][-]{subsection.13.7.2}{\376\377\000D\000e\000m\000o\000\040\000B\000e\000n\000c\000h\000m\000a\000r\000k\000s}{section.13.7}% 392
\BOOKMARK [1][-]{section.13.8}{\376\377\000I\000n\000t\000e\000g\000r\000a\000t\000i\000o\000n\000\040\000P\000o\000i\000n\000t\000s}{chapter.13}% 393
\BOOKMARK [2][-]{subsection.13.8.1}{\376\377\000P\000y\000t\000h\000o\000n\000\040\000V\000M\000\040\000I\000n\000t\000e\000g\000r\000a\000t\000i\000o\000n}{section.13.8}% 394
\BOOKMARK [2][-]{subsection.13.8.2}{\376\377\000E\000x\000t\000r\000a\000c\000t\000e\000d\000\040\000R\000u\000n\000n\000e\000r\000\040\000I\000n\000t\000e\000g\000r\000a\000t\000i\000o\000n}{section.13.8}% 395
\BOOKMARK [2][-]{subsection.13.8.3}{\376\377\000R\000T\000L\000\040\000I\000n\000t\000e\000g\000r\000a\000t\000i\000o\000n}{section.13.8}% 396
\BOOKMARK [1][-]{section.13.9}{\376\377\000S\000u\000m\000m\000a\000r\000y}{chapter.13}% 397
\BOOKMARK [0][-]{appendix.A}{\376\377\000C\000o\000m\000p\000l\000e\000t\000e\000\040\000T\000h\000e\000o\000r\000e\000m\000\040\000I\000n\000d\000e\000x}{}% 398
\BOOKMARK [1][-]{section.A.1}{\376\377\000C\000o\000m\000p\000l\000e\000t\000e\000\040\000T\000h\000e\000o\000r\000e\000m\000\040\000I\000n\000d\000e\000x}{appendix.A}% 399
\BOOKMARK [2][-]{subsection.A.1.1}{\376\377\000H\000o\000w\000\040\000t\000o\000\040\000R\000e\000a\000d\000\040\000T\000h\000i\000s\000\040\000I\000n\000d\000e\000x}{section.A.1}% 400
\BOOKMARK [2][-]{subsection.A.1.2}{\376\377\000T\000h\000e\000o\000r\000e\000m\000\040\000N\000a\000m\000i\000n\000g\000\040\000C\000o\000n\000v\000e\000n\000t\000i\000o\000n\000s}{section.A.1}% 401
\BOOKMARK [1][-]{section.A.2}{\376\377\000K\000e\000r\000n\000e\000l\000\040\000T\000h\000e\000o\000r\000e\000m\000s\000\040\000\050\0003\0004\000\040\000f\000i\000l\000e\000s\000\051}{appendix.A}% 402
\BOOKMARK [2][-]{subsection.A.2.1}{\376\377\000C\000o\000r\000e\000\040\000S\000e\000m\000a\000n\000t\000i\000c\000s}{section.A.2}% 403
\BOOKMARK [2][-]{subsection.A.2.2}{\376\377\000C\000o\000n\000s\000e\000r\000v\000a\000t\000i\000o\000n\000\040\000L\000a\000w\000s}{section.A.2}% 404
\BOOKMARK [2][-]{subsection.A.2.3}{\376\377\000I\000m\000p\000o\000s\000s\000i\000b\000i\000l\000i\000t\000y\000\040\000R\000e\000s\000u\000l\000t\000s}{section.A.2}% 405
\BOOKMARK [2][-]{subsection.A.2.4}{\376\377\000T\000O\000E\000\040\000R\000e\000s\000u\000l\000t\000s}{section.A.2}% 406
\BOOKMARK [2][-]{subsection.A.2.5}{\376\377\000S\000u\000b\000s\000u\000m\000p\000t\000i\000o\000n}{section.A.2}% 407
\BOOKMARK [1][-]{section.A.3}{\376\377\000K\000e\000r\000n\000e\000l\000\040\000T\000O\000E\000\040\000T\000h\000e\000o\000r\000e\000m\000s\000\040\000\050\0006\000\040\000f\000i\000l\000e\000s\000\051}{appendix.A}% 408
\BOOKMARK [1][-]{section.A.4}{\376\377\000T\000h\000i\000e\000l\000e\000M\000a\000c\000h\000i\000n\000e\000\040\000T\000h\000e\000o\000r\000e\000m\000s\000\040\000\050\0001\0000\0006\000\040\000f\000i\000l\000e\000s\000\051}{appendix.A}% 409
\BOOKMARK [2][-]{subsection.A.4.1}{\376\377\000Q\000u\000a\000n\000t\000u\000m\000\040\000B\000o\000u\000n\000d\000s}{section.A.4}% 410
\BOOKMARK [2][-]{subsection.A.4.2}{\376\377\000P\000a\000r\000t\000i\000t\000i\000o\000n\000\040\000L\000o\000g\000i\000c}{section.A.4}% 411
\BOOKMARK [2][-]{subsection.A.4.3}{\376\377\000O\000r\000a\000c\000l\000e\000\040\000a\000n\000d\000\040\000H\000y\000p\000e\000r\000c\000o\000m\000p\000u\000t\000a\000t\000i\000o\000n}{section.A.4}% 412
\BOOKMARK [2][-]{subsection.A.4.4}{\376\377\000V\000e\000r\000i\000f\000i\000c\000a\000t\000i\000o\000n}{section.A.4}% 413
\BOOKMARK [1][-]{section.A.5}{\376\377\000B\000r\000i\000d\000g\000e\000\040\000T\000h\000e\000o\000r\000e\000m\000s\000\040\000\050\0006\000\040\000f\000i\000l\000e\000s\000\051}{appendix.A}% 414
\BOOKMARK [1][-]{section.A.6}{\376\377\000P\000h\000y\000s\000i\000c\000s\000\040\000M\000o\000d\000e\000l\000\040\000T\000h\000e\000o\000r\000e\000m\000s\000\040\000\050\0003\000\040\000f\000i\000l\000e\000s\000\051}{appendix.A}% 415
\BOOKMARK [1][-]{section.A.7}{\376\377\000S\000h\000o\000r\000\040\000P\000r\000i\000m\000i\000t\000i\000v\000e\000s\000\040\000T\000h\000e\000o\000r\000e\000m\000s\000\040\000\050\0003\000\040\000f\000i\000l\000e\000s\000\051}{appendix.A}% 416
\BOOKMARK [1][-]{section.A.8}{\376\377\000N\000o\000F\000I\000\040\000T\000h\000e\000o\000r\000e\000m\000s\000\040\000\050\0003\000\040\000f\000i\000l\000e\000s\000\051}{appendix.A}% 417
\BOOKMARK [1][-]{section.A.9}{\376\377\000S\000e\000l\000f\000-\000R\000e\000f\000e\000r\000e\000n\000c\000e\000\040\000T\000h\000e\000o\000r\000e\000m\000s\000\040\000\050\0001\000\040\000f\000i\000l\000e\000\051}{appendix.A}% 418
\BOOKMARK [1][-]{section.A.10}{\376\377\000M\000o\000d\000u\000l\000a\000r\000\040\000P\000r\000o\000o\000f\000s\000\040\000T\000h\000e\000o\000r\000e\000m\000s\000\040\000\050\0008\000\040\000f\000i\000l\000e\000s\000\051}{appendix.A}% 419
\BOOKMARK [1][-]{section.A.11}{\376\377\000T\000h\000e\000o\000r\000e\000m\000\040\000C\000o\000u\000n\000t\000\040\000S\000u\000m\000m\000a\000r\000y}{appendix.A}% 420
\BOOKMARK [1][-]{section.A.12}{\376\377\000Z\000e\000r\000o\000-\000A\000d\000m\000i\000t\000\040\000V\000e\000r\000i\000f\000i\000c\000a\000t\000i\000o\000n}{appendix.A}% 421
\BOOKMARK [1][-]{section.A.13}{\376\377\000C\000o\000m\000p\000i\000l\000a\000t\000i\000o\000n\000\040\000S\000t\000a\000t\000u\000s}{appendix.A}% 422
\BOOKMARK [1][-]{section.A.14}{\376\377\000C\000r\000o\000s\000s\000-\000R\000e\000f\000e\000r\000e\000n\000c\000e\000\040\000w\000i\000t\000h\000\040\000P\000y\000t\000h\000o\000n\000\040\000T\000e\000s\000t\000s}{appendix.A}% 423
