\BOOKMARK [1][-]{section.1}{\376\377\000L\000e\000t\000\040\000m\000e\000\040\000b\000e\000\040\000s\000t\000r\000a\000i\000g\000h\000t\000\040\000w\000i\000t\000h\000\040\000y\000o\000u}{}% 1
\BOOKMARK [1][-]{section.2}{\376\377\000T\000h\000e\000\040\000T\000u\000r\000i\000n\000g\000\040\000M\000a\000c\000h\000i\000n\000e\000:\000\040\000w\000h\000a\000t\000\040\000i\000t\000\040\000c\000a\000n\000\040\000d\000o\000\040\000a\000n\000d\000\040\000w\000h\000a\000t\000\040\000i\000t\000\040\000c\000a\000n\000n\000o\000t\000\040\000s\000e\000e}{}% 2
\BOOKMARK [2][-]{subsection.2.1}{\376\377\000W\000h\000a\000t\000\040\000a\000\040\000T\000u\000r\000i\000n\000g\000\040\000m\000a\000c\000h\000i\000n\000e\000\040\000i\000s}{section.2}% 3
\BOOKMARK [2][-]{subsection.2.2}{\376\377\000T\000h\000e\000\040\000b\000l\000i\000n\000d\000\040\000s\000p\000o\000t}{section.2}% 4
\BOOKMARK [2][-]{subsection.2.3}{\376\377\000C\000l\000a\000s\000s\000i\000c\000a\000l\000\040\000c\000o\000m\000p\000l\000e\000x\000i\000t\000y\000\040\000i\000g\000n\000o\000r\000e\000s\000\040\000s\000t\000r\000u\000c\000t\000u\000r\000a\000l\000\040\000c\000o\000s\000t}{section.2}% 5
\BOOKMARK [1][-]{section.3}{\376\377\000W\000h\000a\000t\000\040\000s\000t\000r\000u\000c\000t\000u\000r\000e\000\040\000i\000s}{}% 6
\BOOKMARK [2][-]{subsection.3.1}{\376\377\000P\000a\000r\000t\000i\000t\000i\000o\000n\000s}{section.3}% 7
\BOOKMARK [2][-]{subsection.3.2}{\376\377\000A\000x\000i\000o\000m\000s\000\040\000o\000n\000\040\000m\000o\000d\000u\000l\000e\000s}{section.3}% 8
\BOOKMARK [2][-]{subsection.3.3}{\376\377\000S\000t\000r\000u\000c\000t\000u\000r\000a\000l\000\040\000g\000a\000i\000n}{section.3}% 9
\BOOKMARK [1][-]{section.4}{\376\377\000S\000t\000r\000u\000c\000t\000u\000r\000a\000l\000\040\000e\000n\000t\000i\000t\000l\000e\000m\000e\000n\000t}{}% 10
\BOOKMARK [2][-]{subsection.4.1}{\376\377\000W\000h\000a\000t\000\040\000n\000a\000r\000r\000o\000w\000i\000n\000g\000\040\000b\000u\000y\000s}{section.4}% 11
\BOOKMARK [2][-]{subsection.4.2}{\376\377\000T\000h\000e\000\040\000b\000o\000u\000n\000d\000a\000r\000y}{section.4}% 12
\BOOKMARK [1][-]{section.5}{\376\377\000W\000h\000a\000t\000\040\000i\000n\000s\000i\000g\000h\000t\000\040\000i\000s\000,\000\040\000a\000n\000d\000\040\000w\000h\000y\000\040\000i\000t\000\040\000c\000a\000n\000n\000o\000t\000\040\000b\000e\000\040\000f\000r\000e\000e}{}% 13
\BOOKMARK [2][-]{subsection.5.1}{\376\377\000T\000h\000e\000\040\000t\000h\000r\000e\000e\000\040\000t\000i\000e\000r\000s\000\040\000o\000f\000\040\000o\000b\000s\000e\000r\000v\000a\000t\000i\000o\000n}{section.5}% 14
\BOOKMARK [2][-]{subsection.5.2}{\376\377\000W\000h\000y\000\040\000i\000n\000s\000i\000g\000h\000t\000\040\000c\000a\000n\000n\000o\000t\000\040\000b\000e\000\040\000f\000r\000e\000e}{section.5}% 15
\BOOKMARK [1][-]{section.6}{\376\377\000T\000h\000e\000\040\000m\000u\000\040\000l\000e\000d\000g\000e\000r}{}% 16
\BOOKMARK [2][-]{subsection.6.1}{\376\377\000W\000h\000a\000t\000\040\000m\000u\000\040\000i\000s}{section.6}% 17
\BOOKMARK [2][-]{subsection.6.2}{\376\377\000W\000h\000y\000\040\000m\000u\000\040\000i\000s\000\040\000t\000h\000e\000\040\000u\000n\000i\000q\000u\000e\000\040\000c\000a\000n\000o\000n\000i\000c\000a\000l\000\040\000c\000o\000s\000t\000\040\000m\000e\000a\000s\000u\000r\000e}{section.6}% 18
\BOOKMARK [2][-]{subsection.6.3}{\376\377\000T\000h\000e\000\040\000L\000A\000S\000S\000E\000R\000T\000\040\000c\000o\000s\000t\000\040\000f\000o\000r\000m\000u\000l\000a}{section.6}% 19
\BOOKMARK [1][-]{section.7}{\376\377\000N\000o\000\040\000F\000r\000e\000e\000\040\000I\000n\000s\000i\000g\000h\000t\000:\000\040\000t\000h\000e\000\040\000f\000i\000r\000s\000t\000\040\000c\000o\000n\000s\000e\000r\000v\000a\000t\000i\000o\000n\000\040\000l\000a\000w}{}% 20
\BOOKMARK [2][-]{subsection.7.1}{\376\377\000T\000h\000e\000\040\000a\000b\000s\000t\000r\000a\000c\000t\000\040\000v\000e\000r\000s\000i\000o\000n\000s}{section.7}% 21
\BOOKMARK [2][-]{subsection.7.2}{\376\377\000T\000h\000e\000\040\000s\000p\000e\000c\000i\000f\000i\000c\000\040\000v\000e\000r\000s\000i\000o\000n\000s}{section.7}% 22
\BOOKMARK [2][-]{subsection.7.3}{\376\377\000W\000h\000a\000t\000\040\000t\000h\000i\000s\000\040\000m\000e\000a\000n\000s\000\040\000i\000n\000\040\000p\000r\000a\000c\000t\000i\000c\000e}{section.7}% 23
\BOOKMARK [1][-]{section.8}{\376\377\000T\000h\000e\000\040\000f\000o\000r\000m\000a\000l\000\040\000m\000a\000c\000h\000i\000n\000e\000\040\000s\000t\000a\000t\000e}{}% 24
\BOOKMARK [1][-]{section.9}{\376\377\000T\000h\000e\000\040\000i\000n\000s\000t\000r\000u\000c\000t\000i\000o\000n\000\040\000s\000e\000t\000:\000\040\000a\000l\000l\000\040\0004\0006\000\040\000o\000p\000c\000o\000d\000e\000s}{}% 25
\BOOKMARK [2][-]{subsection.9.1}{\376\377\000G\000r\000o\000u\000p\000\040\0001\000:\000\040\000P\000a\000r\000t\000i\000t\000i\000o\000n\000\040\000o\000p\000e\000r\000a\000t\000i\000o\000n\000s\000\040\000\050\0004\000\040\000o\000p\000c\000o\000d\000e\000s\000\051}{section.9}% 26
\BOOKMARK [2][-]{subsection.9.2}{\376\377\000G\000r\000o\000u\000p\000\040\0002\000:\000\040\000L\000o\000g\000i\000c\000\040\000a\000n\000d\000\040\000c\000e\000r\000t\000i\000f\000i\000c\000a\000t\000i\000o\000n\000\040\000\050\0003\000\040\000o\000p\000c\000o\000d\000e\000s\000\051}{section.9}% 27
\BOOKMARK [2][-]{subsection.9.3}{\376\377\000G\000r\000o\000u\000p\000\040\0003\000:\000\040\000C\000o\000m\000p\000u\000t\000e\000\040\000a\000n\000d\000\040\000d\000a\000t\000a\000\040\000t\000r\000a\000n\000s\000f\000e\000r\000\040\000\050\0001\0004\000\040\000o\000p\000c\000o\000d\000e\000s\000\051}{section.9}% 28
\BOOKMARK [2][-]{subsection.9.4}{\376\377\000G\000r\000o\000u\000p\000\040\0004\000:\000\040\000M\000e\000m\000o\000r\000y\000\040\000a\000n\000d\000\040\000c\000o\000n\000t\000r\000o\000l\000\040\000f\000l\000o\000w\000\040\000\050\0008\000\040\000o\000p\000c\000o\000d\000e\000s\000\051}{section.9}% 29
\BOOKMARK [2][-]{subsection.9.5}{\376\377\000G\000r\000o\000u\000p\000\040\0005\000:\000\040\000I\000/\000O\000,\000\040\000h\000e\000a\000p\000,\000\040\000a\000n\000d\000\040\000t\000e\000n\000s\000o\000r\000\040\000\050\0007\000\040\000o\000p\000c\000o\000d\000e\000s\000\051}{section.9}% 30
\BOOKMARK [2][-]{subsection.9.6}{\376\377\000G\000r\000o\000u\000p\000\040\0006\000:\000\040\000W\000i\000t\000n\000e\000s\000s\000\040\000a\000n\000d\000\040\000c\000e\000r\000t\000i\000f\000i\000c\000a\000t\000i\000o\000n\000\040\000\050\0003\000\040\000o\000p\000c\000o\000d\000e\000s\000\051}{section.9}% 31
\BOOKMARK [2][-]{subsection.9.7}{\376\377\000G\000r\000o\000u\000p\000\040\0007\000:\000\040\000C\000a\000t\000e\000g\000o\000r\000i\000c\000a\000l\000\040\000m\000o\000r\000p\000h\000i\000s\000m\000\040\000o\000p\000e\000r\000a\000t\000i\000o\000n\000s\000\040\000\050\0007\000\040\000o\000p\000c\000o\000d\000e\000s\000\051}{section.9}% 32
\BOOKMARK [2][-]{subsection.9.8}{\376\377\000W\000h\000y\000\040\0004\0006\000\040\000o\000p\000c\000o\000d\000e\000s\000?}{section.9}% 33
\BOOKMARK [1][-]{section.10}{\376\377\000W\000h\000a\000t\000\040\000a\000\040\000c\000a\000t\000e\000g\000o\000r\000i\000c\000a\000l\000\040\000m\000o\000r\000p\000h\000i\000s\000m\000\040\000i\000s\000:\000\040\000t\000h\000e\000\040\000c\000a\000t\000e\000g\000o\000r\000y\000\040\000t\000h\000e\000o\000r\000y\000,\000\040\000f\000r\000o\000m\000\040\000s\000c\000r\000a\000t\000c\000h}{}% 34
\BOOKMARK [2][-]{subsection.10.1}{\376\377\000T\000h\000e\000\040\000i\000d\000e\000a\000\040\000o\000f\000\040\000a\000\040\000c\000a\000t\000e\000g\000o\000r\000y}{section.10}% 35
\BOOKMARK [2][-]{subsection.10.2}{\376\377\000W\000h\000y\000\040\000m\000o\000d\000u\000l\000e\000s\000\040\000a\000s\000\040\000o\000b\000j\000e\000c\000t\000s}{section.10}% 36
\BOOKMARK [2][-]{subsection.10.3}{\376\377\000W\000h\000y\000\040\000t\000h\000i\000s\000\040\000i\000s\000\040\000n\000o\000t\000\040\000j\000u\000s\000t\000\040\000`\000`\000e\000x\000t\000r\000a\000\040\000s\000t\000a\000t\000e\000'\000'}{section.10}% 37
\BOOKMARK [1][-]{section.11}{\376\377\000C\000a\000t\000e\000g\000o\000r\000i\000c\000a\000l\000\040\000s\000e\000p\000a\000r\000a\000t\000i\000o\000n\000:\000\040\000t\000h\000e\000\040\000m\000a\000c\000h\000i\000n\000e\000\040\000i\000s\000\040\000s\000t\000r\000i\000c\000t\000l\000y\000\040\000r\000i\000c\000h\000e\000r}{}% 38
\BOOKMARK [1][-]{section.12}{\376\377\000T\000h\000e\000\040\000k\000n\000o\000w\000l\000e\000d\000g\000e\000\040\000r\000e\000c\000e\000i\000p\000t\000:\000\040\000w\000h\000a\000t\000\040\000m\000a\000k\000e\000s\000\040\000c\000e\000r\000t\000i\000f\000i\000c\000a\000t\000i\000o\000n\000\040\000u\000n\000f\000o\000r\000g\000e\000a\000b\000l\000e}{}% 39
\BOOKMARK [1][-]{section.13}{\376\377\000H\000o\000w\000\040\000t\000h\000e\000\040\000m\000a\000c\000h\000i\000n\000e\000\040\000i\000s\000\040\000b\000u\000i\000l\000t\000:\000\040\000t\000h\000r\000e\000e\000\040\000l\000a\000y\000e\000r\000s}{}% 40
\BOOKMARK [2][-]{subsection.13.1}{\376\377\000L\000a\000y\000e\000r\000\040\0001\000:\000\040\000T\000h\000e\000\040\000C\000o\000q\000\040\000k\000e\000r\000n\000e\000l}{section.13}% 41
\BOOKMARK [2][-]{subsection.13.2}{\376\377\000L\000a\000y\000e\000r\000\040\0002\000:\000\040\000T\000h\000e\000\040\000O\000C\000a\000m\000l\000\040\000e\000x\000t\000r\000a\000c\000t\000e\000d\000\040\000r\000u\000n\000n\000e\000r}{section.13}% 42
\BOOKMARK [2][-]{subsection.13.3}{\376\377\000L\000a\000y\000e\000r\000\040\0003\000:\000\040\000T\000h\000e\000\040\000K\000a\000m\000i\000\040\000R\000T\000L\000\040\000h\000a\000r\000d\000w\000a\000r\000e}{section.13}% 43
\BOOKMARK [1][-]{section.14}{\376\377\000C\000H\000S\000H\000:\000\040\000w\000h\000e\000n\000\040\000c\000o\000r\000r\000e\000l\000a\000t\000i\000o\000n\000s\000\040\000b\000r\000e\000a\000k\000\040\000c\000l\000a\000s\000s\000i\000c\000a\000l\000\040\000e\000x\000p\000l\000a\000n\000a\000t\000i\000o\000n}{}% 44
\BOOKMARK [2][-]{subsection.14.1}{\376\377\000T\000h\000e\000\040\000B\000e\000l\000l\000\040\000t\000e\000s\000t\000\040\000s\000e\000t\000u\000p\000,\000\040\000f\000r\000o\000m\000\040\000s\000c\000r\000a\000t\000c\000h}{section.14}% 45
\BOOKMARK [2][-]{subsection.14.2}{\376\377\000T\000h\000e\000\040\000C\000H\000S\000H\000\040\000i\000n\000e\000q\000u\000a\000l\000i\000t\000y\000:\000\040\000w\000h\000e\000r\000e\000\040\000i\000t\000\040\000c\000o\000m\000e\000s\000\040\000f\000r\000o\000m}{section.14}% 46
\BOOKMARK [2][-]{subsection.14.3}{\376\377\000T\000h\000e\000\040\000q\000u\000a\000n\000t\000u\000m\000\040\000b\000o\000u\000n\000d\000:\000\040\000w\000h\000y\000\040\0002\000\040\000s\000q\000r\000t\000\040\0002\000?}{section.14}% 47
\BOOKMARK [2][-]{subsection.14.4}{\376\377\000W\000h\000a\000t\000\040\000t\000h\000e\000\040\000T\000h\000i\000e\000l\000e\000\040\000M\000a\000c\000h\000i\000n\000e\000\040\000p\000r\000o\000v\000e\000s}{section.14}% 48
\BOOKMARK [2][-]{subsection.14.5}{\376\377\000T\000h\000e\000\040\000R\000E\000V\000E\000A\000L\000\040\000r\000e\000q\000u\000i\000r\000e\000m\000e\000n\000t}{section.14}% 49
\BOOKMARK [1][-]{section.15}{\376\377\000L\000a\000n\000d\000a\000u\000e\000r\000:\000\040\000i\000n\000f\000o\000r\000m\000a\000t\000i\000o\000n\000\040\000e\000r\000a\000s\000u\000r\000e\000\040\000c\000o\000s\000t\000s\000\040\000e\000n\000e\000r\000g\000y}{}% 50
\BOOKMARK [2][-]{subsection.15.1}{\376\377\000W\000h\000e\000r\000e\000\040\000t\000h\000e\000\040\000f\000o\000r\000m\000u\000l\000a\000\040\000c\000o\000m\000e\000s\000\040\000f\000r\000o\000m}{section.15}% 51
\BOOKMARK [2][-]{subsection.15.2}{\376\377\000W\000h\000a\000t\000\040\000t\000h\000e\000\040\000T\000h\000i\000e\000l\000e\000\040\000M\000a\000c\000h\000i\000n\000e\000\040\000p\000r\000o\000v\000e\000s}{section.15}% 52
\BOOKMARK [1][-]{section.16}{\376\377\000E\000i\000n\000s\000t\000e\000i\000n\000\040\000f\000r\000o\000m\000\040\000c\000o\000m\000p\000u\000t\000a\000t\000i\000o\000n\000:\000\040\000w\000h\000a\000t\000\040\000w\000e\000\040\000p\000r\000o\000v\000e\000d\000\040\000a\000n\000d\000\040\000w\000h\000a\000t\000\040\000w\000e\000\040\000d\000i\000d\000\040\000n\000o\000t}{}% 53
\BOOKMARK [2][-]{subsection.16.1}{\376\377\000F\000r\000o\000m\000\040\000p\000a\000r\000t\000i\000t\000i\000o\000n\000\040\000d\000a\000t\000a\000\040\000t\000o\000\040\000a\000\040\000d\000i\000s\000c\000r\000e\000t\000e\000\040\000g\000e\000o\000m\000e\000t\000r\000y}{section.16}% 54
\BOOKMARK [2][-]{subsection.16.2}{\376\377\000W\000h\000a\000t\000\040\000i\000s\000\040\000p\000r\000o\000v\000e\000n}{section.16}% 55
\BOOKMARK [2][-]{subsection.16.3}{\376\377\000W\000h\000a\000t\000\040\000T\000h\000e\000o\000r\000e\000m\000\040\0002\0004\000\040\000a\000c\000t\000u\000a\000l\000l\000y\000\040\000s\000a\000y\000s}{section.16}% 56
\BOOKMARK [1][-]{section.17}{\376\377\000W\000h\000a\000t\000\040\000C\000o\000q\000\040\000i\000s\000,\000\040\000a\000n\000d\000\040\000w\000h\000y\000\040\000I\000\040\000u\000s\000e\000d\000\040\000i\000t}{}% 57
\BOOKMARK [2][-]{subsection.17.1}{\376\377\000T\000h\000e\000\040\000I\000n\000q\000u\000i\000s\000i\000t\000o\000r}{section.17}% 58
\BOOKMARK [1][-]{section.18}{\376\377\000Z\000e\000r\000o\000\040\000A\000d\000m\000i\000t\000t\000e\000d\000:\000\040\000w\000h\000a\000t\000\040\000i\000t\000\040\000a\000c\000t\000u\000a\000l\000l\000y\000\040\000m\000e\000a\000n\000s}{}% 59
\BOOKMARK [1][-]{section.19}{\376\377\000H\000o\000w\000\040\000t\000o\000\040\000b\000r\000e\000a\000k\000\040\000t\000h\000i\000s}{}% 60
\BOOKMARK [1][-]{section.20}{\376\377\000T\000h\000e\000\040\000f\000u\000l\000l\000\040\000c\000l\000a\000i\000m\000\040\000l\000e\000d\000g\000e\000r}{}% 61
\BOOKMARK [1][-]{section.21}{\376\377\000W\000h\000a\000t\000\040\000I\000\040\000d\000o\000n\000'\000t\000\040\000k\000n\000o\000w}{}% 62
\BOOKMARK [1][-]{section.22}{\376\377\000C\000o\000n\000c\000l\000u\000s\000i\000o\000n}{}% 63
