\BOOKMARK [0][-]{chapter.1}{\376\377\000I\000n\000t\000r\000o\000d\000u\000c\000t\000i\000o\000n}{}% 1
\BOOKMARK [1][-]{section.1.1}{\376\377\000E\000p\000i\000s\000t\000e\000m\000o\000l\000o\000g\000i\000c\000a\000l\000\040\000F\000r\000a\000m\000e\000w\000o\000r\000k}{chapter.1}% 2
\BOOKMARK [0][-]{chapter.2}{\376\377\000T\000h\000e\000\040\000S\000t\000a\000t\000e\000\040\000S\000p\000a\000c\000e}{}% 3
\BOOKMARK [1][-]{section.2.1}{\376\377\000P\000r\000i\000m\000i\000t\000i\000v\000e\000s}{chapter.2}% 4
\BOOKMARK [1][-]{section.2.2}{\376\377\000R\000e\000g\000i\000o\000n\000s\000\040\000a\000n\000d\000\040\000M\000o\000d\000u\000l\000e\000s}{chapter.2}% 5
\BOOKMARK [1][-]{section.2.3}{\376\377\000T\000h\000e\000\040\000P\000a\000r\000t\000i\000t\000i\000o\000n\000\040\000G\000r\000a\000p\000h}{chapter.2}% 6
\BOOKMARK [1][-]{section.2.4}{\376\377\000M\000a\000c\000h\000i\000n\000e\000\040\000S\000t\000a\000t\000e}{chapter.2}% 7
\BOOKMARK [0][-]{chapter.3}{\376\377\000I\000n\000s\000t\000r\000u\000c\000t\000i\000o\000n\000\040\000S\000e\000t\000\040\000a\000n\000d\000\040\000C\000o\000s\000t\000\040\000M\000o\000d\000e\000l}{}% 8
\BOOKMARK [1][-]{section.3.1}{\376\377\000I\000n\000s\000t\000r\000u\000c\000t\000i\000o\000n\000\040\000C\000a\000t\000e\000g\000o\000r\000i\000e\000s}{chapter.3}% 9
\BOOKMARK [2][-]{subsection.3.1.1}{\376\377\000S\000t\000r\000u\000c\000t\000u\000r\000a\000l\000\040\000O\000p\000e\000r\000a\000t\000i\000o\000n\000s}{section.3.1}% 10
\BOOKMARK [2][-]{subsection.3.1.2}{\376\377\000L\000o\000g\000i\000c\000a\000l\000\040\000O\000p\000e\000r\000a\000t\000i\000o\000n\000s}{section.3.1}% 11
\BOOKMARK [2][-]{subsection.3.1.3}{\376\377\000C\000o\000m\000p\000u\000t\000a\000t\000i\000o\000n\000a\000l\000\040\000O\000p\000e\000r\000a\000t\000i\000o\000n\000s\000\040\000\050\000R\000e\000v\000e\000r\000s\000i\000b\000l\000e\000\040\000A\000L\000U\000\051}{section.3.1}% 12
\BOOKMARK [2][-]{subsection.3.1.4}{\376\377\000A\000u\000x\000i\000l\000i\000a\000r\000y\000\040\000O\000p\000e\000r\000a\000t\000i\000o\000n\000s}{section.3.1}% 13
\BOOKMARK [1][-]{section.3.2}{\376\377\000C\000o\000s\000t\000\040\000M\000o\000d\000e\000l}{chapter.3}% 14
\BOOKMARK [0][-]{chapter.4}{\376\377\000O\000p\000e\000r\000a\000t\000i\000o\000n\000a\000l\000\040\000S\000e\000m\000a\000n\000t\000i\000c\000s}{}% 15
\BOOKMARK [1][-]{section.4.1}{\376\377\000T\000r\000a\000n\000s\000i\000t\000i\000o\000n\000\040\000F\000u\000n\000c\000t\000i\000o\000n}{chapter.4}% 16
\BOOKMARK [1][-]{section.4.2}{\376\377\000T\000r\000a\000c\000e\000s\000\040\000a\000n\000d\000\040\000E\000x\000e\000c\000u\000t\000i\000o\000n}{chapter.4}% 17
\BOOKMARK [1][-]{section.4.3}{\376\377\000S\000e\000l\000e\000c\000t\000e\000d\000\040\000I\000n\000s\000t\000r\000u\000c\000t\000i\000o\000n\000\040\000S\000e\000m\000a\000n\000t\000i\000c\000s}{chapter.4}% 18
\BOOKMARK [0][-]{chapter.5}{\376\377\000N\000o\000\040\000F\000r\000e\000e\000\040\000I\000n\000s\000i\000g\000h\000t}{}% 19
\BOOKMARK [1][-]{section.5.1}{\376\377\000D\000e\000f\000i\000n\000i\000t\000i\000o\000n\000s}{chapter.5}% 20
\BOOKMARK [1][-]{section.5.2}{\376\377\000T\000h\000e\000\040\000T\000h\000e\000o\000r\000e\000m}{chapter.5}% 21
\BOOKMARK [0][-]{chapter.6}{\376\377\000T\000h\000e\000\040\000-\000C\000h\000a\000i\000t\000i\000n\000\040\000T\000h\000e\000o\000r\000e\000m}{}% 22
\BOOKMARK [0][-]{chapter.7}{\376\377\000C\000o\000s\000t\000\040\000E\000q\000u\000a\000l\000s\000\040\000K\000o\000l\000m\000o\000g\000o\000r\000o\000v\000\040\000C\000o\000m\000p\000l\000e\000x\000i\000t\000y}{}% 23
\BOOKMARK [0][-]{chapter.8}{\376\377\000N\000o\000\040\000F\000r\000e\000e\000\040\000L\000u\000n\000c\000h\000\040\000a\000n\000d\000\040\000N\000o\000\040\000A\000r\000b\000i\000t\000r\000a\000g\000e}{}% 24
\BOOKMARK [1][-]{section.8.1}{\376\377\000N\000o\000\040\000F\000r\000e\000e\000\040\000L\000u\000n\000c\000h\000\040\000\050\000G\000h\000o\000s\000t\000s\000\040\000A\000r\000e\000\040\000I\000m\000p\000o\000s\000s\000i\000b\000l\000e\000\051}{chapter.8}% 25
\BOOKMARK [1][-]{section.8.2}{\376\377\000N\000o\000\040\000A\000r\000b\000i\000t\000r\000a\000g\000e\000\040\000I\000m\000p\000l\000i\000e\000s\000\040\000P\000o\000t\000e\000n\000t\000i\000a\000l\000\040\000F\000u\000n\000c\000t\000i\000o\000n}{chapter.8}% 26
\BOOKMARK [0][-]{chapter.9}{\376\377\000C\000o\000m\000p\000u\000t\000a\000t\000i\000o\000n\000a\000l\000\040\000U\000n\000i\000v\000e\000r\000s\000a\000l\000i\000t\000y\000\040\000a\000n\000d\000\040\000S\000u\000b\000s\000u\000m\000p\000t\000i\000o\000n}{}% 27
\BOOKMARK [1][-]{section.9.1}{\376\377\000T\000u\000r\000i\000n\000g\000\040\000M\000a\000c\000h\000i\000n\000e\000\040\000E\000m\000b\000e\000d\000d\000i\000n\000g}{chapter.9}% 28
\BOOKMARK [1][-]{section.9.2}{\376\377\000S\000t\000r\000i\000c\000t\000\040\000C\000o\000n\000t\000a\000i\000n\000m\000e\000n\000t}{chapter.9}% 29
\BOOKMARK [1][-]{section.9.3}{\376\377\000H\000a\000l\000t\000i\000n\000g\000\040\000U\000n\000d\000e\000c\000i\000d\000a\000b\000i\000l\000i\000t\000y}{chapter.9}% 30
\BOOKMARK [1][-]{section.9.4}{\376\377\000O\000r\000a\000c\000l\000e\000\040\000C\000o\000s\000t\000\040\000L\000o\000w\000e\000r\000\040\000B\000o\000u\000n\000d}{chapter.9}% 31
\BOOKMARK [1][-]{section.9.5}{\376\377\000C\000o\000n\000f\000l\000u\000e\000n\000c\000e}{chapter.9}% 32
\BOOKMARK [1][-]{section.9.6}{\376\377\000T\000e\000n\000s\000o\000r\000i\000a\000l\000i\000t\000y}{chapter.9}% 33
\BOOKMARK [1][-]{section.9.7}{\376\377\000A\000m\000o\000r\000t\000i\000z\000e\000d\000\040\000A\000n\000a\000l\000y\000s\000i\000s}{chapter.9}% 34
\BOOKMARK [0][-]{chapter.10}{\376\377\000-\000C\000o\000n\000s\000e\000r\000v\000a\000t\000i\000o\000n\000\040\000a\000n\000d\000\040\000R\000e\000c\000e\000i\000p\000t\000\040\000I\000n\000t\000e\000g\000r\000i\000t\000y}{}% 35
\BOOKMARK [1][-]{section.10.1}{\376\377\000T\000h\000e\000\040\000C\000o\000n\000s\000e\000r\000v\000a\000t\000i\000o\000n\000\040\000L\000a\000w}{chapter.10}% 36
\BOOKMARK [1][-]{section.10.2}{\376\377\000R\000e\000c\000e\000i\000p\000t\000\040\000I\000n\000t\000e\000g\000r\000i\000t\000y}{chapter.10}% 37
\BOOKMARK [0][-]{chapter.11}{\376\377\000G\000a\000u\000g\000e\000\040\000S\000y\000m\000m\000e\000t\000r\000y\000\040\000a\000n\000d\000\040\000N\000o\000e\000t\000h\000e\000r\000'\000s\000\040\000T\000h\000e\000o\000r\000e\000m}{}% 38
\BOOKMARK [1][-]{section.11.1}{\376\377\000T\000h\000e\000\040\000Z\000-\000A\000c\000t\000i\000o\000n\000\040\000\050\000G\000a\000u\000g\000e\000\040\000G\000r\000o\000u\000p\000\051}{chapter.11}% 39
\BOOKMARK [1][-]{section.11.2}{\376\377\000G\000a\000u\000g\000e\000\040\000I\000n\000v\000a\000r\000i\000a\000n\000c\000e}{chapter.11}% 40
\BOOKMARK [0][-]{chapter.12}{\376\377\000T\000w\000o\000-\000D\000i\000m\000e\000n\000s\000i\000o\000n\000a\000l\000\040\000A\000m\000p\000l\000i\000t\000u\000d\000e\000\040\000S\000p\000a\000c\000e}{}% 41
\BOOKMARK [0][-]{chapter.13}{\376\377\000C\000o\000m\000p\000l\000e\000x\000\040\000A\000m\000p\000l\000i\000t\000u\000d\000e\000s\000\040\000f\000r\000o\000m\000\040\000N\000o\000r\000m\000\040\000P\000r\000e\000s\000e\000r\000v\000a\000t\000i\000o\000n}{}% 42
\BOOKMARK [0][-]{chapter.14}{\376\377\000T\000h\000e\000\040\000B\000o\000r\000n\000\040\000R\000u\000l\000e}{}% 43
\BOOKMARK [0][-]{chapter.15}{\376\377\000U\000n\000i\000t\000a\000r\000i\000t\000y}{}% 44
\BOOKMARK [0][-]{chapter.16}{\376\377\000P\000u\000r\000i\000f\000i\000c\000a\000t\000i\000o\000n}{}% 45
\BOOKMARK [0][-]{chapter.17}{\376\377\000N\000o\000-\000C\000l\000o\000n\000i\000n\000g}{}% 46
\BOOKMARK [0][-]{chapter.18}{\376\377\000O\000b\000s\000e\000r\000v\000a\000t\000i\000o\000n\000\040\000a\000n\000d\000\040\000C\000o\000l\000l\000a\000p\000s\000e}{}% 47
\BOOKMARK [1][-]{section.18.1}{\376\377\000O\000b\000s\000e\000r\000v\000a\000t\000i\000o\000n\000\040\000I\000r\000r\000e\000v\000e\000r\000s\000i\000b\000i\000l\000i\000t\000y}{chapter.18}% 48
\BOOKMARK [1][-]{section.18.2}{\376\377\000C\000o\000l\000l\000a\000p\000s\000e\000\040\000D\000e\000t\000e\000r\000m\000i\000n\000a\000t\000i\000o\000n}{chapter.18}% 49
\BOOKMARK [0][-]{chapter.19}{\376\377\000T\000h\000e\000\040\000T\000s\000i\000r\000e\000l\000s\000o\000n\000\040\000B\000o\000u\000n\000d}{}% 50
\BOOKMARK [0][-]{chapter.20}{\376\377\000T\000h\000e\000\040\000S\000c\000h\000r\000\366\000d\000i\000n\000g\000e\000r\000\040\000E\000q\000u\000a\000t\000i\000o\000n}{}% 51
\BOOKMARK [0][-]{chapter.21}{\376\377\000P\000l\000a\000n\000c\000k\000'\000s\000\040\000C\000o\000n\000s\000t\000a\000n\000t}{}% 52
\BOOKMARK [0][-]{chapter.22}{\376\377\000E\000m\000e\000r\000g\000e\000n\000t\000\040\000S\000p\000a\000c\000e\000t\000i\000m\000e}{}% 53
\BOOKMARK [1][-]{section.22.1}{\376\377\000T\000h\000e\000\040\000-\000M\000e\000t\000r\000i\000c}{chapter.22}% 54
\BOOKMARK [1][-]{section.22.2}{\376\377\000C\000a\000u\000s\000a\000l\000\040\000C\000o\000n\000e\000s}{chapter.22}% 55
\BOOKMARK [1][-]{section.22.3}{\376\377\000N\000o\000-\000S\000i\000g\000n\000a\000l\000i\000n\000g}{chapter.22}% 56
\BOOKMARK [0][-]{chapter.23}{\376\377\000I\000n\000f\000o\000r\000m\000a\000t\000i\000o\000n\000\040\000C\000a\000u\000s\000a\000l\000i\000t\000y}{}% 57
\BOOKMARK [0][-]{chapter.24}{\376\377\000T\000h\000e\000r\000m\000o\000d\000y\000n\000a\000m\000i\000c\000\040\000B\000r\000i\000d\000g\000e}{}% 58
\BOOKMARK [1][-]{section.24.1}{\376\377\000L\000a\000n\000d\000a\000u\000e\000r\000'\000s\000\040\000P\000r\000i\000n\000c\000i\000p\000l\000e}{chapter.24}% 59
\BOOKMARK [1][-]{section.24.2}{\376\377\000D\000i\000s\000s\000i\000p\000a\000t\000i\000v\000e\000\040\000E\000m\000b\000e\000d\000d\000i\000n\000g}{chapter.24}% 60
\BOOKMARK [0][-]{chapter.25}{\376\377\000S\000e\000l\000f\000-\000R\000e\000f\000e\000r\000e\000n\000c\000e\000\040\000a\000n\000d\000\040\000t\000h\000e\000\040\000T\000h\000i\000e\000l\000e\000\040\000M\000a\000n\000i\000f\000o\000l\000d}{}% 61
\BOOKMARK [1][-]{section.25.1}{\376\377\000S\000e\000l\000f\000-\000R\000e\000f\000e\000r\000e\000n\000c\000e\000\040\000E\000s\000c\000a\000l\000a\000t\000i\000o\000n}{chapter.25}% 62
\BOOKMARK [1][-]{section.25.2}{\376\377\000T\000h\000e\000\040\000T\000h\000i\000e\000l\000e\000\040\000M\000a\000n\000i\000f\000o\000l\000d}{chapter.25}% 63
\BOOKMARK [1][-]{section.25.3}{\376\377\000G\000e\000n\000e\000s\000i\000s\000:\000\040\000P\000r\000o\000c\000e\000s\000s\040\023\000M\000a\000c\000h\000i\000n\000e\000\040\000I\000s\000o\000m\000o\000r\000p\000h\000i\000s\000m}{chapter.25}% 64
\BOOKMARK [0][-]{chapter.26}{\376\377\000T\000h\000r\000e\000e\000-\000L\000a\000y\000e\000r\000\040\000I\000s\000o\000m\000o\000r\000p\000h\000i\000s\000m}{}% 65
\BOOKMARK [0][-]{chapter.27}{\376\377\000T\000h\000e\000\040\000C\000u\000r\000r\000y\040\023\000H\000o\000w\000a\000r\000d\040\023\000T\000h\000i\000e\000l\000e\000\040\000C\000o\000r\000r\000e\000s\000p\000o\000n\000d\000e\000n\000c\000e}{}% 66
\BOOKMARK [0][-]{chapter.28}{\376\377\000C\000a\000t\000e\000g\000o\000r\000i\000c\000a\000l\000\040\000S\000t\000r\000u\000c\000t\000u\000r\000e}{}% 67
\BOOKMARK [0][-]{chapter.29}{\376\377\000A\000u\000d\000i\000t\000\040\000I\000n\000f\000r\000a\000s\000t\000r\000u\000c\000t\000u\000r\000e}{}% 68
\BOOKMARK [0][-]{chapter.30}{\376\377\000F\000a\000l\000s\000i\000f\000i\000a\000b\000l\000e\000\040\000P\000r\000e\000d\000i\000c\000t\000i\000o\000n\000s}{}% 69
\BOOKMARK [1][-]{section.30.1}{\376\377\000L\000i\000n\000e\000a\000r\000\040\000S\000c\000a\000l\000i\000n\000g\000\040\000o\000f\000\040\000S\000t\000r\000u\000c\000t\000u\000r\000a\000l\000\040\000C\000o\000s\000t}{chapter.30}% 70
\BOOKMARK [1][-]{section.30.2}{\376\377\000C\000H\000S\000H\000\040\000R\000e\000g\000i\000m\000e\000\040\000S\000e\000p\000a\000r\000a\000t\000i\000o\000n}{chapter.30}% 71
\BOOKMARK [1][-]{section.30.3}{\376\377\000M\000e\000t\000r\000i\000c\000\040\000D\000e\000f\000o\000r\000m\000a\000t\000i\000o\000n}{chapter.30}% 72
\BOOKMARK [1][-]{section.30.4}{\376\377\000A\000r\000c\000h\000i\000t\000e\000c\000t\000u\000r\000a\000l\000\040\000P\000e\000r\000m\000a\000n\000e\000n\000c\000e}{chapter.30}% 73
\BOOKMARK [1][-]{section.30.5}{\376\377\000C\000o\000u\000p\000l\000i\000n\000g\000\040\000C\000o\000n\000s\000t\000a\000n\000t\000\040\000P\000r\000e\000d\000i\000c\000t\000i\000o\000n}{chapter.30}% 74
\BOOKMARK [0][-]{appendix.A}{\376\377\000P\000r\000o\000o\000f\000\040\000F\000i\000l\000e\000\040\000I\000n\000d\000e\000x}{}% 75
\BOOKMARK [0][-]{appendix.B}{\376\377\000E\000p\000i\000s\000t\000e\000m\000o\000l\000o\000g\000i\000c\000a\000l\000\040\000C\000l\000a\000s\000s\000i\000f\000i\000c\000a\000t\000i\000o\000n}{}% 76
