\BOOKMARK [1][-]{section.1}{\376\377\000L\000e\000t\000\040\000m\000e\000\040\000b\000e\000\040\000s\000t\000r\000a\000i\000g\000h\000t\000\040\000w\000i\000t\000h\000\040\000y\000o\000u}{}% 1
\BOOKMARK [1][-]{section.2}{\376\377\000T\000h\000i\000n\000g\000s\000\040\000I\000\040\000h\000a\000d\000\040\000t\000o\000\040\000l\000e\000a\000r\000n\000\040\000f\000i\000r\000s\000t}{}% 2
\BOOKMARK [2][-]{subsection.2.1}{\376\377\000B\000i\000t\000s\000,\000\040\000b\000y\000t\000e\000s\000,\000\040\000a\000n\000d\000\040\000w\000h\000a\000t\000\040\000a\000\040\000C\000P\000U\000\040\000s\000e\000e\000s}{section.2}% 3
\BOOKMARK [2][-]{subsection.2.2}{\376\377\000M\000a\000t\000h\000\040\000n\000o\000t\000a\000t\000i\000o\000n\000\040\000I\000\040\000w\000i\000l\000l\000\040\000u\000s\000e\000\040\000w\000i\000t\000h\000o\000u\000t\000\040\000e\000x\000p\000l\000a\000i\000n\000i\000n\000g\000\040\000i\000t\000\040\000t\000w\000i\000c\000e}{section.2}% 4
\BOOKMARK [2][-]{subsection.2.3}{\376\377\000C\000o\000q\000,\000\040\000i\000n\000\040\000j\000u\000s\000t\000\040\000e\000n\000o\000u\000g\000h\000\040\000d\000e\000t\000a\000i\000l}{section.2}% 5
\BOOKMARK [2][-]{subsection.2.4}{\376\377\000C\000a\000t\000e\000g\000o\000r\000y\000\040\000t\000h\000e\000o\000r\000y\000:\000\040\000t\000h\000e\000\040\000p\000a\000r\000t\000\040\000I\000\040\000n\000e\000e\000d\000e\000d\000\040\000b\000e\000y\000o\000n\000d\000\040\000S\000e\000c\000t\000i\000o\000n\000\040\0001\0001}{section.2}% 6
\BOOKMARK [2][-]{subsection.2.5}{\376\377\000B\000e\000l\000l\000-\000t\000e\000s\000t\000\040\000v\000o\000c\000a\000b\000u\000l\000a\000r\000y\000\040\000y\000o\000u\000\040\000w\000i\000l\000l\000\040\000m\000e\000e\000t\000\040\000i\000n\000\040\000S\000e\000c\000t\000i\000o\000n\000\040\0001\0005}{section.2}% 7
\BOOKMARK [2][-]{subsection.2.6}{\376\377\000H\000a\000r\000d\000w\000a\000r\000e\000\040\000a\000n\000d\000\040\000s\000y\000n\000t\000h\000e\000s\000i\000s\000\040\000v\000o\000c\000a\000b\000u\000l\000a\000r\000y}{section.2}% 8
\BOOKMARK [2][-]{subsection.2.7}{\376\377\000O\000t\000h\000e\000r\000\040\000t\000e\000r\000m\000s\000\040\000I\000\040\000u\000s\000e\000\040\000w\000i\000t\000h\000o\000u\000t\000\040\000r\000e\000b\000u\000i\000l\000d\000i\000n\000g}{section.2}% 9
\BOOKMARK [2][-]{subsection.2.8}{\376\377\000T\000h\000e\000\040\000a\000x\000i\000o\000m\000s\000\040\000\050\000A\0001\000\040\000t\000h\000r\000o\000u\000g\000h\000\040\000A\0006\000\051}{section.2}% 10
\BOOKMARK [1][-]{section.3}{\376\377\000T\000h\000e\000\040\000s\000t\000r\000u\000c\000t\000u\000r\000a\000l\000\040\000a\000x\000i\000s\000:\000\040\000i\000n\000i\000t\000i\000a\000l\000i\000t\000y\000\040\000a\000n\000d\000\040\000t\000h\000e\000\040\000p\000r\000o\000j\000e\000c\000t\000i\000o\000n\000\040\000c\000l\000a\000s\000s\000i\000c\000a\000l\000\040\000m\000o\000d\000e\000l\000s\000\040\000d\000r\000o\000p}{}% 11
\BOOKMARK [2][-]{subsection.3.1}{\376\377\000S\000u\000b\000s\000t\000r\000a\000t\000e\000-\000i\000n\000d\000e\000p\000e\000n\000d\000e\000n\000c\000e\000:\000\040\000t\000h\000e\000\040\000a\000b\000s\000t\000r\000a\000c\000t\000\040\000s\000e\000t\000u\000p}{section.3}% 12
\BOOKMARK [2][-]{subsection.3.2}{\376\377\000T\000h\000e\000\040\000s\000t\000r\000u\000c\000t\000u\000r\000a\000l\000\040\000a\000x\000i\000s\000\040\000i\000s\000\040\000c\000a\000n\000o\000n\000i\000c\000a\000l\000,\000\040\000n\000o\000t\000\040\000o\000r\000t\000h\000o\000g\000o\000n\000a\000l}{section.3}% 13
\BOOKMARK [2][-]{subsection.3.3}{\376\377\000T\000h\000e\000\040\000c\000a\000n\000o\000n\000i\000c\000a\000l\000\040\000i\000n\000s\000t\000a\000n\000c\000e\000:\000\040\000t\000h\000e\000\040\000T\000u\000r\000i\000n\000g\000\040\000m\000a\000c\000h\000i\000n\000e}{section.3}% 14
\BOOKMARK [2][-]{subsection.3.4}{\376\377\000T\000h\000e\000\040\000b\000l\000i\000n\000d\000\040\000s\000p\000o\000t}{section.3}% 15
\BOOKMARK [2][-]{subsection.3.5}{\376\377\000C\000l\000a\000s\000s\000i\000c\000a\000l\000\040\000c\000o\000m\000p\000l\000e\000x\000i\000t\000y\000\040\000i\000g\000n\000o\000r\000e\000s\000\040\000s\000t\000r\000u\000c\000t\000u\000r\000a\000l\000\040\000c\000o\000s\000t}{section.3}% 16
\BOOKMARK [2][-]{subsection.3.6}{\376\377\000T\000h\000e\000\040\000s\000u\000b\000s\000u\000m\000p\000t\000i\000o\000n\000\040\000t\000h\000e\000o\000r\000e\000m\000s\000,\000\040\000i\000n\000\040\000f\000u\000l\000l}{section.3}% 17
\BOOKMARK [1][-]{section.4}{\376\377\000W\000h\000a\000t\000\040\000s\000t\000r\000u\000c\000t\000u\000r\000e\000\040\000i\000s}{}% 18
\BOOKMARK [2][-]{subsection.4.1}{\376\377\000P\000a\000r\000t\000i\000t\000i\000o\000n\000s}{section.4}% 19
\BOOKMARK [2][-]{subsection.4.2}{\376\377\000A\000x\000i\000o\000m\000s\000\040\000o\000n\000\040\000m\000o\000d\000u\000l\000e\000s}{section.4}% 20
\BOOKMARK [2][-]{subsection.4.3}{\376\377\000S\000t\000r\000u\000c\000t\000u\000r\000a\000l\000\040\000g\000a\000i\000n}{section.4}% 21
\BOOKMARK [1][-]{section.5}{\376\377\000S\000t\000r\000u\000c\000t\000u\000r\000a\000l\000\040\000e\000n\000t\000i\000t\000l\000e\000m\000e\000n\000t}{}% 22
\BOOKMARK [2][-]{subsection.5.1}{\376\377\000T\000h\000e\000\040\000p\000r\000e\000c\000i\000s\000e\000\040\000v\000o\000c\000a\000b\000u\000l\000a\000r\000y}{section.5}% 23
\BOOKMARK [2][-]{subsection.5.2}{\376\377\000W\000h\000a\000t\000\040\000n\000a\000r\000r\000o\000w\000i\000n\000g\000\040\000b\000u\000y\000s}{section.5}% 24
\BOOKMARK [2][-]{subsection.5.3}{\376\377\000T\000h\000e\000\040\000b\000o\000u\000n\000d\000a\000r\000y}{section.5}% 25
\BOOKMARK [1][-]{section.6}{\376\377\000W\000h\000a\000t\000\040\000i\000n\000s\000i\000g\000h\000t\000\040\000i\000s\000,\000\040\000a\000n\000d\000\040\000w\000h\000y\000\040\000i\000t\000\040\000c\000a\000n\000n\000o\000t\000\040\000b\000e\000\040\000f\000r\000e\000e}{}% 26
\BOOKMARK [2][-]{subsection.6.1}{\376\377\000T\000h\000e\000\040\000t\000h\000r\000e\000e\000\040\000t\000i\000e\000r\000s\000\040\000o\000f\000\040\000o\000b\000s\000e\000r\000v\000a\000t\000i\000o\000n}{section.6}% 27
\BOOKMARK [2][-]{subsection.6.2}{\376\377\000W\000h\000y\000\040\000i\000n\000s\000i\000g\000h\000t\000\040\000c\000a\000n\000n\000o\000t\000\040\000b\000e\000\040\000f\000r\000e\000e}{section.6}% 28
\BOOKMARK [1][-]{section.7}{\376\377\000T\000h\000e\000\040\000m\000u\000\040\000l\000e\000d\000g\000e\000r}{}% 29
\BOOKMARK [2][-]{subsection.7.1}{\376\377\000W\000h\000a\000t\000\040\000m\000u\000\040\000i\000s}{section.7}% 30
\BOOKMARK [2][-]{subsection.7.2}{\376\377\000W\000h\000y\000\040\000m\000u\000\040\000i\000s\000\040\000t\000h\000e\000\040\000u\000n\000i\000q\000u\000e\000\040\000c\000a\000n\000o\000n\000i\000c\000a\000l\000\040\000c\000o\000s\000t\000\040\000m\000e\000a\000s\000u\000r\000e}{section.7}% 31
\BOOKMARK [2][-]{subsection.7.3}{\376\377\000T\000h\000e\000\040\000L\000A\000S\000S\000E\000R\000T\000\040\000c\000o\000s\000t\000\040\000f\000o\000r\000m\000u\000l\000a}{section.7}% 32
\BOOKMARK [1][-]{section.8}{\376\377\000N\000o\000\040\000F\000r\000e\000e\000\040\000I\000n\000s\000i\000g\000h\000t\000:\000\040\000t\000h\000e\000\040\000f\000i\000r\000s\000t\000\040\000c\000o\000n\000s\000e\000r\000v\000a\000t\000i\000o\000n\000\040\000l\000a\000w}{}% 33
\BOOKMARK [2][-]{subsection.8.1}{\376\377\000T\000h\000e\000\040\000a\000b\000s\000t\000r\000a\000c\000t\000\040\000v\000e\000r\000s\000i\000o\000n\000s}{section.8}% 34
\BOOKMARK [2][-]{subsection.8.2}{\376\377\000T\000h\000e\000\040\000s\000p\000e\000c\000i\000f\000i\000c\000\040\000v\000e\000r\000s\000i\000o\000n\000s}{section.8}% 35
\BOOKMARK [2][-]{subsection.8.3}{\376\377\000W\000h\000a\000t\000\040\000t\000h\000i\000s\000\040\000m\000e\000a\000n\000s\000\040\000i\000n\000\040\000p\000r\000a\000c\000t\000i\000c\000e}{section.8}% 36
\BOOKMARK [1][-]{section.9}{\376\377\000T\000h\000e\000\040\000f\000o\000r\000m\000a\000l\000\040\000m\000a\000c\000h\000i\000n\000e\000\040\000s\000t\000a\000t\000e}{}% 37
\BOOKMARK [1][-]{section.10}{\376\377\000T\000h\000e\000\040\000i\000n\000s\000t\000r\000u\000c\000t\000i\000o\000n\000\040\000s\000e\000t\000:\000\040\000a\000l\000l\000\040\0004\0007\000\040\000o\000p\000c\000o\000d\000e\000s}{}% 38
\BOOKMARK [2][-]{subsection.10.1}{\376\377\000G\000r\000o\000u\000p\000\040\0001\000:\000\040\000P\000a\000r\000t\000i\000t\000i\000o\000n\000\040\000o\000p\000e\000r\000a\000t\000i\000o\000n\000s\000\040\000\050\0004\000\040\000o\000p\000c\000o\000d\000e\000s\000\051}{section.10}% 39
\BOOKMARK [2][-]{subsection.10.2}{\376\377\000G\000r\000o\000u\000p\000\040\0002\000:\000\040\000L\000o\000g\000i\000c\000\040\000a\000n\000d\000\040\000c\000e\000r\000t\000i\000f\000i\000c\000a\000t\000i\000o\000n\000\040\000\050\0003\000\040\000o\000p\000c\000o\000d\000e\000s\000\051}{section.10}% 40
\BOOKMARK [2][-]{subsection.10.3}{\376\377\000G\000r\000o\000u\000p\000\040\0003\000:\000\040\000C\000o\000m\000p\000u\000t\000e\000\040\000a\000n\000d\000\040\000d\000a\000t\000a\000\040\000t\000r\000a\000n\000s\000f\000e\000r\000\040\000\050\0001\0004\000\040\000o\000p\000c\000o\000d\000e\000s\000\051}{section.10}% 41
\BOOKMARK [2][-]{subsection.10.4}{\376\377\000G\000r\000o\000u\000p\000\040\0004\000:\000\040\000M\000e\000m\000o\000r\000y\000\040\000a\000n\000d\000\040\000c\000o\000n\000t\000r\000o\000l\000\040\000f\000l\000o\000w\000\040\000\050\0008\000\040\000o\000p\000c\000o\000d\000e\000s\000\051}{section.10}% 42
\BOOKMARK [2][-]{subsection.10.5}{\376\377\000G\000r\000o\000u\000p\000\040\0005\000:\000\040\000R\000e\000v\000e\000l\000a\000t\000i\000o\000n\000,\000\040\000I\000/\000O\000,\000\040\000h\000e\000a\000p\000,\000\040\000a\000n\000d\000\040\000t\000e\000n\000s\000o\000r\000\040\000\050\0007\000\040\000o\000p\000c\000o\000d\000e\000s\000\051}{section.10}% 43
\BOOKMARK [2][-]{subsection.10.6}{\376\377\000G\000r\000o\000u\000p\000\040\0006\000:\000\040\000W\000i\000t\000n\000e\000s\000s\000\040\000a\000n\000d\000\040\000c\000e\000r\000t\000i\000f\000i\000c\000a\000t\000i\000o\000n\000\040\000\050\0003\000\040\000o\000p\000c\000o\000d\000e\000s\000\051}{section.10}% 44
\BOOKMARK [2][-]{subsection.10.7}{\376\377\000G\000r\000o\000u\000p\000\040\0007\000:\000\040\000C\000a\000t\000e\000g\000o\000r\000i\000c\000a\000l\000\040\000m\000o\000r\000p\000h\000i\000s\000m\000\040\000o\000p\000e\000r\000a\000t\000i\000o\000n\000s\000\040\000\050\0007\000\040\000o\000p\000c\000o\000d\000e\000s\000\051}{section.10}% 45
\BOOKMARK [2][-]{subsection.10.8}{\376\377\000W\000h\000y\000\040\0004\0007\000\040\000o\000p\000c\000o\000d\000e\000s\000?}{section.10}% 46
\BOOKMARK [1][-]{section.11}{\376\377\000W\000h\000a\000t\000\040\000a\000\040\000c\000a\000t\000e\000g\000o\000r\000i\000c\000a\000l\000\040\000m\000o\000r\000p\000h\000i\000s\000m\000\040\000i\000s\000:\000\040\000t\000h\000e\000\040\000c\000a\000t\000e\000g\000o\000r\000y\000\040\000t\000h\000e\000o\000r\000y\000,\000\040\000f\000r\000o\000m\000\040\000s\000c\000r\000a\000t\000c\000h}{}% 47
\BOOKMARK [2][-]{subsection.11.1}{\376\377\000T\000h\000e\000\040\000i\000d\000e\000a\000\040\000o\000f\000\040\000a\000\040\000c\000a\000t\000e\000g\000o\000r\000y}{section.11}% 48
\BOOKMARK [2][-]{subsection.11.2}{\376\377\000W\000h\000y\000\040\000m\000o\000d\000u\000l\000e\000s\000\040\000a\000s\000\040\000o\000b\000j\000e\000c\000t\000s}{section.11}% 49
\BOOKMARK [2][-]{subsection.11.3}{\376\377\000W\000h\000y\000\040\000t\000h\000i\000s\000\040\000i\000s\000\040\000n\000o\000t\000\040\000j\000u\000s\000t\000\040\000`\000`\000e\000x\000t\000r\000a\000\040\000s\000t\000a\000t\000e\000'\000'}{section.11}% 50
\BOOKMARK [1][-]{section.12}{\376\377\000C\000a\000t\000e\000g\000o\000r\000i\000c\000a\000l\000\040\000s\000e\000p\000a\000r\000a\000t\000i\000o\000n\000:\000\040\000t\000h\000e\000\040\000m\000a\000c\000h\000i\000n\000e\000\040\000i\000s\000\040\000s\000t\000r\000i\000c\000t\000l\000y\000\040\000r\000i\000c\000h\000e\000r}{}% 51
\BOOKMARK [1][-]{section.13}{\376\377\000T\000h\000e\000\040\000k\000n\000o\000w\000l\000e\000d\000g\000e\000\040\000r\000e\000c\000e\000i\000p\000t\000:\000\040\000w\000h\000a\000t\000\040\000m\000a\000k\000e\000s\000\040\000c\000e\000r\000t\000i\000f\000i\000c\000a\000t\000i\000o\000n\000\040\000u\000n\000f\000o\000r\000g\000e\000a\000b\000l\000e}{}% 52
\BOOKMARK [1][-]{section.14}{\376\377\000H\000o\000w\000\040\000t\000h\000e\000\040\000m\000a\000c\000h\000i\000n\000e\000\040\000i\000s\000\040\000b\000u\000i\000l\000t\000:\000\040\000t\000h\000r\000e\000e\000\040\000l\000a\000y\000e\000r\000s}{}% 53
\BOOKMARK [2][-]{subsection.14.1}{\376\377\000L\000a\000y\000e\000r\000\040\0001\000:\000\040\000T\000h\000e\000\040\000C\000o\000q\000\040\000k\000e\000r\000n\000e\000l}{section.14}% 54
\BOOKMARK [2][-]{subsection.14.2}{\376\377\000L\000a\000y\000e\000r\000\040\0002\000:\000\040\000T\000h\000e\000\040\000O\000C\000a\000m\000l\000\040\000e\000x\000t\000r\000a\000c\000t\000e\000d\000\040\000r\000u\000n\000n\000e\000r}{section.14}% 55
\BOOKMARK [2][-]{subsection.14.3}{\376\377\000L\000a\000y\000e\000r\000\040\0003\000:\000\040\000T\000h\000e\000\040\000K\000a\000m\000i\000\040\000R\000T\000L\000\040\000h\000a\000r\000d\000w\000a\000r\000e}{section.14}% 56
\BOOKMARK [1][-]{section.15}{\376\377\000B\000i\000n\000a\000r\000y\000\040\000G\000a\000m\000e\000\040\000S\000t\000a\000t\000i\000s\000t\000i\000c\000s\000:\000\040\000w\000h\000e\000r\000e\000\040\000t\000h\000e\000\040\000m\000u\000-\000L\000e\000d\000g\000e\000r\000\040\000M\000e\000e\000t\000s\000\040\000t\000h\000e\000\040\000N\000P\000A\000\040\000B\000o\000u\000n\000d\000a\000r\000y}{}% 57
\BOOKMARK [2][-]{subsection.15.1}{\376\377\000T\000h\000e\000\040\000B\000e\000l\000l\000\040\000t\000e\000s\000t\000\040\000s\000e\000t\000u\000p\000,\000\040\000f\000r\000o\000m\000\040\000s\000c\000r\000a\000t\000c\000h}{section.15}% 58
\BOOKMARK [2][-]{subsection.15.2}{\376\377\000T\000h\000e\000\040\000C\000H\000S\000H\000\040\000i\000n\000e\000q\000u\000a\000l\000i\000t\000y\000:\000\040\000w\000h\000e\000r\000e\000\040\000i\000t\000\040\000c\000o\000m\000e\000s\000\040\000f\000r\000o\000m}{section.15}% 59
\BOOKMARK [2][-]{subsection.15.3}{\376\377\000T\000h\000e\000\040\000q\000u\000a\000n\000t\000u\000m\000\040\000b\000o\000u\000n\000d\000:\000\040\000w\000h\000y\000\040\0002\000\040\000s\000q\000r\000t\000\040\0002\000?}{section.15}% 60
\BOOKMARK [2][-]{subsection.15.4}{\376\377\000W\000h\000a\000t\000\040\000t\000h\000e\000\040\000c\000o\000s\000t\000\040\000a\000l\000g\000e\000b\000r\000a\000\040\000p\000r\000o\000v\000e\000s}{section.15}% 61
\BOOKMARK [2][-]{subsection.15.5}{\376\377\000T\000h\000e\000\040\000b\000i\000t\000-\000c\000o\000m\000m\000i\000t\000m\000e\000n\000t\000\040\000r\000e\000q\000u\000i\000r\000e\000m\000e\000n\000t}{section.15}% 62
\BOOKMARK [2][-]{subsection.15.6}{\376\377\000A\000l\000g\000e\000b\000r\000a\000i\000c\000\040\000c\000h\000a\000r\000a\000c\000t\000e\000r\000i\000z\000a\000t\000i\000o\000n\000\040\000o\000f\000\040\000t\000h\000e\000\040\000m\000u\000-\000l\000e\000d\000g\000e\000r\000\040\000h\000o\000n\000e\000s\000t\000y\000\040\000c\000o\000n\000d\000i\000t\000i\000o\000n}{section.15}% 63
\BOOKMARK [3][-]{subsubsection.15.6.1}{\376\377\000T\000h\000e\000\040\000m\000a\000t\000r\000i\000x\000,\000\040\000w\000r\000i\000t\000t\000e\000n\000\040\000o\000u\000t}{subsection.15.6}% 64
\BOOKMARK [3][-]{subsubsection.15.6.2}{\376\377\000W\000h\000e\000r\000e\000\040\000t\000h\000e\000\040\000t\000h\000r\000e\000e\000\040\000c\000o\000n\000d\000i\000t\000i\000o\000n\000s\000\040\000c\000o\000m\000e\000\040\000f\000r\000o\000m}{subsection.15.6}% 65
\BOOKMARK [1][-]{section.16}{\376\377\000I\000r\000r\000e\000v\000e\000r\000s\000i\000b\000i\000l\000i\000t\000y\000\040\000a\000c\000c\000o\000u\000n\000t\000i\000n\000g\000\040\000a\000n\000d\000\040\000t\000h\000e\000\040\000m\000u\000-\000h\000i\000e\000r\000a\000r\000c\000h\000y}{}% 66
\BOOKMARK [2][-]{subsection.16.1}{\376\377\000T\000h\000e\000\040\000L\000a\000n\000d\000a\000u\000e\000r\000\040\000a\000s\000s\000o\000c\000i\000a\000t\000i\000o\000n\000\040\000i\000s\000\040\000m\000o\000t\000i\000v\000a\000t\000i\000o\000n\000\040\000o\000n\000l\000y}{section.16}% 67
\BOOKMARK [2][-]{subsection.16.2}{\376\377\000T\000h\000e\000\040\000m\000u\000-\000h\000i\000e\000r\000a\000r\000c\000h\000y}{section.16}% 68
\BOOKMARK [1][-]{section.17}{\376\377\000D\000i\000s\000c\000r\000e\000t\000e\000\040\000G\000e\000o\000m\000e\000t\000r\000y\000\040\000o\000v\000e\000r\000\040\000P\000a\000r\000t\000i\000t\000i\000o\000n\000\040\000G\000r\000a\000p\000h\000s}{}% 69
\BOOKMARK [2][-]{subsection.17.1}{\376\377\000D\000i\000s\000c\000r\000e\000t\000e\000\040\000t\000r\000i\000a\000n\000g\000u\000l\000a\000t\000i\000o\000n\000\040\000o\000f\000\040\000t\000h\000e\000\040\000p\000a\000r\000t\000i\000t\000i\000o\000n\000\040\000g\000r\000a\000p\000h}{section.17}% 70
\BOOKMARK [2][-]{subsection.17.2}{\376\377\000T\000h\000e\000\040\000b\000o\000u\000n\000d\000a\000r\000y\000-\000t\000r\000i\000a\000n\000g\000u\000l\000a\000t\000e\000d\000\040\000a\000n\000g\000l\000e\000-\000d\000e\000f\000e\000c\000t\000\040\000i\000d\000e\000n\000t\000i\000t\000y}{section.17}% 71
\BOOKMARK [1][-]{section.18}{\376\377\000T\000h\000e\000\040\000s\000u\000b\000s\000t\000r\000a\000t\000e\000\040\000a\000n\000d\000\040\000i\000t\000s\000\040\000h\000a\000l\000t\000i\000n\000g\000-\000s\000h\000a\000p\000e\000d\000\040\000w\000a\000l\000l}{}% 72
\BOOKMARK [2][-]{subsection.18.1}{\376\377\000T\000h\000e\000\040\000S\000u\000b\000s\000t\000r\000a\000t\000e\000\040\000t\000y\000p\000e\000c\000l\000a\000s\000s}{section.18}% 73
\BOOKMARK [2][-]{subsection.18.2}{\376\377\000T\000h\000e\000\040\000s\000h\000o\000r\000t\000c\000u\000t\000-\000a\000d\000m\000i\000t\000t\000a\000n\000c\000e\000\040\000p\000r\000e\000d\000i\000c\000a\000t\000e}{section.18}% 74
\BOOKMARK [2][-]{subsection.18.3}{\376\377\000T\000h\000e\000\040\000s\000u\000b\000s\000t\000r\000a\000t\000e\000-\000l\000e\000v\000e\000l\000\040\000l\000i\000m\000i\000t\000a\000t\000i\000v\000e\000\040\000t\000h\000e\000o\000r\000e\000m}{section.18}% 75
\BOOKMARK [2][-]{subsection.18.4}{\376\377\000T\000h\000e\000\040\000p\000r\000o\000o\000f\000,\000\040\000i\000n\000\040\000p\000r\000o\000s\000e}{section.18}% 76
\BOOKMARK [2][-]{subsection.18.5}{\376\377\000T\000h\000e\000\040\000t\000w\000o\000-\000a\000x\000i\000s\000\040\000p\000i\000c\000t\000u\000r\000e\000\040\000t\000h\000i\000s\000\040\000c\000o\000m\000p\000l\000e\000t\000e\000s}{section.18}% 77
\BOOKMARK [2][-]{subsection.18.6}{\376\377\000W\000h\000a\000t\000\040\000t\000h\000i\000s\000\040\000c\000l\000o\000s\000e\000s}{section.18}% 78
\BOOKMARK [1][-]{section.19}{\376\377\000W\000h\000a\000t\000\040\000C\000o\000q\000\040\000i\000s\000,\000\040\000a\000n\000d\000\040\000w\000h\000y\000\040\000I\000\040\000u\000s\000e\000d\000\040\000i\000t}{}% 79
\BOOKMARK [2][-]{subsection.19.1}{\376\377\000T\000h\000e\000\040\000I\000n\000q\000u\000i\000s\000i\000t\000o\000r}{section.19}% 80
\BOOKMARK [1][-]{section.20}{\376\377\000Z\000e\000r\000o\000\040\000A\000d\000m\000i\000t\000t\000e\000d\000:\000\040\000w\000h\000a\000t\000\040\000i\000t\000\040\000a\000c\000t\000u\000a\000l\000l\000y\000\040\000m\000e\000a\000n\000s}{}% 81
\BOOKMARK [1][-]{section.21}{\376\377\000H\000o\000w\000\040\000t\000o\000\040\000b\000r\000e\000a\000k\000\040\000t\000h\000i\000s}{}% 82
\BOOKMARK [1][-]{section.22}{\376\377\000T\000h\000e\000\040\000f\000u\000l\000l\000\040\000c\000l\000a\000i\000m\000\040\000l\000e\000d\000g\000e\000r}{}% 83
\BOOKMARK [1][-]{section.23}{\376\377\000W\000h\000a\000t\000\040\000I\000\040\000d\000o\000n\000'\000t\000\040\000k\000n\000o\000w}{}% 84
\BOOKMARK [1][-]{section.24}{\376\377\000C\000o\000n\000c\000l\000u\000s\000i\000o\000n}{}% 85
